<?xml version="1.0" encoding="utf-8"?>
<TestRun id="c5574352-77b1-4b1a-b15c-022d035358db" name="@Mac 2026-08-16 20:31:54" xmlns="http://microsoft.com/schemas/VisualStudio/TeamTest/2010">
  <Times creation="2026-08-16T20:31:54.8494490-06:00" queuing="2026-08-16T20:31:54.8494490-06:00" start="2026-08-16T20:30:58.3480580-06:00" finish="2026-08-16T20:32:25.6375570-06:00" />
  <TestSettings name="default" id="28b89b9f-0166-4cfd-84f6-aaf6f1a8fca1">
    <Deployment runDeploymentRoot="_Mac_2026-08-16_20_31_54" />
  </TestSettings>
  <Results>
    <UnitTestResult executionId="3f0c9475-1f7e-4289-8e1d-d8539f159201" testId="99461efd-e05c-fc82-8c57-616e9ca16c13" testName="CLARIHR.Api.IntegrationTests.ApiIntegrationTests.OrgStructureCatalogs_DeleteUnitType_ShouldRespectUsageAndRemoveWhenFree" computerName="Mac" duration="00:00:09.9644634" startTime="2026-08-16T20:31:54.8218240-06:00" endTime="2026-08-16T20:32:04.7767250-06:00" testType="13cdc9d9-ddb5-4fa4-a97d-d965ccfc6d4b" outcome="Passed" testListId="8c84fa94-04c1-424b-9868-57a2d4851a1d" relativeResultsDirectory="3f0c9475-1f7e-4289-8e1d-d8539f159201" />
    <UnitTestResult executionId="56911cbc-da22-4f34-9ed4-ae676d07c888" testId="ab48c4b9-e1d1-e513-610f-3a7b9cf0e515" testName="CLARIHR.Api.IntegrationTests.ApiIntegrationTests.OrgUnits_Delete_WithStaleConcurrencyToken_ShouldReturn409" computerName="Mac" duration="00:00:10.1352914" startTime="2026-08-16T20:32:04.7778610-06:00" endTime="2026-08-16T20:32:14.9123140-06:00" testType="13cdc9d9-ddb5-4fa4-a97d-d965ccfc6d4b" outcome="Passed" testListId="8c84fa94-04c1-424b-9868-57a2d4851a1d" relativeResultsDirectory="56911cbc-da22-4f34-9ed4-ae676d07c888" />
    <UnitTestResult executionId="541442e0-b015-4b6b-b816-917a15a9fe92" testId="8a745101-b422-38b7-964d-a627eabaf564" testName="CLARIHR.Api.IntegrationTests.ApiIntegrationTests.OrgUnits_Delete_WhenReferenced_ShouldReturn409AndKeepIt" computerName="Mac" duration="00:00:10.5592773" startTime="2026-08-16T20:32:14.9127320-06:00" endTime="2026-08-16T20:32:25.4719120-06:00" testType="13cdc9d9-ddb5-4fa4-a97d-d965ccfc6d4b" outcome="Passed" testListId="8c84fa94-04c1-424b-9868-57a2d4851a1d" relativeResultsDirectory="541442e0-b015-4b6b-b816-917a15a9fe92" />
    <UnitTestResult executionId="ce5c5e28-820d-4654-bc85-dded0317b2fa" testId="0bc82e27-9172-f718-ca81-3f6dd64807d6" testName="CLARIHR.Api.IntegrationTests.ApiIntegrationTests.OrgUnits_Delete_WhenUnreferenced_ShouldRemoveItPermanently" computerName="Mac" duration="00:00:11.3188454" startTime="2026-08-16T20:31:43.5027310-06:00" endTime="2026-08-16T20:31:54.8112580-06:00" testType="13cdc9d9-ddb5-4fa4-a97d-d965ccfc6d4b" outcome="Passed" testListId="8c84fa94-04c1-424b-9868-57a2d4851a1d" relativeResultsDirectory="ce5c5e28-820d-4654-bc85-dded0317b2fa" />
  </Results>
  <TestDefinitions>
    <UnitTest name="CLARIHR.Api.IntegrationTests.ApiIntegrationTests.OrgUnits_Delete_WhenUnreferenced_ShouldRemoveItPermanently" storage="/users/christophercanas/developments/clari new version/clarihr/clarihr-backend/tests/clarihr.api.integrationtests/bin/debug/net10.0/clarihr.api.integrationtests.dll" id="0bc82e27-9172-f718-ca81-3f6dd64807d6">
      <Execution id="ce5c5e28-820d-4654-bc85-dded0317b2fa" />
      <TestMethod codeBase="/Users/christophercanas/Developments/CLARI NEW VERSION/clarihr/CLARIHR-backend/tests/CLARIHR.Api.IntegrationTests/bin/Debug/net10.0/CLARIHR.Api.IntegrationTests.dll" adapterTypeName="executor://xunit/VsTestRunner3/netcore/" className="CLARIHR.Api.IntegrationTests.ApiIntegrationTests" name="OrgUnits_Delete_WhenUnreferenced_ShouldRemoveItPermanently" />
    </UnitTest>
    <UnitTest name="CLARIHR.Api.IntegrationTests.ApiIntegrationTests.OrgUnits_Delete_WithStaleConcurrencyToken_ShouldReturn409" storage="/users/christophercanas/developments/clari new version/clarihr/clarihr-backend/tests/clarihr.api.integrationtests/bin/debug/net10.0/clarihr.api.integrationtests.dll" id="ab48c4b9-e1d1-e513-610f-3a7b9cf0e515">
      <Execution id="56911cbc-da22-4f34-9ed4-ae676d07c888" />
      <TestMethod codeBase="/Users/christophercanas/Developments/CLARI NEW VERSION/clarihr/CLARIHR-backend/tests/CLARIHR.Api.IntegrationTests/bin/Debug/net10.0/CLARIHR.Api.IntegrationTests.dll" adapterTypeName="executor://xunit/VsTestRunner3/netcore/" className="CLARIHR.Api.IntegrationTests.ApiIntegrationTests" name="OrgUnits_Delete_WithStaleConcurrencyToken_ShouldReturn409" />
    </UnitTest>
    <UnitTest name="CLARIHR.Api.IntegrationTests.ApiIntegrationTests.OrgUnits_Delete_WhenReferenced_ShouldReturn409AndKeepIt" storage="/users/christophercanas/developments/clari new version/clarihr/clarihr-backend/tests/clarihr.api.integrationtests/bin/debug/net10.0/clarihr.api.integrationtests.dll" id="8a745101-b422-38b7-964d-a627eabaf564">
      <Execution id="541442e0-b015-4b6b-b816-917a15a9fe92" />
      <TestMethod codeBase="/Users/christophercanas/Developments/CLARI NEW VERSION/clarihr/CLARIHR-backend/tests/CLARIHR.Api.IntegrationTests/bin/Debug/net10.0/CLARIHR.Api.IntegrationTests.dll" adapterTypeName="executor://xunit/VsTestRunner3/netcore/" className="CLARIHR.Api.IntegrationTests.ApiIntegrationTests" name="OrgUnits_Delete_WhenReferenced_ShouldReturn409AndKeepIt" />
    </UnitTest>
    <UnitTest name="CLARIHR.Api.IntegrationTests.ApiIntegrationTests.OrgStructureCatalogs_DeleteUnitType_ShouldRespectUsageAndRemoveWhenFree" storage="/users/christophercanas/developments/clari new version/clarihr/clarihr-backend/tests/clarihr.api.integrationtests/bin/debug/net10.0/clarihr.api.integrationtests.dll" id="99461efd-e05c-fc82-8c57-616e9ca16c13">
      <Execution id="3f0c9475-1f7e-4289-8e1d-d8539f159201" />
      <TestMethod codeBase="/Users/christophercanas/Developments/CLARI NEW VERSION/clarihr/CLARIHR-backend/tests/CLARIHR.Api.IntegrationTests/bin/Debug/net10.0/CLARIHR.Api.IntegrationTests.dll" adapterTypeName="executor://xunit/VsTestRunner3/netcore/" className="CLARIHR.Api.IntegrationTests.ApiIntegrationTests" name="OrgStructureCatalogs_DeleteUnitType_ShouldRespectUsageAndRemoveWhenFree" />
    </UnitTest>
  </TestDefinitions>
  <TestEntries>
    <TestEntry testId="99461efd-e05c-fc82-8c57-616e9ca16c13" executionId="3f0c9475-1f7e-4289-8e1d-d8539f159201" testListId="8c84fa94-04c1-424b-9868-57a2d4851a1d" />
    <TestEntry testId="ab48c4b9-e1d1-e513-610f-3a7b9cf0e515" executionId="56911cbc-da22-4f34-9ed4-ae676d07c888" testListId="8c84fa94-04c1-424b-9868-57a2d4851a1d" />
    <TestEntry testId="8a745101-b422-38b7-964d-a627eabaf564" executionId="541442e0-b015-4b6b-b816-917a15a9fe92" testListId="8c84fa94-04c1-424b-9868-57a2d4851a1d" />
    <TestEntry testId="0bc82e27-9172-f718-ca81-3f6dd64807d6" executionId="ce5c5e28-820d-4654-bc85-dded0317b2fa" testListId="8c84fa94-04c1-424b-9868-57a2d4851a1d" />
  </TestEntries>
  <TestLists>
    <TestList name="Results Not in a List" id="8c84fa94-04c1-424b-9868-57a2d4851a1d" />
    <TestList name="All Loaded Results" id="19431567-8539-422a-85d7-44ee4e166bda" />
  </TestLists>
  <ResultSummary outcome="Completed">
    <Counters total="4" executed="4" passed="4" failed="0" error="0" timeout="0" aborted="0" inconclusive="0" passedButRunAborted="0" notRunnable="0" notExecuted="0" disconnected="0" warning="0" completed="0" inProgress="0" pending="0" />
    <Output>
      <StdOut>[xUnit.net 00:00:00.00] xUnit.net VSTest Adapter v3.1.4+50e68bbb8b (64-bit .NET 10.0.2)
[xUnit.net 00:00:00.14]   Discovering: CLARIHR.Api.IntegrationTests
[xUnit.net 00:00:00.23]   Discovered:  CLARIHR.Api.IntegrationTests
[xUnit.net 00:00:00.24]   Starting:    CLARIHR.Api.IntegrationTests
{"Timestamp":"2026-08-16T20:30:59.6531190-06:00","Level":"Information","MessageTemplate":"Configured JWT authentication for the core API. Issuer {Issuer}, valid audience {Audience}, platform audience {PlatformAudience}, key fingerprint {KeyFingerprint}.","Properties":{"Issuer":"clarihr-integration","Audience":"clarihr-integration","PlatformAudience":"clarihr-platform-integration","KeyFingerprint":"B6C26E67B3BE","SourceContext":"CLARIHR.Api","Environment":"Development","ProcessId":70359}}
{"Timestamp":"2026-08-16T20:31:02.1025960-06:00","Level":"Error","MessageTemplate":"An error occurred using the connection to database '{database}' on server '{server}'.","Properties":{"database":"clarihr_integration_tests_83cf35b48b594a4a84115c2ba592637d","server":"tcp://localhost:5433","EventId":{"Id":20004,"Name":"Microsoft.EntityFrameworkCore.Database.Connection.ConnectionError"},"SourceContext":"Microsoft.EntityFrameworkCore.Database.Connection","Environment":"Development","ProcessId":70359}}
{"Timestamp":"2026-08-16T20:31:31.9236490-06:00","Level":"Information","MessageTemplate":"Application started. Press Ctrl+C to shut down.","Properties":{"SourceContext":"Microsoft.Hosting.Lifetime","Environment":"Development","ProcessId":70359}}
{"Timestamp":"2026-08-16T20:31:31.9242130-06:00","Level":"Information","MessageTemplate":"Hosting environment: {EnvName}","Properties":{"EnvName":"Development","SourceContext":"Microsoft.Hosting.Lifetime","Environment":"Development","ProcessId":70359}}
{"Timestamp":"2026-08-16T20:31:31.9243070-06:00","Level":"Information","MessageTemplate":"Content root path: {ContentRoot}","Properties":{"ContentRoot":"/Users/christophercanas/Developments/CLARI NEW VERSION/clarihr/CLARIHR-backend/src/CLARIHR.Api","SourceContext":"Microsoft.Hosting.Lifetime","Environment":"Development","ProcessId":70359}}
{"Timestamp":"2026-08-16T20:31:31.9342790-06:00","Level":"Debug","MessageTemplate":"File cleanup cycle found no expired pending uploads.","Properties":{"EventId":{"Id":10006},"SourceContext":"CLARIHR.Infrastructure.Files.BackgroundJobs.PendingFileCleanupBackgroundService","Environment":"Development","ProcessId":70359}}
{"Timestamp":"2026-08-16T20:31:31.9870190-06:00","Level":"Error","MessageTemplate":"An error occurred using the connection to database '{database}' on server '{server}'.","Properties":{"database":"clarihr_integration_tests_83cf35b48b594a4a84115c2ba592637d","server":"tcp://localhost:5433","EventId":{"Id":20004,"Name":"Microsoft.EntityFrameworkCore.Database.Connection.ConnectionError"},"SourceContext":"Microsoft.EntityFrameworkCore.Database.Connection","Environment":"Development","ProcessId":70359}}
{"Timestamp":"2026-08-16T20:31:31.9944390-06:00","Level":"Error","MessageTemplate":"An error occurred using the connection to database '{database}' on server '{server}'.","Properties":{"database":"clarihr_integration_tests_83cf35b48b594a4a84115c2ba592637d","server":"tcp://localhost:5433","EventId":{"Id":20004,"Name":"Microsoft.EntityFrameworkCore.Database.Connection.ConnectionError"},"SourceContext":"Microsoft.EntityFrameworkCore.Database.Connection","Environment":"Development","ProcessId":70359}}
{"Timestamp":"2026-08-16T20:31:31.9953000-06:00","Level":"Error","MessageTemplate":"An exception occurred while iterating over the results of a query for context type '{contextType}'.{newline}{error}","Exception":"Npgsql.PostgresException (0x80004005): 3D000: database \"clarihr_integration_tests_83cf35b48b594a4a84115c2ba592637d\" does not exist\n\nDETAIL: Detail redacted as it may contain sensitive data. Specify 'Include Error Detail' in the connection string to include this information.\n   at Npgsql.Internal.NpgsqlConnector.ReadMessageLong(Boolean async, DataRowLoadingMode dataRowLoadingMode, Boolean readingNotifications, Boolean isReadingPrependedMessage)\n   at System.Runtime.CompilerServices.PoolingAsyncValueTaskMethodBuilder`1.StateMachineBox`1.System.Threading.Tasks.Sources.IValueTaskSource&lt;TResult&gt;.GetResult(Int16 token)\n   at Npgsql.Internal.NpgsqlConnector.&lt;Open&gt;g__OpenCore|214_1(NpgsqlConnector conn, SslMode sslMode, NpgsqlTimeout timeout, Boolean async, CancellationToken cancellationToken)\n   at Npgsql.Internal.NpgsqlConnector.Open(NpgsqlTimeout timeout, Boolean async, CancellationToken cancellationToken)\n   at Npgsql.PoolingDataSource.OpenNewConnector(NpgsqlConnection conn, NpgsqlTimeout timeout, Boolean async, CancellationToken cancellationToken)\n   at Npgsql.PoolingDataSource.&lt;Get&gt;g__RentAsync|33_0(NpgsqlConnection conn, NpgsqlTimeout timeout, Boolean async, CancellationToken cancellationToken)\n   at Npgsql.NpgsqlConnection.&lt;Open&gt;g__OpenAsync|42_0(Boolean async, CancellationToken cancellationToken)\n   at Microsoft.EntityFrameworkCore.Storage.RelationalConnection.OpenInternalAsync(Boolean errorsExpected, CancellationToken cancellationToken)\n   at Microsoft.EntityFrameworkCore.Storage.RelationalConnection.OpenInternalAsync(Boolean errorsExpected, CancellationToken cancellationToken)\n   at Microsoft.EntityFrameworkCore.Storage.RelationalConnection.OpenAsync(CancellationToken cancellationToken, Boolean errorsExpected)\n   at Microsoft.EntityFrameworkCore.Storage.RelationalCommand.ExecuteReaderAsync(RelationalCommandParameterObject parameterObject, CancellationToken cancellationToken)\n   at Microsoft.EntityFrameworkCore.Query.Internal.SingleQueryingEnumerable`1.AsyncEnumerator.InitializeReaderAsync(AsyncEnumerator enumerator, CancellationToken cancellationToken)\n   at Npgsql.EntityFrameworkCore.PostgreSQL.Storage.Internal.NpgsqlExecutionStrategy.ExecuteAsync[TState,TResult](TState state, Func`4 operation, Func`4 verifySucceeded, CancellationToken cancellationToken)\n   at Microsoft.EntityFrameworkCore.Query.Internal.SingleQueryingEnumerable`1.AsyncEnumerator.MoveNextAsync()\n  Exception data:\n    Severity: FATAL\n    SqlState: 3D000\n    MessageText: database \"clarihr_integration_tests_83cf35b48b594a4a84115c2ba592637d\" does not exist\n    Detail: Detail redacted as it may contain sensitive data. Specify 'Include Error Detail' in the connection string to include this information.\n    File: postinit.c\n    Line: 1085\n    Routine: InitPostgres","Properties":{"contextType":"CLARIHR.Infrastructure.Persistence.ApplicationDbContext","newline":"\n","error":"Npgsql.PostgresException (0x80004005): 3D000: database \"clarihr_integration_tests_83cf35b48b594a4a84115c2ba592637d\" does not exist\n\nDETAIL: Detail redacted as it may contain sensitive data. Specify 'Include Error Detail' in the connection string to include this information.\n   at Npgsql.Internal.NpgsqlConnector.ReadMessageLong(Boolean async, DataRowLoadingMode dataRowLoadingMode, Boolean readingNotifications, Boolean isReadingPrependedMessage)\n   at System.Runtime.CompilerServices.PoolingAsyncValueTaskMethodBuilder`1.StateMachineBox`1.System.Threading.Tasks.Sources.IValueTaskSource&lt;TResult&gt;.GetResult(Int16 token)\n   at Npgsql.Internal.NpgsqlConnector.&lt;Open&gt;g__OpenCore|214_1(NpgsqlConnector conn, SslMode sslMode, NpgsqlTimeout timeout, Boolean async, CancellationToken cancellationToken)\n   at Npgsql.Internal.NpgsqlConnector.Open(NpgsqlTimeout timeout, Boolean async, CancellationToken cancellationToken)\n   at Npgsql.PoolingDataSource.OpenNewConnector(NpgsqlConnection conn, NpgsqlTimeout timeout, Boolean async, CancellationToken cancellationToken)\n   at Npgsql.PoolingDataSource.&lt;Get&gt;g__RentAsync|33_0(NpgsqlConnection conn, NpgsqlTimeout timeout, Boolean async, CancellationToken cancellationToken)\n   at Npgsql.NpgsqlConnection.&lt;Open&gt;g__OpenAsync|42_0(Boolean async, CancellationToken cancellationToken)\n   at Microsoft.EntityFrameworkCore.Storage.RelationalConnection.OpenInternalAsync(Boolean errorsExpected, CancellationToken cancellationToken)\n   at Microsoft.EntityFrameworkCore.Storage.RelationalConnection.OpenInternalAsync(Boolean errorsExpected, CancellationToken cancellationToken)\n   at Microsoft.EntityFrameworkCore.Storage.RelationalConnection.OpenAsync(CancellationToken cancellationToken, Boolean errorsExpected)\n   at Microsoft.EntityFrameworkCore.Storage.RelationalCommand.ExecuteReaderAsync(RelationalCommandParameterObject parameterObject, CancellationToken cancellationToken)\n   at Microsoft.EntityFrameworkCore.Query.Internal.SingleQueryingEnumerable`1.AsyncEnumerator.InitializeReaderAsync(AsyncEnumerator enumerator, CancellationToken cancellationToken)\n   at Npgsql.EntityFrameworkCore.PostgreSQL.Storage.Internal.NpgsqlExecutionStrategy.ExecuteAsync[TState,TResult](TState state, Func`4 operation, Func`4 verifySucceeded, CancellationToken cancellationToken)\n   at Microsoft.EntityFrameworkCore.Query.Internal.SingleQueryingEnumerable`1.AsyncEnumerator.MoveNextAsync()\n  Exception data:\n    Severity: FATAL\n    SqlState: 3D000\n    MessageText: database \"clarihr_integration_tests_83cf35b48b594a4a84115c2ba592637d\" does not exist\n    Detail: Detail redacted as it may contain sensitive data. Specify 'Include Error Detail' in the connection string to include this information.\n    File: postinit.c\n    Line: 1085\n    Routine: InitPostgres","EventId":{"Id":10100,"Name":"Microsoft.EntityFrameworkCore.Query.QueryIterationFailed"},"SourceContext":"Microsoft.EntityFrameworkCore.Query","Environment":"Development","ProcessId":70359,"HasException":true}}
{"Timestamp":"2026-08-16T20:31:32.0061110-06:00","Level":"Error","MessageTemplate":"Report export worker cycle failed. cycle_duration_ms {cycle_duration_ms} worker_batch_size {worker_batch_size} poll_interval_seconds {poll_interval_seconds} had_work {had_work}","Exception":"Npgsql.PostgresException (0x80004005): 3D000: database \"clarihr_integration_tests_83cf35b48b594a4a84115c2ba592637d\" does not exist\n\nDETAIL: Detail redacted as it may contain sensitive data. Specify 'Include Error Detail' in the connection string to include this information.\n   at Npgsql.Internal.NpgsqlConnector.ReadMessageLong(Boolean async, DataRowLoadingMode dataRowLoadingMode, Boolean readingNotifications, Boolean isReadingPrependedMessage)\n   at System.Runtime.CompilerServices.PoolingAsyncValueTaskMethodBuilder`1.StateMachineBox`1.System.Threading.Tasks.Sources.IValueTaskSource&lt;TResult&gt;.GetResult(Int16 token)\n   at Npgsql.Internal.NpgsqlConnector.&lt;Open&gt;g__OpenCore|214_1(NpgsqlConnector conn, SslMode sslMode, NpgsqlTimeout timeout, Boolean async, CancellationToken cancellationToken)\n   at Npgsql.Internal.NpgsqlConnector.Open(NpgsqlTimeout timeout, Boolean async, CancellationToken cancellationToken)\n   at Npgsql.PoolingDataSource.OpenNewConnector(NpgsqlConnection conn, NpgsqlTimeout timeout, Boolean async, CancellationToken cancellationToken)\n   at Npgsql.PoolingDataSource.&lt;Get&gt;g__RentAsync|33_0(NpgsqlConnection conn, NpgsqlTimeout timeout, Boolean async, CancellationToken cancellationToken)\n   at Npgsql.NpgsqlConnection.&lt;Open&gt;g__OpenAsync|42_0(Boolean async, CancellationToken cancellationToken)\n   at Microsoft.EntityFrameworkCore.Storage.RelationalConnection.OpenInternalAsync(Boolean errorsExpected, CancellationToken cancellationToken)\n   at Microsoft.EntityFrameworkCore.Storage.RelationalConnection.OpenInternalAsync(Boolean errorsExpected, CancellationToken cancellationToken)\n   at Microsoft.EntityFrameworkCore.Storage.RelationalConnection.OpenAsync(CancellationToken cancellationToken, Boolean errorsExpected)\n   at Microsoft.EntityFrameworkCore.Storage.RelationalCommand.ExecuteReaderAsync(RelationalCommandParameterObject parameterObject, CancellationToken cancellationToken)\n   at Microsoft.EntityFrameworkCore.Query.Internal.SingleQueryingEnumerable`1.AsyncEnumerator.InitializeReaderAsync(AsyncEnumerator enumerator, CancellationToken cancellationToken)\n   at Npgsql.EntityFrameworkCore.PostgreSQL.Storage.Internal.NpgsqlExecutionStrategy.ExecuteAsync[TState,TResult](TState state, Func`4 operation, Func`4 verifySucceeded, CancellationToken cancellationToken)\n   at Microsoft.EntityFrameworkCore.Query.Internal.SingleQueryingEnumerable`1.AsyncEnumerator.MoveNextAsync()\n   at Microsoft.EntityFrameworkCore.EntityFrameworkQueryableExtensions.ToListAsync[TSource](IQueryable`1 source, CancellationToken cancellationToken)\n   at Microsoft.EntityFrameworkCore.EntityFrameworkQueryableExtensions.ToListAsync[TSource](IQueryable`1 source, CancellationToken cancellationToken)\n   at Microsoft.EntityFrameworkCore.EntityFrameworkQueryableExtensions.ToArrayAsync[TSource](IQueryable`1 source, CancellationToken cancellationToken)\n   at CLARIHR.Infrastructure.Reports.ReportExportJobRepository.GetClaimableAsync(DateTime utcNow, Int32 maxCount, CancellationToken cancellationToken) in /Users/christophercanas/Developments/CLARI NEW VERSION/clarihr/CLARIHR-backend/src/CLARIHR.Infrastructure/Reports/ReportExportJobRepository.cs:line 67\n   at CLARIHR.Infrastructure.Reports.ReportExportJobProcessor.ProcessDueJobsAsync(CancellationToken cancellationToken) in /Users/christophercanas/Developments/CLARI NEW VERSION/clarihr/CLARIHR-backend/src/CLARIHR.Infrastructure/Reports/ReportExportJobProcessor.cs:line 36\n   at CLARIHR.Infrastructure.Reports.ReportExportJobBackgroundService.ExecuteCycleAsync(CancellationToken cancellationToken) in /Users/christophercanas/Developments/CLARI NEW VERSION/clarihr/CLARIHR-backend/src/CLARIHR.Infrastructure/Reports/ReportExportJobBackgroundService.cs:line 39\n  Exception data:\n    Severity: FATAL\n    SqlState: 3D000\n    MessageText: database \"clarihr_integration_tests_83cf35b48b594a4a84115c2ba592637d\" does not exist\n    Detail: Detail redacted as it may contain sensitive data. Specify 'Include Error Detail' in the connection string to include this information.\n    File: postinit.c\n    Line: 1085\n    Routine: InitPostgres","Properties":{"cycle_duration_ms":174,"worker_batch_size":2,"poll_interval_seconds":15,"had_work":false,"EventId":{"Id":40003,"Name":"report_export_worker_cycle_failed"},"SourceContext":"CLARIHR.Infrastructure.Reports.ReportExportJobBackgroundService","Environment":"Development","ProcessId":70359,"HasException":true}}
{"Timestamp":"2026-08-16T20:31:43.5824960-06:00","Level":"Error","MessageTemplate":"An error occurred using the connection to database '{database}' on server '{server}'.","Properties":{"database":"clarihr_integration_tests_83cf35b48b594a4a84115c2ba592637d","server":"tcp://localhost:5433","EventId":{"Id":20004,"Name":"Microsoft.EntityFrameworkCore.Database.Connection.ConnectionError"},"SourceContext":"Microsoft.EntityFrameworkCore.Database.Connection","Environment":"Development","ProcessId":70359}}
{"Timestamp":"2026-08-16T20:31:46.8599180-06:00","Level":"Error","MessageTemplate":"Failed executing DbCommand ({elapsed}ms) [Parameters=[{parameters}], CommandType='{commandType}', CommandTimeout='{commandTimeout}']{newLine}{commandText}","Properties":{"elapsed":"2","parameters":"@__utcNow_0='?' (DbType = DateTime), @__p_1='?' (DbType = Int32)","commandType":"Text","commandTimeout":30,"newLine":"\n","commandText":"SELECT r.id, r.artifact_blob_name, r.artifact_content_type, r.artifact_file_name, r.artifact_size_bytes, r.attempts, r.completed_utc, r.concurrency_token, r.created_utc, r.expires_utc, r.format, r.last_error_code, r.last_error_message, r.lease_until_utc, r.modified_utc, r.parameters_json, r.public_id, r.queued_utc, r.requested_by_user_id, r.resource_key, r.row_count, r.started_utc, r.status, r.tenant_id, r.worker_id\nFROM report_export_jobs AS r\nWHERE r.status = 'Succeeded' AND r.expires_utc IS NOT NULL AND r.expires_utc &lt;= @__utcNow_0\nORDER BY r.expires_utc\nLIMIT @__p_1","EventId":{"Id":20102,"Name":"Microsoft.EntityFrameworkCore.Database.Command.CommandError"},"SourceContext":"Microsoft.EntityFrameworkCore.Database.Command","Environment":"Development","ProcessId":70359}}
{"Timestamp":"2026-08-16T20:31:46.8700070-06:00","Level":"Error","MessageTemplate":"An exception occurred while iterating over the results of a query for context type '{contextType}'.{newline}{error}","Exception":"Npgsql.PostgresException (0x80004005): 42P01: relation \"report_export_jobs\" does not exist\n\nPOSITION: 426\n   at Npgsql.Internal.NpgsqlConnector.ReadMessageLong(Boolean async, DataRowLoadingMode dataRowLoadingMode, Boolean readingNotifications, Boolean isReadingPrependedMessage)\n   at System.Runtime.CompilerServices.PoolingAsyncValueTaskMethodBuilder`1.StateMachineBox`1.System.Threading.Tasks.Sources.IValueTaskSource&lt;TResult&gt;.GetResult(Int16 token)\n   at Npgsql.NpgsqlDataReader.NextResult(Boolean async, Boolean isConsuming, CancellationToken cancellationToken)\n   at Npgsql.NpgsqlDataReader.NextResult(Boolean async, Boolean isConsuming, CancellationToken cancellationToken)\n   at Npgsql.NpgsqlCommand.ExecuteReader(Boolean async, CommandBehavior behavior, CancellationToken cancellationToken)\n   at Npgsql.NpgsqlCommand.ExecuteReader(Boolean async, CommandBehavior behavior, CancellationToken cancellationToken)\n   at Npgsql.NpgsqlCommand.ExecuteDbDataReaderAsync(CommandBehavior behavior, CancellationToken cancellationToken)\n   at Microsoft.EntityFrameworkCore.Storage.RelationalCommand.ExecuteReaderAsync(RelationalCommandParameterObject parameterObject, CancellationToken cancellationToken)\n   at Microsoft.EntityFrameworkCore.Storage.RelationalCommand.ExecuteReaderAsync(RelationalCommandParameterObject parameterObject, CancellationToken cancellationToken)\n   at Microsoft.EntityFrameworkCore.Query.Internal.SingleQueryingEnumerable`1.AsyncEnumerator.InitializeReaderAsync(AsyncEnumerator enumerator, CancellationToken cancellationToken)\n   at Npgsql.EntityFrameworkCore.PostgreSQL.Storage.Internal.NpgsqlExecutionStrategy.ExecuteAsync[TState,TResult](TState state, Func`4 operation, Func`4 verifySucceeded, CancellationToken cancellationToken)\n   at Microsoft.EntityFrameworkCore.Query.Internal.SingleQueryingEnumerable`1.AsyncEnumerator.MoveNextAsync()\n  Exception data:\n    Severity: ERROR\n    SqlState: 42P01\n    MessageText: relation \"report_export_jobs\" does not exist\n    Position: 426\n    File: parse_relation.c\n    Line: 1449\n    Routine: parserOpenTable","Properties":{"contextType":"CLARIHR.Infrastructure.Persistence.ApplicationDbContext","newline":"\n","error":"Npgsql.PostgresException (0x80004005): 42P01: relation \"report_export_jobs\" does not exist\n\nPOSITION: 426\n   at Npgsql.Internal.NpgsqlConnector.ReadMessageLong(Boolean async, DataRowLoadingMode dataRowLoadingMode, Boolean readingNotifications, Boolean isReadingPrependedMessage)\n   at System.Runtime.CompilerServices.PoolingAsyncValueTaskMethodBuilder`1.StateMachineBox`1.System.Threading.Tasks.Sources.IValueTaskSource&lt;TResult&gt;.GetResult(Int16 token)\n   at Npgsql.NpgsqlDataReader.NextResult(Boolean async, Boolean isConsuming, CancellationToken cancellationToken)\n   at Npgsql.NpgsqlDataReader.NextResult(Boolean async, Boolean isConsuming, CancellationToken cancellationToken)\n   at Npgsql.NpgsqlCommand.ExecuteReader(Boolean async, CommandBehavior behavior, CancellationToken cancellationToken)\n   at Npgsql.NpgsqlCommand.ExecuteReader(Boolean async, CommandBehavior behavior, CancellationToken cancellationToken)\n   at Npgsql.NpgsqlCommand.ExecuteDbDataReaderAsync(CommandBehavior behavior, CancellationToken cancellationToken)\n   at Microsoft.EntityFrameworkCore.Storage.RelationalCommand.ExecuteReaderAsync(RelationalCommandParameterObject parameterObject, CancellationToken cancellationToken)\n   at Microsoft.EntityFrameworkCore.Storage.RelationalCommand.ExecuteReaderAsync(RelationalCommandParameterObject parameterObject, CancellationToken cancellationToken)\n   at Microsoft.EntityFrameworkCore.Query.Internal.SingleQueryingEnumerable`1.AsyncEnumerator.InitializeReaderAsync(AsyncEnumerator enumerator, CancellationToken cancellationToken)\n   at Npgsql.EntityFrameworkCore.PostgreSQL.Storage.Internal.NpgsqlExecutionStrategy.ExecuteAsync[TState,TResult](TState state, Func`4 operation, Func`4 verifySucceeded, CancellationToken cancellationToken)\n   at Microsoft.EntityFrameworkCore.Query.Internal.SingleQueryingEnumerable`1.AsyncEnumerator.MoveNextAsync()\n  Exception data:\n    Severity: ERROR\n    SqlState: 42P01\n    MessageText: relation \"report_export_jobs\" does not exist\n    Position: 426\n    File: parse_relation.c\n    Line: 1449\n    Routine: parserOpenTable","EventId":{"Id":10100,"Name":"Microsoft.EntityFrameworkCore.Query.QueryIterationFailed"},"SourceContext":"Microsoft.EntityFrameworkCore.Query","Environment":"Development","ProcessId":70359,"HasException":true}}
{"Timestamp":"2026-08-16T20:31:46.8719250-06:00","Level":"Error","MessageTemplate":"Report export worker cycle failed. cycle_duration_ms {cycle_duration_ms} worker_batch_size {worker_batch_size} poll_interval_seconds {poll_interval_seconds} had_work {had_work}","Exception":"Npgsql.PostgresException (0x80004005): 42P01: relation \"report_export_jobs\" does not exist\n\nPOSITION: 426\n   at Npgsql.Internal.NpgsqlConnector.ReadMessageLong(Boolean async, DataRowLoadingMode dataRowLoadingMode, Boolean readingNotifications, Boolean isReadingPrependedMessage)\n   at System.Runtime.CompilerServices.PoolingAsyncValueTaskMethodBuilder`1.StateMachineBox`1.System.Threading.Tasks.Sources.IValueTaskSource&lt;TResult&gt;.GetResult(Int16 token)\n   at Npgsql.NpgsqlDataReader.NextResult(Boolean async, Boolean isConsuming, CancellationToken cancellationToken)\n   at Npgsql.NpgsqlDataReader.NextResult(Boolean async, Boolean isConsuming, CancellationToken cancellationToken)\n   at Npgsql.NpgsqlCommand.ExecuteReader(Boolean async, CommandBehavior behavior, CancellationToken cancellationToken)\n   at Npgsql.NpgsqlCommand.ExecuteReader(Boolean async, CommandBehavior behavior, CancellationToken cancellationToken)\n   at Npgsql.NpgsqlCommand.ExecuteDbDataReaderAsync(CommandBehavior behavior, CancellationToken cancellationToken)\n   at Microsoft.EntityFrameworkCore.Storage.RelationalCommand.ExecuteReaderAsync(RelationalCommandParameterObject parameterObject, CancellationToken cancellationToken)\n   at Microsoft.EntityFrameworkCore.Storage.RelationalCommand.ExecuteReaderAsync(RelationalCommandParameterObject parameterObject, CancellationToken cancellationToken)\n   at Microsoft.EntityFrameworkCore.Query.Internal.SingleQueryingEnumerable`1.AsyncEnumerator.InitializeReaderAsync(AsyncEnumerator enumerator, CancellationToken cancellationToken)\n   at Npgsql.EntityFrameworkCore.PostgreSQL.Storage.Internal.NpgsqlExecutionStrategy.ExecuteAsync[TState,TResult](TState state, Func`4 operation, Func`4 verifySucceeded, CancellationToken cancellationToken)\n   at Microsoft.EntityFrameworkCore.Query.Internal.SingleQueryingEnumerable`1.AsyncEnumerator.MoveNextAsync()\n   at Microsoft.EntityFrameworkCore.EntityFrameworkQueryableExtensions.ToListAsync[TSource](IQueryable`1 source, CancellationToken cancellationToken)\n   at Microsoft.EntityFrameworkCore.EntityFrameworkQueryableExtensions.ToListAsync[TSource](IQueryable`1 source, CancellationToken cancellationToken)\n   at Microsoft.EntityFrameworkCore.EntityFrameworkQueryableExtensions.ToArrayAsync[TSource](IQueryable`1 source, CancellationToken cancellationToken)\n   at CLARIHR.Infrastructure.Reports.ReportExportJobRepository.GetExpiredSucceededAsync(DateTime utcNow, Int32 maxCount, CancellationToken cancellationToken) in /Users/christophercanas/Developments/CLARI NEW VERSION/clarihr/CLARIHR-backend/src/CLARIHR.Infrastructure/Reports/ReportExportJobRepository.cs:line 83\n   at CLARIHR.Infrastructure.Reports.ReportExportJobProcessor.ExpireArtifactsAsync(CancellationToken cancellationToken) in /Users/christophercanas/Developments/CLARI NEW VERSION/clarihr/CLARIHR-backend/src/CLARIHR.Infrastructure/Reports/ReportExportJobProcessor.cs:line 361\n   at CLARIHR.Infrastructure.Reports.ReportExportJobProcessor.ProcessDueJobsAsync(CancellationToken cancellationToken) in /Users/christophercanas/Developments/CLARI NEW VERSION/clarihr/CLARIHR-backend/src/CLARIHR.Infrastructure/Reports/ReportExportJobProcessor.cs:line 33\n   at CLARIHR.Infrastructure.Reports.ReportExportJobBackgroundService.ExecuteCycleAsync(CancellationToken cancellationToken) in /Users/christophercanas/Developments/CLARI NEW VERSION/clarihr/CLARIHR-backend/src/CLARIHR.Infrastructure/Reports/ReportExportJobBackgroundService.cs:line 39\n  Exception data:\n    Severity: ERROR\n    SqlState: 42P01\n    MessageText: relation \"report_export_jobs\" does not exist\n    Position: 426\n    File: parse_relation.c\n    Line: 1449\n    Routine: parserOpenTable","Properties":{"cycle_duration_ms":40,"worker_batch_size":2,"poll_interval_seconds":15,"had_work":false,"EventId":{"Id":40003,"Name":"report_export_worker_cycle_failed"},"SourceContext":"CLARIHR.Infrastructure.Reports.ReportExportJobBackgroundService","Environment":"Development","ProcessId":70359,"HasException":true}}
{"Timestamp":"2026-08-16T20:31:54.0534380-06:00","Level":"Information","MessageTemplate":"Request starting {Protocol} {Method} {Scheme}://{Host}{PathBase}{Path}{QueryString} - {ContentType} {ContentLength}","TraceId":"5908a2010d2dd0224f57ab186f74548b","SpanId":"408898de6cf78b3c","Properties":{"Protocol":"HTTP/1.1","Method":"GET","ContentType":null,"ContentLength":null,"Scheme":"http","Host":"localhost","PathBase":"","Path":"/api/v1/companies/47b229b8-b5aa-4d29-be9c-575672f985f5/organization-structure-catalogs/unit-types","QueryString":"?page=1&amp;pageSize=100&amp;q=Gerencia","EventId":{"Id":1},"SourceContext":"Microsoft.AspNetCore.Hosting.Diagnostics","SpanId":"408898de6cf78b3c","TraceId":"5908a2010d2dd0224f57ab186f74548b","ParentId":"0000000000000000","RequestId":"0HNNS0UPOPVPB","RequestPath":"/api/v1/companies/47b229b8-b5aa-4d29-be9c-575672f985f5/organization-structure-catalogs/unit-types","Environment":"Development","ProcessId":70359}}
{"Timestamp":"2026-08-16T20:31:54.1627890-06:00","Level":"Debug","MessageTemplate":"AuthenticationScheme: {AuthenticationScheme} was successfully authenticated.","TraceId":"5908a2010d2dd0224f57ab186f74548b","SpanId":"408898de6cf78b3c","Properties":{"AuthenticationScheme":"IntegrationTest","EventId":{"Id":8,"Name":"AuthenticationSchemeAuthenticated"},"SourceContext":"CLARIHR.Api.IntegrationTests.TestAuthenticationHandler","SpanId":"408898de6cf78b3c","TraceId":"5908a2010d2dd0224f57ab186f74548b","ParentId":"0000000000000000","RequestId":"0HNNS0UPOPVPB","RequestPath":"/api/v1/companies/47b229b8-b5aa-4d29-be9c-575672f985f5/organization-structure-catalogs/unit-types","Environment":"Development","ProcessId":70359}}
{"Timestamp":"2026-08-16T20:31:54.3368420-06:00","Level":"Information","MessageTemplate":"HTTP {Method} {Path} -&gt; {StatusCode} in {ElapsedMs}ms | Tenant: {TenantId} | User: {UserId}","TraceId":"5908a2010d2dd0224f57ab186f74548b","SpanId":"408898de6cf78b3c","Properties":{"Method":"GET","Path":"/api/v1/companies/47b229b8-b5aa-4d29-be9c-575672f985f5/organization-structure-catalogs/unit-types","StatusCode":200,"ElapsedMs":182,"TenantId":"47b229b8-b5aa-4d29-be9c-575672f985f5","UserId":"11111111-1111-1111-1111-111111111111","SourceContext":"CLARIHR.Api.Middleware.RequestLoggingMiddleware","SpanId":"408898de6cf78b3c","TraceId":"5908a2010d2dd0224f57ab186f74548b","ParentId":"0000000000000000","RequestId":"0HNNS0UPOPVPB","RequestPath":"/api/v1/companies/47b229b8-b5aa-4d29-be9c-575672f985f5/organization-structure-catalogs/unit-types","RemoteIp":"unknown","Environment":"Development","ProcessId":70359}}
{"Timestamp":"2026-08-16T20:31:54.3389220-06:00","Level":"Information","MessageTemplate":"Request finished {Protocol} {Method} {Scheme}://{Host}{PathBase}{Path}{QueryString} - {StatusCode} {ContentLength} {ContentType} {ElapsedMilliseconds}ms","TraceId":"5908a2010d2dd0224f57ab186f74548b","SpanId":"408898de6cf78b3c","Properties":{"ElapsedMilliseconds":286.389,"StatusCode":200,"ContentType":"application/json; charset=utf-8","ContentLength":null,"Protocol":"HTTP/1.1","Method":"GET","Scheme":"http","Host":"localhost","PathBase":"","Path":"/api/v1/companies/47b229b8-b5aa-4d29-be9c-575672f985f5/organization-structure-catalogs/unit-types","QueryString":"?page=1&amp;pageSize=100&amp;q=Gerencia","EventId":{"Id":2},"SourceContext":"Microsoft.AspNetCore.Hosting.Diagnostics","SpanId":"408898de6cf78b3c","TraceId":"5908a2010d2dd0224f57ab186f74548b","ParentId":"0000000000000000","RequestId":"0HNNS0UPOPVPB","RequestPath":"/api/v1/companies/47b229b8-b5aa-4d29-be9c-575672f985f5/organization-structure-catalogs/unit-types","Environment":"Development","ProcessId":70359}}
{"Timestamp":"2026-08-16T20:31:54.3491530-06:00","Level":"Information","MessageTemplate":"Request starting {Protocol} {Method} {Scheme}://{Host}{PathBase}{Path}{QueryString} - {ContentType} {ContentLength}","TraceId":"3f4dd43c63787332277979cda1d69ad9","SpanId":"77e66d57b9b05628","Properties":{"Protocol":"HTTP/1.1","Method":"POST","ContentType":"application/json; charset=utf-8","ContentLength":71,"Scheme":"http","Host":"localhost","PathBase":"","Path":"/api/v1/companies/47b229b8-b5aa-4d29-be9c-575672f985f5/organization-structure-catalogs/unit-types","QueryString":"","EventId":{"Id":1},"SourceContext":"Microsoft.AspNetCore.Hosting.Diagnostics","SpanId":"77e66d57b9b05628","TraceId":"3f4dd43c63787332277979cda1d69ad9","ParentId":"0000000000000000","RequestId":"0HNNS0UPOPVPC","RequestPath":"/api/v1/companies/47b229b8-b5aa-4d29-be9c-575672f985f5/organization-structure-catalogs/unit-types","Environment":"Development","ProcessId":70359}}
{"Timestamp":"2026-08-16T20:31:54.4104540-06:00","Level":"Debug","MessageTemplate":"AuthenticationScheme: {AuthenticationScheme} was successfully authenticated.","TraceId":"3f4dd43c63787332277979cda1d69ad9","SpanId":"77e66d57b9b05628","Properties":{"AuthenticationScheme":"IntegrationTest","EventId":{"Id":8,"Name":"AuthenticationSchemeAuthenticated"},"SourceContext":"CLARIHR.Api.IntegrationTests.TestAuthenticationHandler","SpanId":"77e66d57b9b05628","TraceId":"3f4dd43c63787332277979cda1d69ad9","ParentId":"0000000000000000","RequestId":"0HNNS0UPOPVPC","RequestPath":"/api/v1/companies/47b229b8-b5aa-4d29-be9c-575672f985f5/organization-structure-catalogs/unit-types","Environment":"Development","ProcessId":70359}}
{"Timestamp":"2026-08-16T20:31:54.5265790-06:00","Level":"Information","MessageTemplate":"HTTP {Method} {Path} -&gt; {StatusCode} in {ElapsedMs}ms | Tenant: {TenantId} | User: {UserId}","TraceId":"3f4dd43c63787332277979cda1d69ad9","SpanId":"77e66d57b9b05628","Properties":{"Method":"POST","Path":"/api/v1/companies/47b229b8-b5aa-4d29-be9c-575672f985f5/organization-structure-catalogs/unit-types","StatusCode":201,"ElapsedMs":116,"TenantId":"47b229b8-b5aa-4d29-be9c-575672f985f5","UserId":"11111111-1111-1111-1111-111111111111","SourceContext":"CLARIHR.Api.Middleware.RequestLoggingMiddleware","SpanId":"77e66d57b9b05628","TraceId":"3f4dd43c63787332277979cda1d69ad9","ParentId":"0000000000000000","RequestId":"0HNNS0UPOPVPC","RequestPath":"/api/v1/companies/47b229b8-b5aa-4d29-be9c-575672f985f5/organization-structure-catalogs/unit-types","RemoteIp":"unknown","Environment":"Development","ProcessId":70359}}
{"Timestamp":"2026-08-16T20:31:54.5270200-06:00","Level":"Information","MessageTemplate":"Request finished {Protocol} {Method} {Scheme}://{Host}{PathBase}{Path}{QueryString} - {StatusCode} {ContentLength} {ContentType} {ElapsedMilliseconds}ms","TraceId":"3f4dd43c63787332277979cda1d69ad9","SpanId":"77e66d57b9b05628","Properties":{"ElapsedMilliseconds":177.9659,"StatusCode":201,"ContentType":"application/json; charset=utf-8","ContentLength":null,"Protocol":"HTTP/1.1","Method":"POST","Scheme":"http","Host":"localhost","PathBase":"","Path":"/api/v1/companies/47b229b8-b5aa-4d29-be9c-575672f985f5/organization-structure-catalogs/unit-types","QueryString":"","EventId":{"Id":2},"SourceContext":"Microsoft.AspNetCore.Hosting.Diagnostics","SpanId":"77e66d57b9b05628","TraceId":"3f4dd43c63787332277979cda1d69ad9","ParentId":"0000000000000000","RequestId":"0HNNS0UPOPVPC","RequestPath":"/api/v1/companies/47b229b8-b5aa-4d29-be9c-575672f985f5/organization-structure-catalogs/unit-types","Environment":"Development","ProcessId":70359}}
{"Timestamp":"2026-08-16T20:31:54.5328920-06:00","Level":"Information","MessageTemplate":"Request starting {Protocol} {Method} {Scheme}://{Host}{PathBase}{Path}{QueryString} - {ContentType} {ContentLength}","TraceId":"c695f4ce5611756cbb8b29ea58325988","SpanId":"3c5ff79b6a12a499","Properties":{"Protocol":"HTTP/1.1","Method":"POST","ContentType":"application/json; charset=utf-8","ContentLength":246,"Scheme":"http","Host":"localhost","PathBase":"","Path":"/api/v1/companies/47b229b8-b5aa-4d29-be9c-575672f985f5/organization-units","QueryString":"","EventId":{"Id":1},"SourceContext":"Microsoft.AspNetCore.Hosting.Diagnostics","SpanId":"3c5ff79b6a12a499","TraceId":"c695f4ce5611756cbb8b29ea58325988","ParentId":"0000000000000000","RequestId":"0HNNS0UPOPVPD","RequestPath":"/api/v1/companies/47b229b8-b5aa-4d29-be9c-575672f985f5/organization-units","Environment":"Development","ProcessId":70359}}
{"Timestamp":"2026-08-16T20:31:54.5350680-06:00","Level":"Debug","MessageTemplate":"AuthenticationScheme: {AuthenticationScheme} was successfully authenticated.","TraceId":"c695f4ce5611756cbb8b29ea58325988","SpanId":"3c5ff79b6a12a499","Properties":{"AuthenticationScheme":"IntegrationTest","EventId":{"Id":8,"Name":"AuthenticationSchemeAuthenticated"},"SourceContext":"CLARIHR.Api.IntegrationTests.TestAuthenticationHandler","SpanId":"3c5ff79b6a12a499","TraceId":"c695f4ce5611756cbb8b29ea58325988","ParentId":"0000000000000000","RequestId":"0HNNS0UPOPVPD","RequestPath":"/api/v1/companies/47b229b8-b5aa-4d29-be9c-575672f985f5/organization-units","Environment":"Development","ProcessId":70359}}
{"Timestamp":"2026-08-16T20:31:54.6778350-06:00","Level":"Information","MessageTemplate":"HTTP {Method} {Path} -&gt; {StatusCode} in {ElapsedMs}ms | Tenant: {TenantId} | User: {UserId}","TraceId":"c695f4ce5611756cbb8b29ea58325988","SpanId":"3c5ff79b6a12a499","Properties":{"Method":"POST","Path":"/api/v1/companies/47b229b8-b5aa-4d29-be9c-575672f985f5/organization-units","StatusCode":201,"ElapsedMs":144,"TenantId":"47b229b8-b5aa-4d29-be9c-575672f985f5","UserId":"11111111-1111-1111-1111-111111111111","SourceContext":"CLARIHR.Api.Middleware.RequestLoggingMiddleware","SpanId":"3c5ff79b6a12a499","TraceId":"c695f4ce5611756cbb8b29ea58325988","ParentId":"0000000000000000","RequestId":"0HNNS0UPOPVPD","RequestPath":"/api/v1/companies/47b229b8-b5aa-4d29-be9c-575672f985f5/organization-units","RemoteIp":"unknown","Environment":"Development","ProcessId":70359}}
{"Timestamp":"2026-08-16T20:31:54.6781630-06:00","Level":"Information","MessageTemplate":"Request finished {Protocol} {Method} {Scheme}://{Host}{PathBase}{Path}{QueryString} - {StatusCode} {ContentLength} {ContentType} {ElapsedMilliseconds}ms","TraceId":"c695f4ce5611756cbb8b29ea58325988","SpanId":"3c5ff79b6a12a499","Properties":{"ElapsedMilliseconds":145.2903,"StatusCode":201,"ContentType":"application/json; charset=utf-8","ContentLength":null,"Protocol":"HTTP/1.1","Method":"POST","Scheme":"http","Host":"localhost","PathBase":"","Path":"/api/v1/companies/47b229b8-b5aa-4d29-be9c-575672f985f5/organization-units","QueryString":"","EventId":{"Id":2},"SourceContext":"Microsoft.AspNetCore.Hosting.Diagnostics","SpanId":"3c5ff79b6a12a499","TraceId":"c695f4ce5611756cbb8b29ea58325988","ParentId":"0000000000000000","RequestId":"0HNNS0UPOPVPD","RequestPath":"/api/v1/companies/47b229b8-b5aa-4d29-be9c-575672f985f5/organization-units","Environment":"Development","ProcessId":70359}}
{"Timestamp":"2026-08-16T20:31:54.6811750-06:00","Level":"Information","MessageTemplate":"Request starting {Protocol} {Method} {Scheme}://{Host}{PathBase}{Path}{QueryString} - {ContentType} {ContentLength}","TraceId":"33e3dc6165c8716b6409a9fcb85ccdbe","SpanId":"8452dc14795a77a9","Properties":{"Protocol":"HTTP/1.1","Method":"DELETE","ContentType":null,"ContentLength":null,"Scheme":"http","Host":"localhost","PathBase":"","Path":"/api/v1/organization-units/877e906d-a2f1-4384-b513-952c9bf0e6af","QueryString":"","EventId":{"Id":1},"SourceContext":"Microsoft.AspNetCore.Hosting.Diagnostics","SpanId":"8452dc14795a77a9","TraceId":"33e3dc6165c8716b6409a9fcb85ccdbe","ParentId":"0000000000000000","RequestId":"0HNNS0UPOPVPE","RequestPath":"/api/v1/organization-units/877e906d-a2f1-4384-b513-952c9bf0e6af","Environment":"Development","ProcessId":70359}}
{"Timestamp":"2026-08-16T20:31:54.6818650-06:00","Level":"Debug","MessageTemplate":"AuthenticationScheme: {AuthenticationScheme} was successfully authenticated.","TraceId":"33e3dc6165c8716b6409a9fcb85ccdbe","SpanId":"8452dc14795a77a9","Properties":{"AuthenticationScheme":"IntegrationTest","EventId":{"Id":8,"Name":"AuthenticationSchemeAuthenticated"},"SourceContext":"CLARIHR.Api.IntegrationTests.TestAuthenticationHandler","SpanId":"8452dc14795a77a9","TraceId":"33e3dc6165c8716b6409a9fcb85ccdbe","ParentId":"0000000000000000","RequestId":"0HNNS0UPOPVPE","RequestPath":"/api/v1/organization-units/877e906d-a2f1-4384-b513-952c9bf0e6af","Environment":"Development","ProcessId":70359}}
{"Timestamp":"2026-08-16T20:31:54.7663960-06:00","Level":"Information","MessageTemplate":"HTTP {Method} {Path} -&gt; {StatusCode} in {ElapsedMs}ms | Tenant: {TenantId} | User: {UserId}","TraceId":"33e3dc6165c8716b6409a9fcb85ccdbe","SpanId":"8452dc14795a77a9","Properties":{"Method":"DELETE","Path":"/api/v1/organization-units/877e906d-a2f1-4384-b513-952c9bf0e6af","StatusCode":200,"ElapsedMs":84,"TenantId":"47b229b8-b5aa-4d29-be9c-575672f985f5","UserId":"11111111-1111-1111-1111-111111111111","SourceContext":"CLARIHR.Api.Middleware.RequestLoggingMiddleware","SpanId":"8452dc14795a77a9","TraceId":"33e3dc6165c8716b6409a9fcb85ccdbe","ParentId":"0000000000000000","RequestId":"0HNNS0UPOPVPE","RequestPath":"/api/v1/organization-units/877e906d-a2f1-4384-b513-952c9bf0e6af","RemoteIp":"unknown","Environment":"Development","ProcessId":70359}}
{"Timestamp":"2026-08-16T20:31:54.7668300-06:00","Level":"Information","MessageTemplate":"Request finished {Protocol} {Method} {Scheme}://{Host}{PathBase}{Path}{QueryString} - {StatusCode} {ContentLength} {ContentType} {ElapsedMilliseconds}ms","TraceId":"33e3dc6165c8716b6409a9fcb85ccdbe","SpanId":"8452dc14795a77a9","Properties":{"ElapsedMilliseconds":85.567,"StatusCode":200,"ContentType":"application/json; charset=utf-8","ContentLength":null,"Protocol":"HTTP/1.1","Method":"DELETE","Scheme":"http","Host":"localhost","PathBase":"","Path":"/api/v1/organization-units/877e906d-a2f1-4384-b513-952c9bf0e6af","QueryString":"","EventId":{"Id":2},"SourceContext":"Microsoft.AspNetCore.Hosting.Diagnostics","SpanId":"8452dc14795a77a9","TraceId":"33e3dc6165c8716b6409a9fcb85ccdbe","ParentId":"0000000000000000","RequestId":"0HNNS0UPOPVPE","RequestPath":"/api/v1/organization-units/877e906d-a2f1-4384-b513-952c9bf0e6af","Environment":"Development","ProcessId":70359}}
{"Timestamp":"2026-08-16T20:31:54.7699330-06:00","Level":"Information","MessageTemplate":"Request starting {Protocol} {Method} {Scheme}://{Host}{PathBase}{Path}{QueryString} - {ContentType} {ContentLength}","TraceId":"184e583747aafd1f3953484df0783b57","SpanId":"4baf84a58d2f69a5","Properties":{"Protocol":"HTTP/1.1","Method":"GET","ContentType":null,"ContentLength":null,"Scheme":"http","Host":"localhost","PathBase":"","Path":"/api/v1/organization-units/877e906d-a2f1-4384-b513-952c9bf0e6af","QueryString":"","EventId":{"Id":1},"SourceContext":"Microsoft.AspNetCore.Hosting.Diagnostics","SpanId":"4baf84a58d2f69a5","TraceId":"184e583747aafd1f3953484df0783b57","ParentId":"0000000000000000","RequestId":"0HNNS0UPOPVPF","RequestPath":"/api/v1/organization-units/877e906d-a2f1-4384-b513-952c9bf0e6af","Environment":"Development","ProcessId":70359}}
{"Timestamp":"2026-08-16T20:31:54.7705240-06:00","Level":"Debug","MessageTemplate":"AuthenticationScheme: {AuthenticationScheme} was successfully authenticated.","TraceId":"184e583747aafd1f3953484df0783b57","SpanId":"4baf84a58d2f69a5","Properties":{"AuthenticationScheme":"IntegrationTest","EventId":{"Id":8,"Name":"AuthenticationSchemeAuthenticated"},"SourceContext":"CLARIHR.Api.IntegrationTests.TestAuthenticationHandler","SpanId":"4baf84a58d2f69a5","TraceId":"184e583747aafd1f3953484df0783b57","ParentId":"0000000000000000","RequestId":"0HNNS0UPOPVPF","RequestPath":"/api/v1/organization-units/877e906d-a2f1-4384-b513-952c9bf0e6af","Environment":"Development","ProcessId":70359}}
{"Timestamp":"2026-08-16T20:31:54.8044240-06:00","Level":"Information","MessageTemplate":"HTTP {Method} {Path} -&gt; {StatusCode} in {ElapsedMs}ms | Tenant: {TenantId} | User: {UserId}","TraceId":"184e583747aafd1f3953484df0783b57","SpanId":"4baf84a58d2f69a5","Properties":{"Method":"GET","Path":"/api/v1/organization-units/877e906d-a2f1-4384-b513-952c9bf0e6af","StatusCode":404,"ElapsedMs":33,"TenantId":"47b229b8-b5aa-4d29-be9c-575672f985f5","UserId":"11111111-1111-1111-1111-111111111111","SourceContext":"CLARIHR.Api.Middleware.RequestLoggingMiddleware","SpanId":"4baf84a58d2f69a5","TraceId":"184e583747aafd1f3953484df0783b57","ParentId":"0000000000000000","RequestId":"0HNNS0UPOPVPF","RequestPath":"/api/v1/organization-units/877e906d-a2f1-4384-b513-952c9bf0e6af","RemoteIp":"unknown","Environment":"Development","ProcessId":70359}}
{"Timestamp":"2026-08-16T20:31:54.8047670-06:00","Level":"Information","MessageTemplate":"Request finished {Protocol} {Method} {Scheme}://{Host}{PathBase}{Path}{QueryString} - {StatusCode} {ContentLength} {ContentType} {ElapsedMilliseconds}ms","TraceId":"184e583747aafd1f3953484df0783b57","SpanId":"4baf84a58d2f69a5","Properties":{"ElapsedMilliseconds":34.8163,"StatusCode":404,"ContentType":"application/problem+json; charset=utf-8","ContentLength":null,"Protocol":"HTTP/1.1","Method":"GET","Scheme":"http","Host":"localhost","PathBase":"","Path":"/api/v1/organization-units/877e906d-a2f1-4384-b513-952c9bf0e6af","QueryString":"","EventId":{"Id":2},"SourceContext":"Microsoft.AspNetCore.Hosting.Diagnostics","SpanId":"4baf84a58d2f69a5","TraceId":"184e583747aafd1f3953484df0783b57","ParentId":"0000000000000000","RequestId":"0HNNS0UPOPVPF","RequestPath":"/api/v1/organization-units/877e906d-a2f1-4384-b513-952c9bf0e6af","Environment":"Development","ProcessId":70359}}
{"Timestamp":"2026-08-16T20:31:54.8930300-06:00","Level":"Error","MessageTemplate":"An error occurred using the connection to database '{database}' on server '{server}'.","Properties":{"database":"clarihr_integration_tests_83cf35b48b594a4a84115c2ba592637d","server":"tcp://localhost:5433","EventId":{"Id":20004,"Name":"Microsoft.EntityFrameworkCore.Database.Connection.ConnectionError"},"SourceContext":"Microsoft.EntityFrameworkCore.Database.Connection","Environment":"Development","ProcessId":70359}}
{"Timestamp":"2026-08-16T20:32:01.8539600-06:00","Level":"Error","MessageTemplate":"Failed executing DbCommand ({elapsed}ms) [Parameters=[{parameters}], CommandType='{commandType}', CommandTimeout='{commandTimeout}']{newLine}{commandText}","Properties":{"elapsed":"1","parameters":"@__utcNow_0='?' (DbType = DateTime), @__p_1='?' (DbType = Int32)","commandType":"Text","commandTimeout":30,"newLine":"\n","commandText":"SELECT r.id, r.artifact_blob_name, r.artifact_content_type, r.artifact_file_name, r.artifact_size_bytes, r.attempts, r.completed_utc, r.concurrency_token, r.created_utc, r.expires_utc, r.format, r.last_error_code, r.last_error_message, r.lease_until_utc, r.modified_utc, r.parameters_json, r.public_id, r.queued_utc, r.requested_by_user_id, r.resource_key, r.row_count, r.started_utc, r.status, r.tenant_id, r.worker_id\nFROM report_export_jobs AS r\nWHERE r.status = 'Succeeded' AND r.expires_utc IS NOT NULL AND r.expires_utc &lt;= @__utcNow_0\nORDER BY r.expires_utc\nLIMIT @__p_1","EventId":{"Id":20102,"Name":"Microsoft.EntityFrameworkCore.Database.Command.CommandError"},"SourceContext":"Microsoft.EntityFrameworkCore.Database.Command","Environment":"Development","ProcessId":70359}}
{"Timestamp":"2026-08-16T20:32:01.8552530-06:00","Level":"Error","MessageTemplate":"An exception occurred while iterating over the results of a query for context type '{contextType}'.{newline}{error}","Exception":"Npgsql.PostgresException (0x80004005): 42P01: relation \"report_export_jobs\" does not exist\n\nPOSITION: 426\n   at Npgsql.Internal.NpgsqlConnector.ReadMessageLong(Boolean async, DataRowLoadingMode dataRowLoadingMode, Boolean readingNotifications, Boolean isReadingPrependedMessage)\n   at System.Runtime.CompilerServices.PoolingAsyncValueTaskMethodBuilder`1.StateMachineBox`1.System.Threading.Tasks.Sources.IValueTaskSource&lt;TResult&gt;.GetResult(Int16 token)\n   at Npgsql.NpgsqlDataReader.NextResult(Boolean async, Boolean isConsuming, CancellationToken cancellationToken)\n   at Npgsql.NpgsqlDataReader.NextResult(Boolean async, Boolean isConsuming, CancellationToken cancellationToken)\n   at Npgsql.NpgsqlCommand.ExecuteReader(Boolean async, CommandBehavior behavior, CancellationToken cancellationToken)\n   at Npgsql.NpgsqlCommand.ExecuteReader(Boolean async, CommandBehavior behavior, CancellationToken cancellationToken)\n   at Npgsql.NpgsqlCommand.ExecuteDbDataReaderAsync(CommandBehavior behavior, CancellationToken cancellationToken)\n   at Microsoft.EntityFrameworkCore.Storage.RelationalCommand.ExecuteReaderAsync(RelationalCommandParameterObject parameterObject, CancellationToken cancellationToken)\n   at Microsoft.EntityFrameworkCore.Storage.RelationalCommand.ExecuteReaderAsync(RelationalCommandParameterObject parameterObject, CancellationToken cancellationToken)\n   at Microsoft.EntityFrameworkCore.Query.Internal.SingleQueryingEnumerable`1.AsyncEnumerator.InitializeReaderAsync(AsyncEnumerator enumerator, CancellationToken cancellationToken)\n   at Npgsql.EntityFrameworkCore.PostgreSQL.Storage.Internal.NpgsqlExecutionStrategy.ExecuteAsync[TState,TResult](TState state, Func`4 operation, Func`4 verifySucceeded, CancellationToken cancellationToken)\n   at Microsoft.EntityFrameworkCore.Query.Internal.SingleQueryingEnumerable`1.AsyncEnumerator.MoveNextAsync()\n  Exception data:\n    Severity: ERROR\n    SqlState: 42P01\n    MessageText: relation \"report_export_jobs\" does not exist\n    Position: 426\n    File: parse_relation.c\n    Line: 1449\n    Routine: parserOpenTable","Properties":{"contextType":"CLARIHR.Infrastructure.Persistence.ApplicationDbContext","newline":"\n","error":"Npgsql.PostgresException (0x80004005): 42P01: relation \"report_export_jobs\" does not exist\n\nPOSITION: 426\n   at Npgsql.Internal.NpgsqlConnector.ReadMessageLong(Boolean async, DataRowLoadingMode dataRowLoadingMode, Boolean readingNotifications, Boolean isReadingPrependedMessage)\n   at System.Runtime.CompilerServices.PoolingAsyncValueTaskMethodBuilder`1.StateMachineBox`1.System.Threading.Tasks.Sources.IValueTaskSource&lt;TResult&gt;.GetResult(Int16 token)\n   at Npgsql.NpgsqlDataReader.NextResult(Boolean async, Boolean isConsuming, CancellationToken cancellationToken)\n   at Npgsql.NpgsqlDataReader.NextResult(Boolean async, Boolean isConsuming, CancellationToken cancellationToken)\n   at Npgsql.NpgsqlCommand.ExecuteReader(Boolean async, CommandBehavior behavior, CancellationToken cancellationToken)\n   at Npgsql.NpgsqlCommand.ExecuteReader(Boolean async, CommandBehavior behavior, CancellationToken cancellationToken)\n   at Npgsql.NpgsqlCommand.ExecuteDbDataReaderAsync(CommandBehavior behavior, CancellationToken cancellationToken)\n   at Microsoft.EntityFrameworkCore.Storage.RelationalCommand.ExecuteReaderAsync(RelationalCommandParameterObject parameterObject, CancellationToken cancellationToken)\n   at Microsoft.EntityFrameworkCore.Storage.RelationalCommand.ExecuteReaderAsync(RelationalCommandParameterObject parameterObject, CancellationToken cancellationToken)\n   at Microsoft.EntityFrameworkCore.Query.Internal.SingleQueryingEnumerable`1.AsyncEnumerator.InitializeReaderAsync(AsyncEnumerator enumerator, CancellationToken cancellationToken)\n   at Npgsql.EntityFrameworkCore.PostgreSQL.Storage.Internal.NpgsqlExecutionStrategy.ExecuteAsync[TState,TResult](TState state, Func`4 operation, Func`4 verifySucceeded, CancellationToken cancellationToken)\n   at Microsoft.EntityFrameworkCore.Query.Internal.SingleQueryingEnumerable`1.AsyncEnumerator.MoveNextAsync()\n  Exception data:\n    Severity: ERROR\n    SqlState: 42P01\n    MessageText: relation \"report_export_jobs\" does not exist\n    Position: 426\n    File: parse_relation.c\n    Line: 1449\n    Routine: parserOpenTable","EventId":{"Id":10100,"Name":"Microsoft.EntityFrameworkCore.Query.QueryIterationFailed"},"SourceContext":"Microsoft.EntityFrameworkCore.Query","Environment":"Development","ProcessId":70359,"HasException":true}}
{"Timestamp":"2026-08-16T20:32:01.8566460-06:00","Level":"Error","MessageTemplate":"Report export worker cycle failed. cycle_duration_ms {cycle_duration_ms} worker_batch_size {worker_batch_size} poll_interval_seconds {poll_interval_seconds} had_work {had_work}","Exception":"Npgsql.PostgresException (0x80004005): 42P01: relation \"report_export_jobs\" does not exist\n\nPOSITION: 426\n   at Npgsql.Internal.NpgsqlConnector.ReadMessageLong(Boolean async, DataRowLoadingMode dataRowLoadingMode, Boolean readingNotifications, Boolean isReadingPrependedMessage)\n   at System.Runtime.CompilerServices.PoolingAsyncValueTaskMethodBuilder`1.StateMachineBox`1.System.Threading.Tasks.Sources.IValueTaskSource&lt;TResult&gt;.GetResult(Int16 token)\n   at Npgsql.NpgsqlDataReader.NextResult(Boolean async, Boolean isConsuming, CancellationToken cancellationToken)\n   at Npgsql.NpgsqlDataReader.NextResult(Boolean async, Boolean isConsuming, CancellationToken cancellationToken)\n   at Npgsql.NpgsqlCommand.ExecuteReader(Boolean async, CommandBehavior behavior, CancellationToken cancellationToken)\n   at Npgsql.NpgsqlCommand.ExecuteReader(Boolean async, CommandBehavior behavior, CancellationToken cancellationToken)\n   at Npgsql.NpgsqlCommand.ExecuteDbDataReaderAsync(CommandBehavior behavior, CancellationToken cancellationToken)\n   at Microsoft.EntityFrameworkCore.Storage.RelationalCommand.ExecuteReaderAsync(RelationalCommandParameterObject parameterObject, CancellationToken cancellationToken)\n   at Microsoft.EntityFrameworkCore.Storage.RelationalCommand.ExecuteReaderAsync(RelationalCommandParameterObject parameterObject, CancellationToken cancellationToken)\n   at Microsoft.EntityFrameworkCore.Query.Internal.SingleQueryingEnumerable`1.AsyncEnumerator.InitializeReaderAsync(AsyncEnumerator enumerator, CancellationToken cancellationToken)\n   at Npgsql.EntityFrameworkCore.PostgreSQL.Storage.Internal.NpgsqlExecutionStrategy.ExecuteAsync[TState,TResult](TState state, Func`4 operation, Func`4 verifySucceeded, CancellationToken cancellationToken)\n   at Microsoft.EntityFrameworkCore.Query.Internal.SingleQueryingEnumerable`1.AsyncEnumerator.MoveNextAsync()\n   at Microsoft.EntityFrameworkCore.EntityFrameworkQueryableExtensions.ToListAsync[TSource](IQueryable`1 source, CancellationToken cancellationToken)\n   at Microsoft.EntityFrameworkCore.EntityFrameworkQueryableExtensions.ToListAsync[TSource](IQueryable`1 source, CancellationToken cancellationToken)\n   at Microsoft.EntityFrameworkCore.EntityFrameworkQueryableExtensions.ToArrayAsync[TSource](IQueryable`1 source, CancellationToken cancellationToken)\n   at CLARIHR.Infrastructure.Reports.ReportExportJobRepository.GetExpiredSucceededAsync(DateTime utcNow, Int32 maxCount, CancellationToken cancellationToken) in /Users/christophercanas/Developments/CLARI NEW VERSION/clarihr/CLARIHR-backend/src/CLARIHR.Infrastructure/Reports/ReportExportJobRepository.cs:line 83\n   at CLARIHR.Infrastructure.Reports.ReportExportJobProcessor.ExpireArtifactsAsync(CancellationToken cancellationToken) in /Users/christophercanas/Developments/CLARI NEW VERSION/clarihr/CLARIHR-backend/src/CLARIHR.Infrastructure/Reports/ReportExportJobProcessor.cs:line 361\n   at CLARIHR.Infrastructure.Reports.ReportExportJobProcessor.ProcessDueJobsAsync(CancellationToken cancellationToken) in /Users/christophercanas/Developments/CLARI NEW VERSION/clarihr/CLARIHR-backend/src/CLARIHR.Infrastructure/Reports/ReportExportJobProcessor.cs:line 33\n   at CLARIHR.Infrastructure.Reports.ReportExportJobBackgroundService.ExecuteCycleAsync(CancellationToken cancellationToken) in /Users/christophercanas/Developments/CLARI NEW VERSION/clarihr/CLARIHR-backend/src/CLARIHR.Infrastructure/Reports/ReportExportJobBackgroundService.cs:line 39\n  Exception data:\n    Severity: ERROR\n    SqlState: 42P01\n    MessageText: relation \"report_export_jobs\" does not exist\n    Position: 426\n    File: parse_relation.c\n    Line: 1449\n    Routine: parserOpenTable","Properties":{"cycle_duration_ms":25,"worker_batch_size":2,"poll_interval_seconds":15,"had_work":false,"EventId":{"Id":40003,"Name":"report_export_worker_cycle_failed"},"SourceContext":"CLARIHR.Infrastructure.Reports.ReportExportJobBackgroundService","Environment":"Development","ProcessId":70359,"HasException":true}}
{"Timestamp":"2026-08-16T20:32:04.6108820-06:00","Level":"Information","MessageTemplate":"Request starting {Protocol} {Method} {Scheme}://{Host}{PathBase}{Path}{QueryString} - {ContentType} {ContentLength}","TraceId":"49f539aeacff3b7eb541ea2e43d4c8f1","SpanId":"7ee5a76f8a02bf16","Properties":{"Protocol":"HTTP/1.1","Method":"GET","ContentType":null,"ContentLength":null,"Scheme":"http","Host":"localhost","PathBase":"","Path":"/api/v1/companies/363b48ab-4d81-44f3-9ead-6e422570bc57/organization-structure-catalogs/unit-types","QueryString":"?page=1&amp;pageSize=100&amp;q=Gerencia","EventId":{"Id":1},"SourceContext":"Microsoft.AspNetCore.Hosting.Diagnostics","SpanId":"7ee5a76f8a02bf16","TraceId":"49f539aeacff3b7eb541ea2e43d4c8f1","ParentId":"0000000000000000","RequestId":"0HNNS0UPOPVPG","RequestPath":"/api/v1/companies/363b48ab-4d81-44f3-9ead-6e422570bc57/organization-structure-catalogs/unit-types","Environment":"Development","ProcessId":70359}}
{"Timestamp":"2026-08-16T20:32:04.6114290-06:00","Level":"Debug","MessageTemplate":"AuthenticationScheme: {AuthenticationScheme} was successfully authenticated.","TraceId":"49f539aeacff3b7eb541ea2e43d4c8f1","SpanId":"7ee5a76f8a02bf16","Properties":{"AuthenticationScheme":"IntegrationTest","EventId":{"Id":8,"Name":"AuthenticationSchemeAuthenticated"},"SourceContext":"CLARIHR.Api.IntegrationTests.TestAuthenticationHandler","SpanId":"7ee5a76f8a02bf16","TraceId":"49f539aeacff3b7eb541ea2e43d4c8f1","ParentId":"0000000000000000","RequestId":"0HNNS0UPOPVPG","RequestPath":"/api/v1/companies/363b48ab-4d81-44f3-9ead-6e422570bc57/organization-structure-catalogs/unit-types","Environment":"Development","ProcessId":70359}}
{"Timestamp":"2026-08-16T20:32:04.6214910-06:00","Level":"Information","MessageTemplate":"HTTP {Method} {Path} -&gt; {StatusCode} in {ElapsedMs}ms | Tenant: {TenantId} | User: {UserId}","TraceId":"49f539aeacff3b7eb541ea2e43d4c8f1","SpanId":"7ee5a76f8a02bf16","Properties":{"Method":"GET","Path":"/api/v1/companies/363b48ab-4d81-44f3-9ead-6e422570bc57/organization-structure-catalogs/unit-types","StatusCode":200,"ElapsedMs":10,"TenantId":"363b48ab-4d81-44f3-9ead-6e422570bc57","UserId":"11111111-1111-1111-1111-111111111111","SourceContext":"CLARIHR.Api.Middleware.RequestLoggingMiddleware","SpanId":"7ee5a76f8a02bf16","TraceId":"49f539aeacff3b7eb541ea2e43d4c8f1","ParentId":"0000000000000000","RequestId":"0HNNS0UPOPVPG","RequestPath":"/api/v1/companies/363b48ab-4d81-44f3-9ead-6e422570bc57/organization-structure-catalogs/unit-types","RemoteIp":"unknown","Environment":"Development","ProcessId":70359}}
{"Timestamp":"2026-08-16T20:32:04.6217720-06:00","Level":"Information","MessageTemplate":"Request finished {Protocol} {Method} {Scheme}://{Host}{PathBase}{Path}{QueryString} - {StatusCode} {ContentLength} {ContentType} {ElapsedMilliseconds}ms","TraceId":"49f539aeacff3b7eb541ea2e43d4c8f1","SpanId":"7ee5a76f8a02bf16","Properties":{"ElapsedMilliseconds":10.8885,"StatusCode":200,"ContentType":"application/json; charset=utf-8","ContentLength":null,"Protocol":"HTTP/1.1","Method":"GET","Scheme":"http","Host":"localhost","PathBase":"","Path":"/api/v1/companies/363b48ab-4d81-44f3-9ead-6e422570bc57/organization-structure-catalogs/unit-types","QueryString":"?page=1&amp;pageSize=100&amp;q=Gerencia","EventId":{"Id":2},"SourceContext":"Microsoft.AspNetCore.Hosting.Diagnostics","SpanId":"7ee5a76f8a02bf16","TraceId":"49f539aeacff3b7eb541ea2e43d4c8f1","ParentId":"0000000000000000","RequestId":"0HNNS0UPOPVPG","RequestPath":"/api/v1/companies/363b48ab-4d81-44f3-9ead-6e422570bc57/organization-structure-catalogs/unit-types","Environment":"Development","ProcessId":70359}}
{"Timestamp":"2026-08-16T20:32:04.6220380-06:00","Level":"Information","MessageTemplate":"Request starting {Protocol} {Method} {Scheme}://{Host}{PathBase}{Path}{QueryString} - {ContentType} {ContentLength}","TraceId":"1a47a49484c30bd515fe50496c46969f","SpanId":"5f13cced1484fe5c","Properties":{"Protocol":"HTTP/1.1","Method":"POST","ContentType":"application/json; charset=utf-8","ContentLength":71,"Scheme":"http","Host":"localhost","PathBase":"","Path":"/api/v1/companies/363b48ab-4d81-44f3-9ead-6e422570bc57/organization-structure-catalogs/unit-types","QueryString":"","EventId":{"Id":1},"SourceContext":"Microsoft.AspNetCore.Hosting.Diagnostics","SpanId":"5f13cced1484fe5c","TraceId":"1a47a49484c30bd515fe50496c46969f","ParentId":"0000000000000000","RequestId":"0HNNS0UPOPVPH","RequestPath":"/api/v1/companies/363b48ab-4d81-44f3-9ead-6e422570bc57/organization-structure-catalogs/unit-types","Environment":"Development","ProcessId":70359}}
{"Timestamp":"2026-08-16T20:32:04.6223300-06:00","Level":"Debug","MessageTemplate":"AuthenticationScheme: {AuthenticationScheme} was successfully authenticated.","TraceId":"1a47a49484c30bd515fe50496c46969f","SpanId":"5f13cced1484fe5c","Properties":{"AuthenticationScheme":"IntegrationTest","EventId":{"Id":8,"Name":"AuthenticationSchemeAuthenticated"},"SourceContext":"CLARIHR.Api.IntegrationTests.TestAuthenticationHandler","SpanId":"5f13cced1484fe5c","TraceId":"1a47a49484c30bd515fe50496c46969f","ParentId":"0000000000000000","RequestId":"0HNNS0UPOPVPH","RequestPath":"/api/v1/companies/363b48ab-4d81-44f3-9ead-6e422570bc57/organization-structure-catalogs/unit-types","Environment":"Development","ProcessId":70359}}
{"Timestamp":"2026-08-16T20:32:04.6370890-06:00","Level":"Information","MessageTemplate":"HTTP {Method} {Path} -&gt; {StatusCode} in {ElapsedMs}ms | Tenant: {TenantId} | User: {UserId}","TraceId":"1a47a49484c30bd515fe50496c46969f","SpanId":"5f13cced1484fe5c","Properties":{"Method":"POST","Path":"/api/v1/companies/363b48ab-4d81-44f3-9ead-6e422570bc57/organization-structure-catalogs/unit-types","StatusCode":201,"ElapsedMs":14,"TenantId":"363b48ab-4d81-44f3-9ead-6e422570bc57","UserId":"11111111-1111-1111-1111-111111111111","SourceContext":"CLARIHR.Api.Middleware.RequestLoggingMiddleware","SpanId":"5f13cced1484fe5c","TraceId":"1a47a49484c30bd515fe50496c46969f","ParentId":"0000000000000000","RequestId":"0HNNS0UPOPVPH","RequestPath":"/api/v1/companies/363b48ab-4d81-44f3-9ead-6e422570bc57/organization-structure-catalogs/unit-types","RemoteIp":"unknown","Environment":"Development","ProcessId":70359}}
{"Timestamp":"2026-08-16T20:32:04.6373480-06:00","Level":"Information","MessageTemplate":"Request finished {Protocol} {Method} {Scheme}://{Host}{PathBase}{Path}{QueryString} - {StatusCode} {ContentLength} {ContentType} {ElapsedMilliseconds}ms","TraceId":"1a47a49484c30bd515fe50496c46969f","SpanId":"5f13cced1484fe5c","Properties":{"ElapsedMilliseconds":15.2882,"StatusCode":201,"ContentType":"application/json; charset=utf-8","ContentLength":null,"Protocol":"HTTP/1.1","Method":"POST","Scheme":"http","Host":"localhost","PathBase":"","Path":"/api/v1/companies/363b48ab-4d81-44f3-9ead-6e422570bc57/organization-structure-catalogs/unit-types","QueryString":"","EventId":{"Id":2},"SourceContext":"Microsoft.AspNetCore.Hosting.Diagnostics","SpanId":"5f13cced1484fe5c","TraceId":"1a47a49484c30bd515fe50496c46969f","ParentId":"0000000000000000","RequestId":"0HNNS0UPOPVPH","RequestPath":"/api/v1/companies/363b48ab-4d81-44f3-9ead-6e422570bc57/organization-structure-catalogs/unit-types","Environment":"Development","ProcessId":70359}}
{"Timestamp":"2026-08-16T20:32:04.6376140-06:00","Level":"Information","MessageTemplate":"Request starting {Protocol} {Method} {Scheme}://{Host}{PathBase}{Path}{QueryString} - {ContentType} {ContentLength}","TraceId":"0b7e3d45b61f3693f9703b5303b34652","SpanId":"a662d8042977326e","Properties":{"Protocol":"HTTP/1.1","Method":"POST","ContentType":"application/json; charset=utf-8","ContentLength":244,"Scheme":"http","Host":"localhost","PathBase":"","Path":"/api/v1/companies/363b48ab-4d81-44f3-9ead-6e422570bc57/organization-units","QueryString":"","EventId":{"Id":1},"SourceContext":"Microsoft.AspNetCore.Hosting.Diagnostics","SpanId":"a662d8042977326e","TraceId":"0b7e3d45b61f3693f9703b5303b34652","ParentId":"0000000000000000","RequestId":"0HNNS0UPOPVPI","RequestPath":"/api/v1/companies/363b48ab-4d81-44f3-9ead-6e422570bc57/organization-units","Environment":"Development","ProcessId":70359}}
{"Timestamp":"2026-08-16T20:32:04.6378720-06:00","Level":"Debug","MessageTemplate":"AuthenticationScheme: {AuthenticationScheme} was successfully authenticated.","TraceId":"0b7e3d45b61f3693f9703b5303b34652","SpanId":"a662d8042977326e","Properties":{"AuthenticationScheme":"IntegrationTest","EventId":{"Id":8,"Name":"AuthenticationSchemeAuthenticated"},"SourceContext":"CLARIHR.Api.IntegrationTests.TestAuthenticationHandler","SpanId":"a662d8042977326e","TraceId":"0b7e3d45b61f3693f9703b5303b34652","ParentId":"0000000000000000","RequestId":"0HNNS0UPOPVPI","RequestPath":"/api/v1/companies/363b48ab-4d81-44f3-9ead-6e422570bc57/organization-units","Environment":"Development","ProcessId":70359}}
{"Timestamp":"2026-08-16T20:32:04.6536370-06:00","Level":"Information","MessageTemplate":"HTTP {Method} {Path} -&gt; {StatusCode} in {ElapsedMs}ms | Tenant: {TenantId} | User: {UserId}","TraceId":"0b7e3d45b61f3693f9703b5303b34652","SpanId":"a662d8042977326e","Properties":{"Method":"POST","Path":"/api/v1/companies/363b48ab-4d81-44f3-9ead-6e422570bc57/organization-units","StatusCode":201,"ElapsedMs":15,"TenantId":"363b48ab-4d81-44f3-9ead-6e422570bc57","UserId":"11111111-1111-1111-1111-111111111111","SourceContext":"CLARIHR.Api.Middleware.RequestLoggingMiddleware","SpanId":"a662d8042977326e","TraceId":"0b7e3d45b61f3693f9703b5303b34652","ParentId":"0000000000000000","RequestId":"0HNNS0UPOPVPI","RequestPath":"/api/v1/companies/363b48ab-4d81-44f3-9ead-6e422570bc57/organization-units","RemoteIp":"unknown","Environment":"Development","ProcessId":70359}}
{"Timestamp":"2026-08-16T20:32:04.6538820-06:00","Level":"Information","MessageTemplate":"Request finished {Protocol} {Method} {Scheme}://{Host}{PathBase}{Path}{QueryString} - {StatusCode} {ContentLength} {ContentType} {ElapsedMilliseconds}ms","TraceId":"0b7e3d45b61f3693f9703b5303b34652","SpanId":"a662d8042977326e","Properties":{"ElapsedMilliseconds":16.2496,"StatusCode":201,"ContentType":"application/json; charset=utf-8","ContentLength":null,"Protocol":"HTTP/1.1","Method":"POST","Scheme":"http","Host":"localhost","PathBase":"","Path":"/api/v1/companies/363b48ab-4d81-44f3-9ead-6e422570bc57/organization-units","QueryString":"","EventId":{"Id":2},"SourceContext":"Microsoft.AspNetCore.Hosting.Diagnostics","SpanId":"a662d8042977326e","TraceId":"0b7e3d45b61f3693f9703b5303b34652","ParentId":"0000000000000000","RequestId":"0HNNS0UPOPVPI","RequestPath":"/api/v1/companies/363b48ab-4d81-44f3-9ead-6e422570bc57/organization-units","Environment":"Development","ProcessId":70359}}
{"Timestamp":"2026-08-16T20:32:04.6541560-06:00","Level":"Information","MessageTemplate":"Request starting {Protocol} {Method} {Scheme}://{Host}{PathBase}{Path}{QueryString} - {ContentType} {ContentLength}","TraceId":"0f56b4e598e1db802b5dca89b14021ef","SpanId":"7b50594f51ed0152","Properties":{"Protocol":"HTTP/1.1","Method":"GET","ContentType":null,"ContentLength":null,"Scheme":"http","Host":"localhost","PathBase":"","Path":"/api/v1/companies/363b48ab-4d81-44f3-9ead-6e422570bc57/organization-structure-catalogs/unit-types","QueryString":"?page=1&amp;pageSize=100&amp;q=Gerencia","EventId":{"Id":1},"SourceContext":"Microsoft.AspNetCore.Hosting.Diagnostics","SpanId":"7b50594f51ed0152","TraceId":"0f56b4e598e1db802b5dca89b14021ef","ParentId":"0000000000000000","RequestId":"0HNNS0UPOPVPJ","RequestPath":"/api/v1/companies/363b48ab-4d81-44f3-9ead-6e422570bc57/organization-structure-catalogs/unit-types","Environment":"Development","ProcessId":70359}}
{"Timestamp":"2026-08-16T20:32:04.6544340-06:00","Level":"Debug","MessageTemplate":"AuthenticationScheme: {AuthenticationScheme} was successfully authenticated.","TraceId":"0f56b4e598e1db802b5dca89b14021ef","SpanId":"7b50594f51ed0152","Properties":{"AuthenticationScheme":"IntegrationTest","EventId":{"Id":8,"Name":"AuthenticationSchemeAuthenticated"},"SourceContext":"CLARIHR.Api.IntegrationTests.TestAuthenticationHandler","SpanId":"7b50594f51ed0152","TraceId":"0f56b4e598e1db802b5dca89b14021ef","ParentId":"0000000000000000","RequestId":"0HNNS0UPOPVPJ","RequestPath":"/api/v1/companies/363b48ab-4d81-44f3-9ead-6e422570bc57/organization-structure-catalogs/unit-types","Environment":"Development","ProcessId":70359}}
{"Timestamp":"2026-08-16T20:32:04.6641870-06:00","Level":"Information","MessageTemplate":"HTTP {Method} {Path} -&gt; {StatusCode} in {ElapsedMs}ms | Tenant: {TenantId} | User: {UserId}","TraceId":"0f56b4e598e1db802b5dca89b14021ef","SpanId":"7b50594f51ed0152","Properties":{"Method":"GET","Path":"/api/v1/companies/363b48ab-4d81-44f3-9ead-6e422570bc57/organization-structure-catalogs/unit-types","StatusCode":200,"ElapsedMs":9,"TenantId":"363b48ab-4d81-44f3-9ead-6e422570bc57","UserId":"11111111-1111-1111-1111-111111111111","SourceContext":"CLARIHR.Api.Middleware.RequestLoggingMiddleware","SpanId":"7b50594f51ed0152","TraceId":"0f56b4e598e1db802b5dca89b14021ef","ParentId":"0000000000000000","RequestId":"0HNNS0UPOPVPJ","RequestPath":"/api/v1/companies/363b48ab-4d81-44f3-9ead-6e422570bc57/organization-structure-catalogs/unit-types","RemoteIp":"unknown","Environment":"Development","ProcessId":70359}}
{"Timestamp":"2026-08-16T20:32:04.6644530-06:00","Level":"Information","MessageTemplate":"Request finished {Protocol} {Method} {Scheme}://{Host}{PathBase}{Path}{QueryString} - {StatusCode} {ContentLength} {ContentType} {ElapsedMilliseconds}ms","TraceId":"0f56b4e598e1db802b5dca89b14021ef","SpanId":"7b50594f51ed0152","Properties":{"ElapsedMilliseconds":10.2631,"StatusCode":200,"ContentType":"application/json; charset=utf-8","ContentLength":null,"Protocol":"HTTP/1.1","Method":"GET","Scheme":"http","Host":"localhost","PathBase":"","Path":"/api/v1/companies/363b48ab-4d81-44f3-9ead-6e422570bc57/organization-structure-catalogs/unit-types","QueryString":"?page=1&amp;pageSize=100&amp;q=Gerencia","EventId":{"Id":2},"SourceContext":"Microsoft.AspNetCore.Hosting.Diagnostics","SpanId":"7b50594f51ed0152","TraceId":"0f56b4e598e1db802b5dca89b14021ef","ParentId":"0000000000000000","RequestId":"0HNNS0UPOPVPJ","RequestPath":"/api/v1/companies/363b48ab-4d81-44f3-9ead-6e422570bc57/organization-structure-catalogs/unit-types","Environment":"Development","ProcessId":70359}}
{"Timestamp":"2026-08-16T20:32:04.6650470-06:00","Level":"Information","MessageTemplate":"Request starting {Protocol} {Method} {Scheme}://{Host}{PathBase}{Path}{QueryString} - {ContentType} {ContentLength}","TraceId":"23858b3dbaafc9157a9619b125ca3106","SpanId":"a299a25da7ddad43","Properties":{"Protocol":"HTTP/1.1","Method":"DELETE","ContentType":null,"ContentLength":null,"Scheme":"http","Host":"localhost","PathBase":"","Path":"/api/v1/organization-structure-catalogs/unit-types/e5336304-135b-4b1e-96b6-e67cde22d717","QueryString":"","EventId":{"Id":1},"SourceContext":"Microsoft.AspNetCore.Hosting.Diagnostics","SpanId":"a299a25da7ddad43","TraceId":"23858b3dbaafc9157a9619b125ca3106","ParentId":"0000000000000000","RequestId":"0HNNS0UPOPVPK","RequestPath":"/api/v1/organization-structure-catalogs/unit-types/e5336304-135b-4b1e-96b6-e67cde22d717","Environment":"Development","ProcessId":70359}}
{"Timestamp":"2026-08-16T20:32:04.6654710-06:00","Level":"Debug","MessageTemplate":"AuthenticationScheme: {AuthenticationScheme} was successfully authenticated.","TraceId":"23858b3dbaafc9157a9619b125ca3106","SpanId":"a299a25da7ddad43","Properties":{"AuthenticationScheme":"IntegrationTest","EventId":{"Id":8,"Name":"AuthenticationSchemeAuthenticated"},"SourceContext":"CLARIHR.Api.IntegrationTests.TestAuthenticationHandler","SpanId":"a299a25da7ddad43","TraceId":"23858b3dbaafc9157a9619b125ca3106","ParentId":"0000000000000000","RequestId":"0HNNS0UPOPVPK","RequestPath":"/api/v1/organization-structure-catalogs/unit-types/e5336304-135b-4b1e-96b6-e67cde22d717","Environment":"Development","ProcessId":70359}}
{"Timestamp":"2026-08-16T20:32:04.7047790-06:00","Level":"Information","MessageTemplate":"HTTP {Method} {Path} -&gt; {StatusCode} in {ElapsedMs}ms | Tenant: {TenantId} | User: {UserId}","TraceId":"23858b3dbaafc9157a9619b125ca3106","SpanId":"a299a25da7ddad43","Properties":{"Method":"DELETE","Path":"/api/v1/organization-structure-catalogs/unit-types/e5336304-135b-4b1e-96b6-e67cde22d717","StatusCode":409,"ElapsedMs":39,"TenantId":"363b48ab-4d81-44f3-9ead-6e422570bc57","UserId":"11111111-1111-1111-1111-111111111111","SourceContext":"CLARIHR.Api.Middleware.RequestLoggingMiddleware","SpanId":"a299a25da7ddad43","TraceId":"23858b3dbaafc9157a9619b125ca3106","ParentId":"0000000000000000","RequestId":"0HNNS0UPOPVPK","RequestPath":"/api/v1/organization-structure-catalogs/unit-types/e5336304-135b-4b1e-96b6-e67cde22d717","RemoteIp":"unknown","Environment":"Development","ProcessId":70359}}
{"Timestamp":"2026-08-16T20:32:04.7049760-06:00","Level":"Information","MessageTemplate":"Request finished {Protocol} {Method} {Scheme}://{Host}{PathBase}{Path}{QueryString} - {StatusCode} {ContentLength} {ContentType} {ElapsedMilliseconds}ms","TraceId":"23858b3dbaafc9157a9619b125ca3106","SpanId":"a299a25da7ddad43","Properties":{"ElapsedMilliseconds":39.9154,"StatusCode":409,"ContentType":"application/problem+json; charset=utf-8","ContentLength":null,"Protocol":"HTTP/1.1","Method":"DELETE","Scheme":"http","Host":"localhost","PathBase":"","Path":"/api/v1/organization-structure-catalogs/unit-types/e5336304-135b-4b1e-96b6-e67cde22d717","QueryString":"","EventId":{"Id":2},"SourceContext":"Microsoft.AspNetCore.Hosting.Diagnostics","SpanId":"a299a25da7ddad43","TraceId":"23858b3dbaafc9157a9619b125ca3106","ParentId":"0000000000000000","RequestId":"0HNNS0UPOPVPK","RequestPath":"/api/v1/organization-structure-catalogs/unit-types/e5336304-135b-4b1e-96b6-e67cde22d717","Environment":"Development","ProcessId":70359}}
{"Timestamp":"2026-08-16T20:32:04.7051820-06:00","Level":"Information","MessageTemplate":"Request starting {Protocol} {Method} {Scheme}://{Host}{PathBase}{Path}{QueryString} - {ContentType} {ContentLength}","TraceId":"4352fbd2a6e96d484e3ba2f00cad0406","SpanId":"a7187c1dbbee5db1","Properties":{"Protocol":"HTTP/1.1","Method":"GET","ContentType":null,"ContentLength":null,"Scheme":"http","Host":"localhost","PathBase":"","Path":"/api/v1/companies/363b48ab-4d81-44f3-9ead-6e422570bc57/organization-structure-catalogs/unit-types","QueryString":"?page=1&amp;pageSize=100&amp;q=TipoSobrante","EventId":{"Id":1},"SourceContext":"Microsoft.AspNetCore.Hosting.Diagnostics","SpanId":"a7187c1dbbee5db1","TraceId":"4352fbd2a6e96d484e3ba2f00cad0406","ParentId":"0000000000000000","RequestId":"0HNNS0UPOPVPL","RequestPath":"/api/v1/companies/363b48ab-4d81-44f3-9ead-6e422570bc57/organization-structure-catalogs/unit-types","Environment":"Development","ProcessId":70359}}
[...]
{"Timestamp":"2026-08-16T20:32:25.3499210-06:00","Level":"Information","MessageTemplate":"HTTP {Method} {Path} -&gt; {StatusCode} in {ElapsedMs}ms | Tenant: {TenantId} | User: {UserId}","TraceId":"bae0eaa60524b8cebf7b516ec8ee5cd9","SpanId":"edc0de1dbca79b77","Properties":{"Method":"GET","Path":"/api/v1/companies/1c5d64ec-ede3-4a82-9bae-3fc60735c0ea/organization-structure-catalogs/unit-types","StatusCode":200,"ElapsedMs":6,"TenantId":"1c5d64ec-ede3-4a82-9bae-3fc60735c0ea","UserId":"11111111-1111-1111-1111-111111111111","SourceContext":"CLARIHR.Api.Middleware.RequestLoggingMiddleware","SpanId":"edc0de1dbca79b77","TraceId":"bae0eaa60524b8cebf7b516ec8ee5cd9","ParentId":"0000000000000000","RequestId":"0HNNS0UPOPVQ0","RequestPath":"/api/v1/companies/1c5d64ec-ede3-4a82-9bae-3fc60735c0ea/organization-structure-catalogs/unit-types","RemoteIp":"unknown","Environment":"Development","ProcessId":70359}}
{"Timestamp":"2026-08-16T20:32:25.3501530-06:00","Level":"Information","MessageTemplate":"Request finished {Protocol} {Method} {Scheme}://{Host}{PathBase}{Path}{QueryString} - {StatusCode} {ContentLength} {ContentType} {ElapsedMilliseconds}ms","TraceId":"bae0eaa60524b8cebf7b516ec8ee5cd9","SpanId":"edc0de1dbca79b77","Properties":{"ElapsedMilliseconds":6.7564,"StatusCode":200,"ContentType":"application/json; charset=utf-8","ContentLength":null,"Protocol":"HTTP/1.1","Method":"GET","Scheme":"http","Host":"localhost","PathBase":"","Path":"/api/v1/companies/1c5d64ec-ede3-4a82-9bae-3fc60735c0ea/organization-structure-catalogs/unit-types","QueryString":"?page=1&amp;pageSize=100&amp;q=Gerencia","EventId":{"Id":2},"SourceContext":"Microsoft.AspNetCore.Hosting.Diagnostics","SpanId":"edc0de1dbca79b77","TraceId":"bae0eaa60524b8cebf7b516ec8ee5cd9","ParentId":"0000000000000000","RequestId":"0HNNS0UPOPVQ0","RequestPath":"/api/v1/companies/1c5d64ec-ede3-4a82-9bae-3fc60735c0ea/organization-structure-catalogs/unit-types","Environment":"Development","ProcessId":70359}}
{"Timestamp":"2026-08-16T20:32:25.3503870-06:00","Level":"Information","MessageTemplate":"Request starting {Protocol} {Method} {Scheme}://{Host}{PathBase}{Path}{QueryString} - {ContentType} {ContentLength}","TraceId":"36645baecbe16f0e752ec5e11b34d407","SpanId":"8594509051c97e0a","Properties":{"Protocol":"HTTP/1.1","Method":"POST","ContentType":"application/json; charset=utf-8","ContentLength":71,"Scheme":"http","Host":"localhost","PathBase":"","Path":"/api/v1/companies/1c5d64ec-ede3-4a82-9bae-3fc60735c0ea/organization-structure-catalogs/unit-types","QueryString":"","EventId":{"Id":1},"SourceContext":"Microsoft.AspNetCore.Hosting.Diagnostics","SpanId":"8594509051c97e0a","TraceId":"36645baecbe16f0e752ec5e11b34d407","ParentId":"0000000000000000","RequestId":"0HNNS0UPOPVQ1","RequestPath":"/api/v1/companies/1c5d64ec-ede3-4a82-9bae-3fc60735c0ea/organization-structure-catalogs/unit-types","Environment":"Development","ProcessId":70359}}
{"Timestamp":"2026-08-16T20:32:25.3506100-06:00","Level":"Debug","MessageTemplate":"AuthenticationScheme: {AuthenticationScheme} was successfully authenticated.","TraceId":"36645baecbe16f0e752ec5e11b34d407","SpanId":"8594509051c97e0a","Properties":{"AuthenticationScheme":"IntegrationTest","EventId":{"Id":8,"Name":"AuthenticationSchemeAuthenticated"},"SourceContext":"CLARIHR.Api.IntegrationTests.TestAuthenticationHandler","SpanId":"8594509051c97e0a","TraceId":"36645baecbe16f0e752ec5e11b34d407","ParentId":"0000000000000000","RequestId":"0HNNS0UPOPVQ1","RequestPath":"/api/v1/companies/1c5d64ec-ede3-4a82-9bae-3fc60735c0ea/organization-structure-catalogs/unit-types","Environment":"Development","ProcessId":70359}}
{"Timestamp":"2026-08-16T20:32:25.3612080-06:00","Level":"Information","MessageTemplate":"HTTP {Method} {Path} -&gt; {StatusCode} in {ElapsedMs}ms | Tenant: {TenantId} | User: {UserId}","TraceId":"36645baecbe16f0e752ec5e11b34d407","SpanId":"8594509051c97e0a","Properties":{"Method":"POST","Path":"/api/v1/companies/1c5d64ec-ede3-4a82-9bae-3fc60735c0ea/organization-structure-catalogs/unit-types","StatusCode":201,"ElapsedMs":10,"TenantId":"1c5d64ec-ede3-4a82-9bae-3fc60735c0ea","UserId":"11111111-1111-1111-1111-111111111111","SourceContext":"CLARIHR.Api.Middleware.RequestLoggingMiddleware","SpanId":"8594509051c97e0a","TraceId":"36645baecbe16f0e752ec5e11b34d407","ParentId":"0000000000000000","RequestId":"0HNNS0UPOPVQ1","RequestPath":"/api/v1/companies/1c5d64ec-ede3-4a82-9bae-3fc60735c0ea/organization-structure-catalogs/unit-types","RemoteIp":"unknown","Environment":"Development","ProcessId":70359}}
{"Timestamp":"2026-08-16T20:32:25.3613870-06:00","Level":"Information","MessageTemplate":"Request finished {Protocol} {Method} {Scheme}://{Host}{PathBase}{Path}{QueryString} - {StatusCode} {ContentLength} {ContentType} {ElapsedMilliseconds}ms","TraceId":"36645baecbe16f0e752ec5e11b34d407","SpanId":"8594509051c97e0a","Properties":{"ElapsedMilliseconds":10.9885,"StatusCode":201,"ContentType":"application/json; charset=utf-8","ContentLength":null,"Protocol":"HTTP/1.1","Method":"POST","Scheme":"http","Host":"localhost","PathBase":"","Path":"/api/v1/companies/1c5d64ec-ede3-4a82-9bae-3fc60735c0ea/organization-structure-catalogs/unit-types","QueryString":"","EventId":{"Id":2},"SourceContext":"Microsoft.AspNetCore.Hosting.Diagnostics","SpanId":"8594509051c97e0a","TraceId":"36645baecbe16f0e752ec5e11b34d407","ParentId":"0000000000000000","RequestId":"0HNNS0UPOPVQ1","RequestPath":"/api/v1/companies/1c5d64ec-ede3-4a82-9bae-3fc60735c0ea/organization-structure-catalogs/unit-types","Environment":"Development","ProcessId":70359}}
{"Timestamp":"2026-08-16T20:32:25.3620450-06:00","Level":"Information","MessageTemplate":"Request starting {Protocol} {Method} {Scheme}://{Host}{PathBase}{Path}{QueryString} - {ContentType} {ContentLength}","TraceId":"636daaeda134c6ca9415f92361b2ca92","SpanId":"6d1ec6e2f2d2f970","Properties":{"Protocol":"HTTP/1.1","Method":"POST","ContentType":"application/json; charset=utf-8","ContentLength":278,"Scheme":"http","Host":"localhost","PathBase":"","Path":"/api/v1/companies/1c5d64ec-ede3-4a82-9bae-3fc60735c0ea/organization-units","QueryString":"","EventId":{"Id":1},"SourceContext":"Microsoft.AspNetCore.Hosting.Diagnostics","SpanId":"6d1ec6e2f2d2f970","TraceId":"636daaeda134c6ca9415f92361b2ca92","ParentId":"0000000000000000","RequestId":"0HNNS0UPOPVQ2","RequestPath":"/api/v1/companies/1c5d64ec-ede3-4a82-9bae-3fc60735c0ea/organization-units","Environment":"Development","ProcessId":70359}}
{"Timestamp":"2026-08-16T20:32:25.3622610-06:00","Level":"Debug","MessageTemplate":"AuthenticationScheme: {AuthenticationScheme} was successfully authenticated.","TraceId":"636daaeda134c6ca9415f92361b2ca92","SpanId":"6d1ec6e2f2d2f970","Properties":{"AuthenticationScheme":"IntegrationTest","EventId":{"Id":8,"Name":"AuthenticationSchemeAuthenticated"},"SourceContext":"CLARIHR.Api.IntegrationTests.TestAuthenticationHandler","SpanId":"6d1ec6e2f2d2f970","TraceId":"636daaeda134c6ca9415f92361b2ca92","ParentId":"0000000000000000","RequestId":"0HNNS0UPOPVQ2","RequestPath":"/api/v1/companies/1c5d64ec-ede3-4a82-9bae-3fc60735c0ea/organization-units","Environment":"Development","ProcessId":70359}}
{"Timestamp":"2026-08-16T20:32:25.3951330-06:00","Level":"Information","MessageTemplate":"HTTP {Method} {Path} -&gt; {StatusCode} in {ElapsedMs}ms | Tenant: {TenantId} | User: {UserId}","TraceId":"636daaeda134c6ca9415f92361b2ca92","SpanId":"6d1ec6e2f2d2f970","Properties":{"Method":"POST","Path":"/api/v1/companies/1c5d64ec-ede3-4a82-9bae-3fc60735c0ea/organization-units","StatusCode":201,"ElapsedMs":32,"TenantId":"1c5d64ec-ede3-4a82-9bae-3fc60735c0ea","UserId":"11111111-1111-1111-1111-111111111111","SourceContext":"CLARIHR.Api.Middleware.RequestLoggingMiddleware","SpanId":"6d1ec6e2f2d2f970","TraceId":"636daaeda134c6ca9415f92361b2ca92","ParentId":"0000000000000000","RequestId":"0HNNS0UPOPVQ2","RequestPath":"/api/v1/companies/1c5d64ec-ede3-4a82-9bae-3fc60735c0ea/organization-units","RemoteIp":"unknown","Environment":"Development","ProcessId":70359}}
{"Timestamp":"2026-08-16T20:32:25.3953390-06:00","Level":"Information","MessageTemplate":"Request finished {Protocol} {Method} {Scheme}://{Host}{PathBase}{Path}{QueryString} - {StatusCode} {ContentLength} {ContentType} {ElapsedMilliseconds}ms","TraceId":"636daaeda134c6ca9415f92361b2ca92","SpanId":"6d1ec6e2f2d2f970","Properties":{"ElapsedMilliseconds":33.2791,"StatusCode":201,"ContentType":"application/json; charset=utf-8","ContentLength":null,"Protocol":"HTTP/1.1","Method":"POST","Scheme":"http","Host":"localhost","PathBase":"","Path":"/api/v1/companies/1c5d64ec-ede3-4a82-9bae-3fc60735c0ea/organization-units","QueryString":"","EventId":{"Id":2},"SourceContext":"Microsoft.AspNetCore.Hosting.Diagnostics","SpanId":"6d1ec6e2f2d2f970","TraceId":"636daaeda134c6ca9415f92361b2ca92","ParentId":"0000000000000000","RequestId":"0HNNS0UPOPVQ2","RequestPath":"/api/v1/companies/1c5d64ec-ede3-4a82-9bae-3fc60735c0ea/organization-units","Environment":"Development","ProcessId":70359}}
{"Timestamp":"2026-08-16T20:32:25.3978750-06:00","Level":"Information","MessageTemplate":"Request starting {Protocol} {Method} {Scheme}://{Host}{PathBase}{Path}{QueryString} - {ContentType} {ContentLength}","TraceId":"6cb521c0cc0b7ae48f83887012824948","SpanId":"e0ef31ad30475e88","Properties":{"Protocol":"HTTP/1.1","Method":"PATCH","ContentType":"application/json; charset=utf-8","ContentLength":59,"Scheme":"http","Host":"localhost","PathBase":"","Path":"/api/v1/organization-units/1fb8dbc3-b85d-48c5-a426-77b231be306c/inactivate","QueryString":"","EventId":{"Id":1},"SourceContext":"Microsoft.AspNetCore.Hosting.Diagnostics","SpanId":"e0ef31ad30475e88","TraceId":"6cb521c0cc0b7ae48f83887012824948","ParentId":"0000000000000000","RequestId":"0HNNS0UPOPVQ3","RequestPath":"/api/v1/organization-units/1fb8dbc3-b85d-48c5-a426-77b231be306c/inactivate","Environment":"Development","ProcessId":70359}}
{"Timestamp":"2026-08-16T20:32:25.3983130-06:00","Level":"Debug","MessageTemplate":"AuthenticationScheme: {AuthenticationScheme} was successfully authenticated.","TraceId":"6cb521c0cc0b7ae48f83887012824948","SpanId":"e0ef31ad30475e88","Properties":{"AuthenticationScheme":"IntegrationTest","EventId":{"Id":8,"Name":"AuthenticationSchemeAuthenticated"},"SourceContext":"CLARIHR.Api.IntegrationTests.TestAuthenticationHandler","SpanId":"e0ef31ad30475e88","TraceId":"6cb521c0cc0b7ae48f83887012824948","ParentId":"0000000000000000","RequestId":"0HNNS0UPOPVQ3","RequestPath":"/api/v1/organization-units/1fb8dbc3-b85d-48c5-a426-77b231be306c/inactivate","Environment":"Development","ProcessId":70359}}
{"Timestamp":"2026-08-16T20:32:25.4358720-06:00","Level":"Information","MessageTemplate":"HTTP {Method} {Path} -&gt; {StatusCode} in {ElapsedMs}ms | Tenant: {TenantId} | User: {UserId}","TraceId":"6cb521c0cc0b7ae48f83887012824948","SpanId":"e0ef31ad30475e88","Properties":{"Method":"PATCH","Path":"/api/v1/organization-units/1fb8dbc3-b85d-48c5-a426-77b231be306c/inactivate","StatusCode":200,"ElapsedMs":37,"TenantId":"1c5d64ec-ede3-4a82-9bae-3fc60735c0ea","UserId":"11111111-1111-1111-1111-111111111111","SourceContext":"CLARIHR.Api.Middleware.RequestLoggingMiddleware","SpanId":"e0ef31ad30475e88","TraceId":"6cb521c0cc0b7ae48f83887012824948","ParentId":"0000000000000000","RequestId":"0HNNS0UPOPVQ3","RequestPath":"/api/v1/organization-units/1fb8dbc3-b85d-48c5-a426-77b231be306c/inactivate","RemoteIp":"unknown","Environment":"Development","ProcessId":70359}}
{"Timestamp":"2026-08-16T20:32:25.4361600-06:00","Level":"Information","MessageTemplate":"Request finished {Protocol} {Method} {Scheme}://{Host}{PathBase}{Path}{QueryString} - {StatusCode} {ContentLength} {ContentType} {ElapsedMilliseconds}ms","TraceId":"6cb521c0cc0b7ae48f83887012824948","SpanId":"e0ef31ad30475e88","Properties":{"ElapsedMilliseconds":38.2739,"StatusCode":200,"ContentType":"application/json; charset=utf-8","ContentLength":null,"Protocol":"HTTP/1.1","Method":"PATCH","Scheme":"http","Host":"localhost","PathBase":"","Path":"/api/v1/organization-units/1fb8dbc3-b85d-48c5-a426-77b231be306c/inactivate","QueryString":"","EventId":{"Id":2},"SourceContext":"Microsoft.AspNetCore.Hosting.Diagnostics","SpanId":"e0ef31ad30475e88","TraceId":"6cb521c0cc0b7ae48f83887012824948","ParentId":"0000000000000000","RequestId":"0HNNS0UPOPVQ3","RequestPath":"/api/v1/organization-units/1fb8dbc3-b85d-48c5-a426-77b231be306c/inactivate","Environment":"Development","ProcessId":70359}}
{"Timestamp":"2026-08-16T20:32:25.4362910-06:00","Level":"Information","MessageTemplate":"Request starting {Protocol} {Method} {Scheme}://{Host}{PathBase}{Path}{QueryString} - {ContentType} {ContentLength}","TraceId":"48972868e91625ed366dd874d79834ed","SpanId":"9bcfedb415f9005b","Properties":{"Protocol":"HTTP/1.1","Method":"DELETE","ContentType":null,"ContentLength":null,"Scheme":"http","Host":"localhost","PathBase":"","Path":"/api/v1/organization-units/19fa0686-d155-4c24-ac32-f9e714d645ac","QueryString":"","EventId":{"Id":1},"SourceContext":"Microsoft.AspNetCore.Hosting.Diagnostics","SpanId":"9bcfedb415f9005b","TraceId":"48972868e91625ed366dd874d79834ed","ParentId":"0000000000000000","RequestId":"0HNNS0UPOPVQ4","RequestPath":"/api/v1/organization-units/19fa0686-d155-4c24-ac32-f9e714d645ac","Environment":"Development","ProcessId":70359}}
{"Timestamp":"2026-08-16T20:32:25.4365440-06:00","Level":"Debug","MessageTemplate":"AuthenticationScheme: {AuthenticationScheme} was successfully authenticated.","TraceId":"48972868e91625ed366dd874d79834ed","SpanId":"9bcfedb415f9005b","Properties":{"AuthenticationScheme":"IntegrationTest","EventId":{"Id":8,"Name":"AuthenticationSchemeAuthenticated"},"SourceContext":"CLARIHR.Api.IntegrationTests.TestAuthenticationHandler","SpanId":"9bcfedb415f9005b","TraceId":"48972868e91625ed366dd874d79834ed","ParentId":"0000000000000000","RequestId":"0HNNS0UPOPVQ4","RequestPath":"/api/v1/organization-units/19fa0686-d155-4c24-ac32-f9e714d645ac","Environment":"Development","ProcessId":70359}}
{"Timestamp":"2026-08-16T20:32:25.4476890-06:00","Level":"Information","MessageTemplate":"HTTP {Method} {Path} -&gt; {StatusCode} in {ElapsedMs}ms | Tenant: {TenantId} | User: {UserId}","TraceId":"48972868e91625ed366dd874d79834ed","SpanId":"9bcfedb415f9005b","Properties":{"Method":"DELETE","Path":"/api/v1/organization-units/19fa0686-d155-4c24-ac32-f9e714d645ac","StatusCode":409,"ElapsedMs":11,"TenantId":"1c5d64ec-ede3-4a82-9bae-3fc60735c0ea","UserId":"11111111-1111-1111-1111-111111111111","SourceContext":"CLARIHR.Api.Middleware.RequestLoggingMiddleware","SpanId":"9bcfedb415f9005b","TraceId":"48972868e91625ed366dd874d79834ed","ParentId":"0000000000000000","RequestId":"0HNNS0UPOPVQ4","RequestPath":"/api/v1/organization-units/19fa0686-d155-4c24-ac32-f9e714d645ac","RemoteIp":"unknown","Environment":"Development","ProcessId":70359}}
{"Timestamp":"2026-08-16T20:32:25.4479310-06:00","Level":"Information","MessageTemplate":"Request finished {Protocol} {Method} {Scheme}://{Host}{PathBase}{Path}{QueryString} - {StatusCode} {ContentLength} {ContentType} {ElapsedMilliseconds}ms","TraceId":"48972868e91625ed366dd874d79834ed","SpanId":"9bcfedb415f9005b","Properties":{"ElapsedMilliseconds":11.6158,"StatusCode":409,"ContentType":"application/problem+json; charset=utf-8","ContentLength":null,"Protocol":"HTTP/1.1","Method":"DELETE","Scheme":"http","Host":"localhost","PathBase":"","Path":"/api/v1/organization-units/19fa0686-d155-4c24-ac32-f9e714d645ac","QueryString":"","EventId":{"Id":2},"SourceContext":"Microsoft.AspNetCore.Hosting.Diagnostics","SpanId":"9bcfedb415f9005b","TraceId":"48972868e91625ed366dd874d79834ed","ParentId":"0000000000000000","RequestId":"0HNNS0UPOPVQ4","RequestPath":"/api/v1/organization-units/19fa0686-d155-4c24-ac32-f9e714d645ac","Environment":"Development","ProcessId":70359}}
{"Timestamp":"2026-08-16T20:32:25.4481220-06:00","Level":"Information","MessageTemplate":"Request starting {Protocol} {Method} {Scheme}://{Host}{PathBase}{Path}{QueryString} - {ContentType} {ContentLength}","TraceId":"dfd60a5f1062e9fd4db14e02f14e7b0c","SpanId":"77bd594526abda53","Properties":{"Protocol":"HTTP/1.1","Method":"GET","ContentType":null,"ContentLength":null,"Scheme":"http","Host":"localhost","PathBase":"","Path":"/api/v1/organization-units/19fa0686-d155-4c24-ac32-f9e714d645ac","QueryString":"","EventId":{"Id":1},"SourceContext":"Microsoft.AspNetCore.Hosting.Diagnostics","SpanId":"77bd594526abda53","TraceId":"dfd60a5f1062e9fd4db14e02f14e7b0c","ParentId":"0000000000000000","RequestId":"0HNNS0UPOPVQ5","RequestPath":"/api/v1/organization-units/19fa0686-d155-4c24-ac32-f9e714d645ac","Environment":"Development","ProcessId":70359}}
{"Timestamp":"2026-08-16T20:32:25.4484890-06:00","Level":"Debug","MessageTemplate":"AuthenticationScheme: {AuthenticationScheme} was successfully authenticated.","TraceId":"dfd60a5f1062e9fd4db14e02f14e7b0c","SpanId":"77bd594526abda53","Properties":{"AuthenticationScheme":"IntegrationTest","EventId":{"Id":8,"Name":"AuthenticationSchemeAuthenticated"},"SourceContext":"CLARIHR.Api.IntegrationTests.TestAuthenticationHandler","SpanId":"77bd594526abda53","TraceId":"dfd60a5f1062e9fd4db14e02f14e7b0c","ParentId":"0000000000000000","RequestId":"0HNNS0UPOPVQ5","RequestPath":"/api/v1/organization-units/19fa0686-d155-4c24-ac32-f9e714d645ac","Environment":"Development","ProcessId":70359}}
{"Timestamp":"2026-08-16T20:32:25.4711250-06:00","Level":"Information","MessageTemplate":"HTTP {Method} {Path} -&gt; {StatusCode} in {ElapsedMs}ms | Tenant: {TenantId} | User: {UserId}","TraceId":"dfd60a5f1062e9fd4db14e02f14e7b0c","SpanId":"77bd594526abda53","Properties":{"Method":"GET","Path":"/api/v1/organization-units/19fa0686-d155-4c24-ac32-f9e714d645ac","StatusCode":200,"ElapsedMs":22,"TenantId":"1c5d64ec-ede3-4a82-9bae-3fc60735c0ea","UserId":"11111111-1111-1111-1111-111111111111","SourceContext":"CLARIHR.Api.Middleware.RequestLoggingMiddleware","SpanId":"77bd594526abda53","TraceId":"dfd60a5f1062e9fd4db14e02f14e7b0c","ParentId":"0000000000000000","RequestId":"0HNNS0UPOPVQ5","RequestPath":"/api/v1/organization-units/19fa0686-d155-4c24-ac32-f9e714d645ac","RemoteIp":"unknown","Environment":"Development","ProcessId":70359}}
{"Timestamp":"2026-08-16T20:32:25.4714040-06:00","Level":"Information","MessageTemplate":"Request finished {Protocol} {Method} {Scheme}://{Host}{PathBase}{Path}{QueryString} - {StatusCode} {ContentLength} {ContentType} {ElapsedMilliseconds}ms","TraceId":"dfd60a5f1062e9fd4db14e02f14e7b0c","SpanId":"77bd594526abda53","Properties":{"ElapsedMilliseconds":23.2559,"StatusCode":200,"ContentType":"application/json; charset=utf-8","ContentLength":null,"Protocol":"HTTP/1.1","Method":"GET","Scheme":"http","Host":"localhost","PathBase":"","Path":"/api/v1/organization-units/19fa0686-d155-4c24-ac32-f9e714d645ac","QueryString":"","EventId":{"Id":2},"SourceContext":"Microsoft.AspNetCore.Hosting.Diagnostics","SpanId":"77bd594526abda53","TraceId":"dfd60a5f1062e9fd4db14e02f14e7b0c","ParentId":"0000000000000000","RequestId":"0HNNS0UPOPVQ5","RequestPath":"/api/v1/organization-units/19fa0686-d155-4c24-ac32-f9e714d645ac","Environment":"Development","ProcessId":70359}}
{"Timestamp":"2026-08-16T20:32:25.5300090-06:00","Level":"Information","MessageTemplate":"Application is shutting down...","Properties":{"SourceContext":"Microsoft.Hosting.Lifetime","Environment":"Development","ProcessId":70359}}
[xUnit.net 00:01:26.72]   Finished:    CLARIHR.Api.IntegrationTests
</StdOut>
    </Output>
  </ResultSummary>
</TestRun>