<?xml version="1.0" encoding="utf-8"?>
<TestRun id="88723a42-b865-4c55-8b5e-dd0d5e45b596" name="@Mac 2026-08-16 17:28:42" xmlns="http://microsoft.com/schemas/VisualStudio/TeamTest/2010">
  <Times creation="2026-08-16T17:28:43.0018630-06:00" queuing="2026-08-16T17:28:43.0018630-06:00" start="2026-08-16T17:27:55.4643430-06:00" finish="2026-08-16T17:30:18.6996090-06:00" />
  <TestSettings name="default" id="e40e4966-1369-4466-add7-2a3d5da86c32">
    <Deployment runDeploymentRoot="_Mac_2026-08-16_17_28_42" />
  </TestSettings>
  <Results>
    <UnitTestResult executionId="b5160115-bdee-406b-a00f-538585065403" testId="5292b565-6aea-97ec-0826-492f96de41c0" testName="CLARIHR.Api.IntegrationTests.AllowedActionsCoverageIntegrationTests.OptedInControllers_ReturnMarkerTypeOnEveryPutPatchAction" computerName="Mac" duration="00:00:00.0030771" startTime="2026-08-16T17:30:03.7846640-06:00" endTime="2026-08-16T17:30:03.7877360-06:00" testType="13cdc9d9-ddb5-4fa4-a97d-d965ccfc6d4b" outcome="Passed" testListId="8c84fa94-04c1-424b-9868-57a2d4851a1d" relativeResultsDirectory="b5160115-bdee-406b-a00f-538585065403" />
    <UnitTestResult executionId="7dd9d643-404d-4ef8-b001-e2871c731401" testId="81610e91-bcd5-a88f-ae74-7bf31dbe2e90" testName="CLARIHR.Api.IntegrationTests.PublicContractGuardrailsIntegrationTests.Swagger_ShouldNotExposeHybridParentChildActionRoutes" computerName="Mac" duration="00:00:08.1598783" startTime="2026-08-16T17:29:01.4084570-06:00" endTime="2026-08-16T17:29:09.5679430-06:00" testType="13cdc9d9-ddb5-4fa4-a97d-d965ccfc6d4b" outcome="Passed" testListId="8c84fa94-04c1-424b-9868-57a2d4851a1d" relativeResultsDirectory="7dd9d643-404d-4ef8-b001-e2871c731401" />
    <UnitTestResult executionId="779396d8-bc4b-4bf7-9ad8-5b7e4eedd368" testId="3c6c5368-4de9-009e-c6cd-83ce7af9da77" testName="CLARIHR.Api.IntegrationTests.PublicContractGuardrailsIntegrationTests.Swagger_ShouldExposeTypedCreatePersonnelFileRequest_AndShellResponse" computerName="Mac" duration="00:00:07.9144739" startTime="2026-08-16T17:29:09.5682350-06:00" endTime="2026-08-16T17:29:17.4825690-06:00" testType="13cdc9d9-ddb5-4fa4-a97d-d965ccfc6d4b" outcome="Passed" testListId="8c84fa94-04c1-424b-9868-57a2d4851a1d" relativeResultsDirectory="779396d8-bc4b-4bf7-9ad8-5b7e4eedd368" />
    <UnitTestResult executionId="85b50860-3324-457e-9765-5a13de02f768" testId="f786a086-d829-9cfa-8b1d-f93841472d9c" testName="CLARIHR.Api.IntegrationTests.PublicContractGuardrailsIntegrationTests.Swagger_ShouldExposeOnlyPublicIdentifiers_AndNormalizedCodes" computerName="Mac" duration="00:00:09.1664381" startTime="2026-08-16T17:28:52.2418050-06:00" endTime="2026-08-16T17:29:01.4079490-06:00" testType="13cdc9d9-ddb5-4fa4-a97d-d965ccfc6d4b" outcome="Passed" testListId="8c84fa94-04c1-424b-9868-57a2d4851a1d" relativeResultsDirectory="85b50860-3324-457e-9765-5a13de02f768" />
    <UnitTestResult executionId="e4aea7b4-c207-4852-9e92-ca9bcecc081f" testId="4ae4880e-6fbe-6d59-2eef-8f3e0c408d05" testName="CLARIHR.Api.IntegrationTests.PublicContractGuardrailsIntegrationTests.Swagger_ShouldExposePersonnelFilesCoreContracts_WithShellLifecycleAndLimitedSearchProjection" computerName="Mac" duration="00:00:09.2695340" startTime="2026-08-16T17:28:42.9793420-06:00" endTime="2026-08-16T17:28:52.2410570-06:00" testType="13cdc9d9-ddb5-4fa4-a97d-d965ccfc6d4b" outcome="Passed" testListId="8c84fa94-04c1-424b-9868-57a2d4851a1d" relativeResultsDirectory="e4aea7b4-c207-4852-9e92-ca9bcecc081f" />
    <UnitTestResult executionId="30ca87d6-df37-40f3-83e9-ad1ad184cb94" testId="b5f92bd8-3066-77b7-528b-649d03dc484a" testName="CLARIHR.Api.IntegrationTests.OpenApiContractGuardrailsIntegrationTests.Swagger_JobCatalogs_IsConsolidatedUnderJobProfilesTag_AndDocumented" computerName="Mac" duration="00:00:07.8513129" startTime="2026-08-16T17:29:40.5562520-06:00" endTime="2026-08-16T17:29:48.4074610-06:00" testType="13cdc9d9-ddb5-4fa4-a97d-d965ccfc6d4b" outcome="Passed" testListId="8c84fa94-04c1-424b-9868-57a2d4851a1d" relativeResultsDirectory="30ca87d6-df37-40f3-83e9-ad1ad184cb94" />
    <UnitTestResult executionId="5c1c7d61-ebbb-4f5b-9cb3-72b874cde532" testId="2c804b55-f133-22d4-9bc0-3766c8fdff1d" testName="CLARIHR.Api.IntegrationTests.AuthorizationPolicyConventionGuardrailsIntegrationTests.EveryMarkerPolicyName_ResolvesToARegisteredPolicy" computerName="Mac" duration="00:00:00.0058402" startTime="2026-08-16T17:30:18.5776220-06:00" endTime="2026-08-16T17:30:18.5833730-06:00" testType="13cdc9d9-ddb5-4fa4-a97d-d965ccfc6d4b" outcome="Passed" testListId="8c84fa94-04c1-424b-9868-57a2d4851a1d" relativeResultsDirectory="5c1c7d61-ebbb-4f5b-9cb3-72b874cde532" />
    <UnitTestResult executionId="6283669c-d9a6-4b5e-8a2e-dd798f9d3ed9" testId="55d4d3e6-4b5e-d038-5fea-f0c135e1c2e3" testName="CLARIHR.Api.IntegrationTests.PublicContractGuardrailsIntegrationTests.Swagger_ShouldUsePublicIdentifiers_ForDirectResourceRoutes_AndCompanyPublicId_ForCompanyContextRoutes" computerName="Mac" duration="00:00:08.0705669" startTime="2026-08-16T17:29:17.4828610-06:00" endTime="2026-08-16T17:29:25.5532670-06:00" testType="13cdc9d9-ddb5-4fa4-a97d-d965ccfc6d4b" outcome="Passed" testListId="8c84fa94-04c1-424b-9868-57a2d4851a1d" relativeResultsDirectory="6283669c-d9a6-4b5e-8a2e-dd798f9d3ed9" />
    <UnitTestResult executionId="3d04cb4c-181b-4ebc-9453-eecd63c8560d" testId="e6b5d1da-3245-e0d4-5f04-b079f102e337" testName="CLARIHR.Api.IntegrationTests.PublicContractGuardrailsIntegrationTests.ApplicationDbContext_Model_ShouldRequirePublicId_ForEveryPersistedEntity" computerName="Mac" duration="00:00:08.1793584" startTime="2026-08-16T17:28:34.7988420-06:00" endTime="2026-08-16T17:28:42.9709510-06:00" testType="13cdc9d9-ddb5-4fa4-a97d-d965ccfc6d4b" outcome="Passed" testListId="8c84fa94-04c1-424b-9868-57a2d4851a1d" relativeResultsDirectory="3d04cb4c-181b-4ebc-9453-eecd63c8560d" />
    <UnitTestResult executionId="3efe6c36-f4ed-4ba9-8dda-48280ac5da25" testId="26e43f22-74c7-f523-4430-0b817a87ec51" testName="CLARIHR.Api.IntegrationTests.AllowedActionsCoverageIntegrationTests.EveryDeclaredResourceKey_IsRegisteredInTheRegistry" computerName="Mac" duration="00:00:00.0035298" startTime="2026-08-16T17:30:03.7878200-06:00" endTime="2026-08-16T17:30:03.7913250-06:00" testType="13cdc9d9-ddb5-4fa4-a97d-d965ccfc6d4b" outcome="Passed" testListId="8c84fa94-04c1-424b-9868-57a2d4851a1d" relativeResultsDirectory="3efe6c36-f4ed-4ba9-8dda-48280ac5da25" />
  </Results>
  <TestDefinitions>
    <UnitTest name="CLARIHR.Api.IntegrationTests.AuthorizationPolicyConventionGuardrailsIntegrationTests.EveryMarkerPolicyName_ResolvesToARegisteredPolicy" storage="/users/christophercanas/developments/clari new version/clarihr/clarihr-backend/tests/clarihr.api.integrationtests/bin/debug/net10.0/clarihr.api.integrationtests.dll" id="2c804b55-f133-22d4-9bc0-3766c8fdff1d">
      <Execution id="5c1c7d61-ebbb-4f5b-9cb3-72b874cde532" />
      <TestMethod codeBase="/Users/christophercanas/Developments/CLARI NEW VERSION/clarihr/CLARIHR-backend/tests/CLARIHR.Api.IntegrationTests/bin/Debug/net10.0/CLARIHR.Api.IntegrationTests.dll" adapterTypeName="executor://xunit/VsTestRunner3/netcore/" className="CLARIHR.Api.IntegrationTests.AuthorizationPolicyConventionGuardrailsIntegrationTests" name="EveryMarkerPolicyName_ResolvesToARegisteredPolicy" />
    </UnitTest>
    <UnitTest name="CLARIHR.Api.IntegrationTests.AllowedActionsCoverageIntegrationTests.EveryDeclaredResourceKey_IsRegisteredInTheRegistry" storage="/users/christophercanas/developments/clari new version/clarihr/clarihr-backend/tests/clarihr.api.integrationtests/bin/debug/net10.0/clarihr.api.integrationtests.dll" id="26e43f22-74c7-f523-4430-0b817a87ec51">
      <Execution id="3efe6c36-f4ed-4ba9-8dda-48280ac5da25" />
      <TestMethod codeBase="/Users/christophercanas/Developments/CLARI NEW VERSION/clarihr/CLARIHR-backend/tests/CLARIHR.Api.IntegrationTests/bin/Debug/net10.0/CLARIHR.Api.IntegrationTests.dll" adapterTypeName="executor://xunit/VsTestRunner3/netcore/" className="CLARIHR.Api.IntegrationTests.AllowedActionsCoverageIntegrationTests" name="EveryDeclaredResourceKey_IsRegisteredInTheRegistry" />
    </UnitTest>
    <UnitTest name="CLARIHR.Api.IntegrationTests.PublicContractGuardrailsIntegrationTests.Swagger_ShouldExposePersonnelFilesCoreContracts_WithShellLifecycleAndLimitedSearchProjection" storage="/users/christophercanas/developments/clari new version/clarihr/clarihr-backend/tests/clarihr.api.integrationtests/bin/debug/net10.0/clarihr.api.integrationtests.dll" id="4ae4880e-6fbe-6d59-2eef-8f3e0c408d05">
      <Execution id="e4aea7b4-c207-4852-9e92-ca9bcecc081f" />
      <TestMethod codeBase="/Users/christophercanas/Developments/CLARI NEW VERSION/clarihr/CLARIHR-backend/tests/CLARIHR.Api.IntegrationTests/bin/Debug/net10.0/CLARIHR.Api.IntegrationTests.dll" adapterTypeName="executor://xunit/VsTestRunner3/netcore/" className="CLARIHR.Api.IntegrationTests.PublicContractGuardrailsIntegrationTests" name="Swagger_ShouldExposePersonnelFilesCoreContracts_WithShellLifecycleAndLimitedSearchProjection" />
    </UnitTest>
    <UnitTest name="CLARIHR.Api.IntegrationTests.AllowedActionsCoverageIntegrationTests.OptedInControllers_ReturnMarkerTypeOnEveryPutPatchAction" storage="/users/christophercanas/developments/clari new version/clarihr/clarihr-backend/tests/clarihr.api.integrationtests/bin/debug/net10.0/clarihr.api.integrationtests.dll" id="5292b565-6aea-97ec-0826-492f96de41c0">
      <Execution id="b5160115-bdee-406b-a00f-538585065403" />
      <TestMethod codeBase="/Users/christophercanas/Developments/CLARI NEW VERSION/clarihr/CLARIHR-backend/tests/CLARIHR.Api.IntegrationTests/bin/Debug/net10.0/CLARIHR.Api.IntegrationTests.dll" adapterTypeName="executor://xunit/VsTestRunner3/netcore/" className="CLARIHR.Api.IntegrationTests.AllowedActionsCoverageIntegrationTests" name="OptedInControllers_ReturnMarkerTypeOnEveryPutPatchAction" />
    </UnitTest>
    <UnitTest name="CLARIHR.Api.IntegrationTests.PublicContractGuardrailsIntegrationTests.ApplicationDbContext_Model_ShouldRequirePublicId_ForEveryPersistedEntity" storage="/users/christophercanas/developments/clari new version/clarihr/clarihr-backend/tests/clarihr.api.integrationtests/bin/debug/net10.0/clarihr.api.integrationtests.dll" id="e6b5d1da-3245-e0d4-5f04-b079f102e337">
      <Execution id="3d04cb4c-181b-4ebc-9453-eecd63c8560d" />
      <TestMethod codeBase="/Users/christophercanas/Developments/CLARI NEW VERSION/clarihr/CLARIHR-backend/tests/CLARIHR.Api.IntegrationTests/bin/Debug/net10.0/CLARIHR.Api.IntegrationTests.dll" adapterTypeName="executor://xunit/VsTestRunner3/netcore/" className="CLARIHR.Api.IntegrationTests.PublicContractGuardrailsIntegrationTests" name="ApplicationDbContext_Model_ShouldRequirePublicId_ForEveryPersistedEntity" />
    </UnitTest>
    <UnitTest name="CLARIHR.Api.IntegrationTests.PublicContractGuardrailsIntegrationTests.Swagger_ShouldNotExposeHybridParentChildActionRoutes" storage="/users/christophercanas/developments/clari new version/clarihr/clarihr-backend/tests/clarihr.api.integrationtests/bin/debug/net10.0/clarihr.api.integrationtests.dll" id="81610e91-bcd5-a88f-ae74-7bf31dbe2e90">
      <Execution id="7dd9d643-404d-4ef8-b001-e2871c731401" />
      <TestMethod codeBase="/Users/christophercanas/Developments/CLARI NEW VERSION/clarihr/CLARIHR-backend/tests/CLARIHR.Api.IntegrationTests/bin/Debug/net10.0/CLARIHR.Api.IntegrationTests.dll" adapterTypeName="executor://xunit/VsTestRunner3/netcore/" className="CLARIHR.Api.IntegrationTests.PublicContractGuardrailsIntegrationTests" name="Swagger_ShouldNotExposeHybridParentChildActionRoutes" />
    </UnitTest>
    <UnitTest name="CLARIHR.Api.IntegrationTests.PublicContractGuardrailsIntegrationTests.Swagger_ShouldExposeTypedCreatePersonnelFileRequest_AndShellResponse" storage="/users/christophercanas/developments/clari new version/clarihr/clarihr-backend/tests/clarihr.api.integrationtests/bin/debug/net10.0/clarihr.api.integrationtests.dll" id="3c6c5368-4de9-009e-c6cd-83ce7af9da77">
      <Execution id="779396d8-bc4b-4bf7-9ad8-5b7e4eedd368" />
      <TestMethod codeBase="/Users/christophercanas/Developments/CLARI NEW VERSION/clarihr/CLARIHR-backend/tests/CLARIHR.Api.IntegrationTests/bin/Debug/net10.0/CLARIHR.Api.IntegrationTests.dll" adapterTypeName="executor://xunit/VsTestRunner3/netcore/" className="CLARIHR.Api.IntegrationTests.PublicContractGuardrailsIntegrationTests" name="Swagger_ShouldExposeTypedCreatePersonnelFileRequest_AndShellResponse" />
    </UnitTest>
    <UnitTest name="CLARIHR.Api.IntegrationTests.PublicContractGuardrailsIntegrationTests.Swagger_ShouldExposeOnlyPublicIdentifiers_AndNormalizedCodes" storage="/users/christophercanas/developments/clari new version/clarihr/clarihr-backend/tests/clarihr.api.integrationtests/bin/debug/net10.0/clarihr.api.integrationtests.dll" id="f786a086-d829-9cfa-8b1d-f93841472d9c">
      <Execution id="85b50860-3324-457e-9765-5a13de02f768" />
      <TestMethod codeBase="/Users/christophercanas/Developments/CLARI NEW VERSION/clarihr/CLARIHR-backend/tests/CLARIHR.Api.IntegrationTests/bin/Debug/net10.0/CLARIHR.Api.IntegrationTests.dll" adapterTypeName="executor://xunit/VsTestRunner3/netcore/" className="CLARIHR.Api.IntegrationTests.PublicContractGuardrailsIntegrationTests" name="Swagger_ShouldExposeOnlyPublicIdentifiers_AndNormalizedCodes" />
    </UnitTest>
    <UnitTest name="CLARIHR.Api.IntegrationTests.OpenApiContractGuardrailsIntegrationTests.Swagger_JobCatalogs_IsConsolidatedUnderJobProfilesTag_AndDocumented" storage="/users/christophercanas/developments/clari new version/clarihr/clarihr-backend/tests/clarihr.api.integrationtests/bin/debug/net10.0/clarihr.api.integrationtests.dll" id="b5f92bd8-3066-77b7-528b-649d03dc484a">
      <Execution id="30ca87d6-df37-40f3-83e9-ad1ad184cb94" />
      <TestMethod codeBase="/Users/christophercanas/Developments/CLARI NEW VERSION/clarihr/CLARIHR-backend/tests/CLARIHR.Api.IntegrationTests/bin/Debug/net10.0/CLARIHR.Api.IntegrationTests.dll" adapterTypeName="executor://xunit/VsTestRunner3/netcore/" className="CLARIHR.Api.IntegrationTests.OpenApiContractGuardrailsIntegrationTests" name="Swagger_JobCatalogs_IsConsolidatedUnderJobProfilesTag_AndDocumented" />
    </UnitTest>
    <UnitTest name="CLARIHR.Api.IntegrationTests.PublicContractGuardrailsIntegrationTests.Swagger_ShouldUsePublicIdentifiers_ForDirectResourceRoutes_AndCompanyPublicId_ForCompanyContextRoutes" storage="/users/christophercanas/developments/clari new version/clarihr/clarihr-backend/tests/clarihr.api.integrationtests/bin/debug/net10.0/clarihr.api.integrationtests.dll" id="55d4d3e6-4b5e-d038-5fea-f0c135e1c2e3">
      <Execution id="6283669c-d9a6-4b5e-8a2e-dd798f9d3ed9" />
      <TestMethod codeBase="/Users/christophercanas/Developments/CLARI NEW VERSION/clarihr/CLARIHR-backend/tests/CLARIHR.Api.IntegrationTests/bin/Debug/net10.0/CLARIHR.Api.IntegrationTests.dll" adapterTypeName="executor://xunit/VsTestRunner3/netcore/" className="CLARIHR.Api.IntegrationTests.PublicContractGuardrailsIntegrationTests" name="Swagger_ShouldUsePublicIdentifiers_ForDirectResourceRoutes_AndCompanyPublicId_ForCompanyContextRoutes" />
    </UnitTest>
  </TestDefinitions>
  <TestEntries>
    <TestEntry testId="5292b565-6aea-97ec-0826-492f96de41c0" executionId="b5160115-bdee-406b-a00f-538585065403" testListId="8c84fa94-04c1-424b-9868-57a2d4851a1d" />
    <TestEntry testId="81610e91-bcd5-a88f-ae74-7bf31dbe2e90" executionId="7dd9d643-404d-4ef8-b001-e2871c731401" testListId="8c84fa94-04c1-424b-9868-57a2d4851a1d" />
    <TestEntry testId="3c6c5368-4de9-009e-c6cd-83ce7af9da77" executionId="779396d8-bc4b-4bf7-9ad8-5b7e4eedd368" testListId="8c84fa94-04c1-424b-9868-57a2d4851a1d" />
    <TestEntry testId="f786a086-d829-9cfa-8b1d-f93841472d9c" executionId="85b50860-3324-457e-9765-5a13de02f768" testListId="8c84fa94-04c1-424b-9868-57a2d4851a1d" />
    <TestEntry testId="4ae4880e-6fbe-6d59-2eef-8f3e0c408d05" executionId="e4aea7b4-c207-4852-9e92-ca9bcecc081f" testListId="8c84fa94-04c1-424b-9868-57a2d4851a1d" />
    <TestEntry testId="b5f92bd8-3066-77b7-528b-649d03dc484a" executionId="30ca87d6-df37-40f3-83e9-ad1ad184cb94" testListId="8c84fa94-04c1-424b-9868-57a2d4851a1d" />
    <TestEntry testId="2c804b55-f133-22d4-9bc0-3766c8fdff1d" executionId="5c1c7d61-ebbb-4f5b-9cb3-72b874cde532" testListId="8c84fa94-04c1-424b-9868-57a2d4851a1d" />
    <TestEntry testId="55d4d3e6-4b5e-d038-5fea-f0c135e1c2e3" executionId="6283669c-d9a6-4b5e-8a2e-dd798f9d3ed9" testListId="8c84fa94-04c1-424b-9868-57a2d4851a1d" />
    <TestEntry testId="e6b5d1da-3245-e0d4-5f04-b079f102e337" executionId="3d04cb4c-181b-4ebc-9453-eecd63c8560d" testListId="8c84fa94-04c1-424b-9868-57a2d4851a1d" />
    <TestEntry testId="26e43f22-74c7-f523-4430-0b817a87ec51" executionId="3efe6c36-f4ed-4ba9-8dda-48280ac5da25" testListId="8c84fa94-04c1-424b-9868-57a2d4851a1d" />
  </TestEntries>
  <TestLists>
    <TestList name="Results Not in a List" id="8c84fa94-04c1-424b-9868-57a2d4851a1d" />
    <TestList name="All Loaded Results" id="19431567-8539-422a-85d7-44ee4e166bda" />
  </TestLists>
  <ResultSummary outcome="Completed">
    <Counters total="10" executed="10" passed="10" failed="0" error="0" timeout="0" aborted="0" inconclusive="0" passedButRunAborted="0" notRunnable="0" notExecuted="0" disconnected="0" warning="0" completed="0" inProgress="0" pending="0" />
    <Output>
      <StdOut>[xUnit.net 00:00:00.00] xUnit.net VSTest Adapter v3.1.4+50e68bbb8b (64-bit .NET 10.0.2)
[xUnit.net 00:00:00.10]   Discovering: CLARIHR.Api.IntegrationTests
[xUnit.net 00:00:00.15]   Discovered:  CLARIHR.Api.IntegrationTests
[xUnit.net 00:00:00.16]   Starting:    CLARIHR.Api.IntegrationTests
{"Timestamp":"2026-08-16T17:27:56.2930440-06:00","Level":"Information","MessageTemplate":"Configured JWT authentication for the core API. Issuer {Issuer}, valid audience {Audience}, platform audience {PlatformAudience}, key fingerprint {KeyFingerprint}.","Properties":{"Issuer":"clarihr-integration","Audience":"clarihr-integration","PlatformAudience":"clarihr-platform-integration","KeyFingerprint":"B6C26E67B3BE","SourceContext":"CLARIHR.Api","Environment":"Development","ProcessId":57784}}
{"Timestamp":"2026-08-16T17:27:58.1659160-06:00","Level":"Error","MessageTemplate":"An error occurred using the connection to database '{database}' on server '{server}'.","Properties":{"database":"clarihr_integration_tests_084cd29f22a7457698ee18ef3e301e7e","server":"tcp://localhost:5433","EventId":{"Id":20004,"Name":"Microsoft.EntityFrameworkCore.Database.Connection.ConnectionError"},"SourceContext":"Microsoft.EntityFrameworkCore.Database.Connection","Environment":"Development","ProcessId":57784}}
{"Timestamp":"2026-08-16T17:28:22.0253080-06:00","Level":"Information","MessageTemplate":"Application started. Press Ctrl+C to shut down.","Properties":{"SourceContext":"Microsoft.Hosting.Lifetime","Environment":"Development","ProcessId":57784}}
{"Timestamp":"2026-08-16T17:28:22.0257790-06:00","Level":"Information","MessageTemplate":"Hosting environment: {EnvName}","Properties":{"EnvName":"Development","SourceContext":"Microsoft.Hosting.Lifetime","Environment":"Development","ProcessId":57784}}
{"Timestamp":"2026-08-16T17:28:22.0258420-06:00","Level":"Information","MessageTemplate":"Content root path: {ContentRoot}","Properties":{"ContentRoot":"/Users/christophercanas/Developments/CLARI NEW VERSION/clarihr/CLARIHR-backend/src/CLARIHR.Api","SourceContext":"Microsoft.Hosting.Lifetime","Environment":"Development","ProcessId":57784}}
{"Timestamp":"2026-08-16T17:28:22.0537730-06:00","Level":"Debug","MessageTemplate":"File cleanup cycle found no expired pending uploads.","Properties":{"EventId":{"Id":10006},"SourceContext":"CLARIHR.Infrastructure.Files.BackgroundJobs.PendingFileCleanupBackgroundService","Environment":"Development","ProcessId":57784}}
{"Timestamp":"2026-08-16T17:28:22.1706610-06:00","Level":"Error","MessageTemplate":"An error occurred using the connection to database '{database}' on server '{server}'.","Properties":{"database":"clarihr_integration_tests_084cd29f22a7457698ee18ef3e301e7e","server":"tcp://localhost:5433","EventId":{"Id":20004,"Name":"Microsoft.EntityFrameworkCore.Database.Connection.ConnectionError"},"SourceContext":"Microsoft.EntityFrameworkCore.Database.Connection","Environment":"Development","ProcessId":57784}}
{"Timestamp":"2026-08-16T17:28:34.9018760-06:00","Level":"Error","MessageTemplate":"An error occurred using the connection to database '{database}' on server '{server}'.","Properties":{"database":"clarihr_integration_tests_084cd29f22a7457698ee18ef3e301e7e","server":"tcp://localhost:5433","EventId":{"Id":20004,"Name":"Microsoft.EntityFrameworkCore.Database.Connection.ConnectionError"},"SourceContext":"Microsoft.EntityFrameworkCore.Database.Connection","Environment":"Development","ProcessId":57784}}
{"Timestamp":"2026-08-16T17:28:36.9761370-06:00","Level":"Error","MessageTemplate":"Failed executing DbCommand ({elapsed}ms) [Parameters=[{parameters}], CommandType='{commandType}', CommandTimeout='{commandTimeout}']{newLine}{commandText}","Properties":{"elapsed":"1","parameters":"@__utcNow_0='?' (DbType = DateTime), @__p_1='?' (DbType = Int32)","commandType":"Text","commandTimeout":30,"newLine":"\n","commandText":"SELECT r.id, r.artifact_blob_name, r.artifact_content_type, r.artifact_file_name, r.artifact_size_bytes, r.attempts, r.completed_utc, r.concurrency_token, r.created_utc, r.expires_utc, r.format, r.last_error_code, r.last_error_message, r.lease_until_utc, r.modified_utc, r.parameters_json, r.public_id, r.queued_utc, r.requested_by_user_id, r.resource_key, r.row_count, r.started_utc, r.status, r.tenant_id, r.worker_id\nFROM report_export_jobs AS r\nWHERE r.status = 'Succeeded' AND r.expires_utc IS NOT NULL AND r.expires_utc &lt;= @__utcNow_0\nORDER BY r.expires_utc\nLIMIT @__p_1","EventId":{"Id":20102,"Name":"Microsoft.EntityFrameworkCore.Database.Command.CommandError"},"SourceContext":"Microsoft.EntityFrameworkCore.Database.Command","Environment":"Development","ProcessId":57784}}
{"Timestamp":"2026-08-16T17:28:36.9824840-06:00","Level":"Error","MessageTemplate":"An exception occurred while iterating over the results of a query for context type '{contextType}'.{newline}{error}","Exception":"Npgsql.PostgresException (0x80004005): 42P01: relation \"report_export_jobs\" does not exist\n\nPOSITION: 426\n   at Npgsql.Internal.NpgsqlConnector.ReadMessageLong(Boolean async, DataRowLoadingMode dataRowLoadingMode, Boolean readingNotifications, Boolean isReadingPrependedMessage)\n   at System.Runtime.CompilerServices.PoolingAsyncValueTaskMethodBuilder`1.StateMachineBox`1.System.Threading.Tasks.Sources.IValueTaskSource&lt;TResult&gt;.GetResult(Int16 token)\n   at Npgsql.NpgsqlDataReader.NextResult(Boolean async, Boolean isConsuming, CancellationToken cancellationToken)\n   at Npgsql.NpgsqlDataReader.NextResult(Boolean async, Boolean isConsuming, CancellationToken cancellationToken)\n   at Npgsql.NpgsqlCommand.ExecuteReader(Boolean async, CommandBehavior behavior, CancellationToken cancellationToken)\n   at Npgsql.NpgsqlCommand.ExecuteReader(Boolean async, CommandBehavior behavior, CancellationToken cancellationToken)\n   at Npgsql.NpgsqlCommand.ExecuteDbDataReaderAsync(CommandBehavior behavior, CancellationToken cancellationToken)\n   at Microsoft.EntityFrameworkCore.Storage.RelationalCommand.ExecuteReaderAsync(RelationalCommandParameterObject parameterObject, CancellationToken cancellationToken)\n   at Microsoft.EntityFrameworkCore.Storage.RelationalCommand.ExecuteReaderAsync(RelationalCommandParameterObject parameterObject, CancellationToken cancellationToken)\n   at Microsoft.EntityFrameworkCore.Query.Internal.SingleQueryingEnumerable`1.AsyncEnumerator.InitializeReaderAsync(AsyncEnumerator enumerator, CancellationToken cancellationToken)\n   at Npgsql.EntityFrameworkCore.PostgreSQL.Storage.Internal.NpgsqlExecutionStrategy.ExecuteAsync[TState,TResult](TState state, Func`4 operation, Func`4 verifySucceeded, CancellationToken cancellationToken)\n   at Microsoft.EntityFrameworkCore.Query.Internal.SingleQueryingEnumerable`1.AsyncEnumerator.MoveNextAsync()\n  Exception data:\n    Severity: ERROR\n    SqlState: 42P01\n    MessageText: relation \"report_export_jobs\" does not exist\n    Position: 426\n    File: parse_relation.c\n    Line: 1449\n    Routine: parserOpenTable","Properties":{"contextType":"CLARIHR.Infrastructure.Persistence.ApplicationDbContext","newline":"\n","error":"Npgsql.PostgresException (0x80004005): 42P01: relation \"report_export_jobs\" does not exist\n\nPOSITION: 426\n   at Npgsql.Internal.NpgsqlConnector.ReadMessageLong(Boolean async, DataRowLoadingMode dataRowLoadingMode, Boolean readingNotifications, Boolean isReadingPrependedMessage)\n   at System.Runtime.CompilerServices.PoolingAsyncValueTaskMethodBuilder`1.StateMachineBox`1.System.Threading.Tasks.Sources.IValueTaskSource&lt;TResult&gt;.GetResult(Int16 token)\n   at Npgsql.NpgsqlDataReader.NextResult(Boolean async, Boolean isConsuming, CancellationToken cancellationToken)\n   at Npgsql.NpgsqlDataReader.NextResult(Boolean async, Boolean isConsuming, CancellationToken cancellationToken)\n   at Npgsql.NpgsqlCommand.ExecuteReader(Boolean async, CommandBehavior behavior, CancellationToken cancellationToken)\n   at Npgsql.NpgsqlCommand.ExecuteReader(Boolean async, CommandBehavior behavior, CancellationToken cancellationToken)\n   at Npgsql.NpgsqlCommand.ExecuteDbDataReaderAsync(CommandBehavior behavior, CancellationToken cancellationToken)\n   at Microsoft.EntityFrameworkCore.Storage.RelationalCommand.ExecuteReaderAsync(RelationalCommandParameterObject parameterObject, CancellationToken cancellationToken)\n   at Microsoft.EntityFrameworkCore.Storage.RelationalCommand.ExecuteReaderAsync(RelationalCommandParameterObject parameterObject, CancellationToken cancellationToken)\n   at Microsoft.EntityFrameworkCore.Query.Internal.SingleQueryingEnumerable`1.AsyncEnumerator.InitializeReaderAsync(AsyncEnumerator enumerator, CancellationToken cancellationToken)\n   at Npgsql.EntityFrameworkCore.PostgreSQL.Storage.Internal.NpgsqlExecutionStrategy.ExecuteAsync[TState,TResult](TState state, Func`4 operation, Func`4 verifySucceeded, CancellationToken cancellationToken)\n   at Microsoft.EntityFrameworkCore.Query.Internal.SingleQueryingEnumerable`1.AsyncEnumerator.MoveNextAsync()\n  Exception data:\n    Severity: ERROR\n    SqlState: 42P01\n    MessageText: relation \"report_export_jobs\" does not exist\n    Position: 426\n    File: parse_relation.c\n    Line: 1449\n    Routine: parserOpenTable","EventId":{"Id":10100,"Name":"Microsoft.EntityFrameworkCore.Query.QueryIterationFailed"},"SourceContext":"Microsoft.EntityFrameworkCore.Query","Environment":"Development","ProcessId":57784,"HasException":true}}
{"Timestamp":"2026-08-16T17:28:36.9839890-06:00","Level":"Error","MessageTemplate":"Report export worker cycle failed. cycle_duration_ms {cycle_duration_ms} worker_batch_size {worker_batch_size} poll_interval_seconds {poll_interval_seconds} had_work {had_work}","Exception":"Npgsql.PostgresException (0x80004005): 42P01: relation \"report_export_jobs\" does not exist\n\nPOSITION: 426\n   at Npgsql.Internal.NpgsqlConnector.ReadMessageLong(Boolean async, DataRowLoadingMode dataRowLoadingMode, Boolean readingNotifications, Boolean isReadingPrependedMessage)\n   at System.Runtime.CompilerServices.PoolingAsyncValueTaskMethodBuilder`1.StateMachineBox`1.System.Threading.Tasks.Sources.IValueTaskSource&lt;TResult&gt;.GetResult(Int16 token)\n   at Npgsql.NpgsqlDataReader.NextResult(Boolean async, Boolean isConsuming, CancellationToken cancellationToken)\n   at Npgsql.NpgsqlDataReader.NextResult(Boolean async, Boolean isConsuming, CancellationToken cancellationToken)\n   at Npgsql.NpgsqlCommand.ExecuteReader(Boolean async, CommandBehavior behavior, CancellationToken cancellationToken)\n   at Npgsql.NpgsqlCommand.ExecuteReader(Boolean async, CommandBehavior behavior, CancellationToken cancellationToken)\n   at Npgsql.NpgsqlCommand.ExecuteDbDataReaderAsync(CommandBehavior behavior, CancellationToken cancellationToken)\n   at Microsoft.EntityFrameworkCore.Storage.RelationalCommand.ExecuteReaderAsync(RelationalCommandParameterObject parameterObject, CancellationToken cancellationToken)\n   at Microsoft.EntityFrameworkCore.Storage.RelationalCommand.ExecuteReaderAsync(RelationalCommandParameterObject parameterObject, CancellationToken cancellationToken)\n   at Microsoft.EntityFrameworkCore.Query.Internal.SingleQueryingEnumerable`1.AsyncEnumerator.InitializeReaderAsync(AsyncEnumerator enumerator, CancellationToken cancellationToken)\n   at Npgsql.EntityFrameworkCore.PostgreSQL.Storage.Internal.NpgsqlExecutionStrategy.ExecuteAsync[TState,TResult](TState state, Func`4 operation, Func`4 verifySucceeded, CancellationToken cancellationToken)\n   at Microsoft.EntityFrameworkCore.Query.Internal.SingleQueryingEnumerable`1.AsyncEnumerator.MoveNextAsync()\n   at Microsoft.EntityFrameworkCore.EntityFrameworkQueryableExtensions.ToListAsync[TSource](IQueryable`1 source, CancellationToken cancellationToken)\n   at Microsoft.EntityFrameworkCore.EntityFrameworkQueryableExtensions.ToListAsync[TSource](IQueryable`1 source, CancellationToken cancellationToken)\n   at Microsoft.EntityFrameworkCore.EntityFrameworkQueryableExtensions.ToArrayAsync[TSource](IQueryable`1 source, CancellationToken cancellationToken)\n   at CLARIHR.Infrastructure.Reports.ReportExportJobRepository.GetExpiredSucceededAsync(DateTime utcNow, Int32 maxCount, CancellationToken cancellationToken) in /Users/christophercanas/Developments/CLARI NEW VERSION/clarihr/CLARIHR-backend/src/CLARIHR.Infrastructure/Reports/ReportExportJobRepository.cs:line 83\n   at CLARIHR.Infrastructure.Reports.ReportExportJobProcessor.ExpireArtifactsAsync(CancellationToken cancellationToken) in /Users/christophercanas/Developments/CLARI NEW VERSION/clarihr/CLARIHR-backend/src/CLARIHR.Infrastructure/Reports/ReportExportJobProcessor.cs:line 361\n   at CLARIHR.Infrastructure.Reports.ReportExportJobProcessor.ProcessDueJobsAsync(CancellationToken cancellationToken) in /Users/christophercanas/Developments/CLARI NEW VERSION/clarihr/CLARIHR-backend/src/CLARIHR.Infrastructure/Reports/ReportExportJobProcessor.cs:line 33\n   at CLARIHR.Infrastructure.Reports.ReportExportJobBackgroundService.ExecuteCycleAsync(CancellationToken cancellationToken) in /Users/christophercanas/Developments/CLARI NEW VERSION/clarihr/CLARIHR-backend/src/CLARIHR.Infrastructure/Reports/ReportExportJobBackgroundService.cs:line 39\n  Exception data:\n    Severity: ERROR\n    SqlState: 42P01\n    MessageText: relation \"report_export_jobs\" does not exist\n    Position: 426\n    File: parse_relation.c\n    Line: 1449\n    Routine: parserOpenTable","Properties":{"cycle_duration_ms":19,"worker_batch_size":2,"poll_interval_seconds":15,"had_work":false,"EventId":{"Id":40003,"Name":"report_export_worker_cycle_failed"},"SourceContext":"CLARIHR.Infrastructure.Reports.ReportExportJobBackgroundService","Environment":"Development","ProcessId":57784,"HasException":true}}
{"Timestamp":"2026-08-16T17:28:43.0313280-06:00","Level":"Error","MessageTemplate":"An error occurred using the connection to database '{database}' on server '{server}'.","Properties":{"database":"clarihr_integration_tests_084cd29f22a7457698ee18ef3e301e7e","server":"tcp://localhost:5433","EventId":{"Id":20004,"Name":"Microsoft.EntityFrameworkCore.Database.Connection.ConnectionError"},"SourceContext":"Microsoft.EntityFrameworkCore.Database.Connection","Environment":"Development","ProcessId":57784}}
{"Timestamp":"2026-08-16T17:28:50.8899480-06:00","Level":"Information","MessageTemplate":"Request starting {Protocol} {Method} {Scheme}://{Host}{PathBase}{Path}{QueryString} - {ContentType} {ContentLength}","TraceId":"d3d2aa1135fce8d2f3388fe69b5ac883","SpanId":"e0f0284a3c4cdc41","Properties":{"Protocol":"HTTP/1.1","Method":"GET","ContentType":null,"ContentLength":null,"Scheme":"http","Host":"localhost","PathBase":"","Path":"/swagger/v1/swagger.json","QueryString":"","EventId":{"Id":1},"SourceContext":"Microsoft.AspNetCore.Hosting.Diagnostics","SpanId":"e0f0284a3c4cdc41","TraceId":"d3d2aa1135fce8d2f3388fe69b5ac883","ParentId":"0000000000000000","RequestId":"0HNNRTOGH6FKF","RequestPath":"/swagger/v1/swagger.json","Environment":"Development","ProcessId":57784}}
{"Timestamp":"2026-08-16T17:28:52.2146400-06:00","Level":"Information","MessageTemplate":"Request finished {Protocol} {Method} {Scheme}://{Host}{PathBase}{Path}{QueryString} - {StatusCode} {ContentLength} {ContentType} {ElapsedMilliseconds}ms","TraceId":"d3d2aa1135fce8d2f3388fe69b5ac883","SpanId":"e0f0284a3c4cdc41","Properties":{"ElapsedMilliseconds":1325.5561,"StatusCode":200,"ContentType":"application/json;charset=utf-8","ContentLength":null,"Protocol":"HTTP/1.1","Method":"GET","Scheme":"http","Host":"localhost","PathBase":"","Path":"/swagger/v1/swagger.json","QueryString":"","EventId":{"Id":2},"SourceContext":"Microsoft.AspNetCore.Hosting.Diagnostics","SpanId":"e0f0284a3c4cdc41","TraceId":"d3d2aa1135fce8d2f3388fe69b5ac883","ParentId":"0000000000000000","RequestId":"0HNNRTOGH6FKF","RequestPath":"/swagger/v1/swagger.json","Environment":"Development","ProcessId":57784}}
{"Timestamp":"2026-08-16T17:28:52.3115370-06:00","Level":"Error","MessageTemplate":"An error occurred using the connection to database '{database}' on server '{server}'.","Properties":{"database":"clarihr_integration_tests_084cd29f22a7457698ee18ef3e301e7e","server":"tcp://localhost:5433","EventId":{"Id":20004,"Name":"Microsoft.EntityFrameworkCore.Database.Connection.ConnectionError"},"SourceContext":"Microsoft.EntityFrameworkCore.Database.Connection","Environment":"Development","ProcessId":57784}}
{"Timestamp":"2026-08-16T17:29:00.4952310-06:00","Level":"Information","MessageTemplate":"Request starting {Protocol} {Method} {Scheme}://{Host}{PathBase}{Path}{QueryString} - {ContentType} {ContentLength}","TraceId":"fcb6a379d7fc9b41869f07f00630c01d","SpanId":"0109031c50b82bd6","Properties":{"Protocol":"HTTP/1.1","Method":"GET","ContentType":null,"ContentLength":null,"Scheme":"http","Host":"localhost","PathBase":"","Path":"/swagger/v1/swagger.json","QueryString":"","EventId":{"Id":1},"SourceContext":"Microsoft.AspNetCore.Hosting.Diagnostics","SpanId":"0109031c50b82bd6","TraceId":"fcb6a379d7fc9b41869f07f00630c01d","ParentId":"0000000000000000","RequestId":"0HNNRTOGH6FKG","RequestPath":"/swagger/v1/swagger.json","Environment":"Development","ProcessId":57784}}
{"Timestamp":"2026-08-16T17:29:01.3652790-06:00","Level":"Information","MessageTemplate":"Request finished {Protocol} {Method} {Scheme}://{Host}{PathBase}{Path}{QueryString} - {StatusCode} {ContentLength} {ContentType} {ElapsedMilliseconds}ms","TraceId":"fcb6a379d7fc9b41869f07f00630c01d","SpanId":"0109031c50b82bd6","Properties":{"ElapsedMilliseconds":869.9791,"StatusCode":200,"ContentType":"application/json;charset=utf-8","ContentLength":null,"Protocol":"HTTP/1.1","Method":"GET","Scheme":"http","Host":"localhost","PathBase":"","Path":"/swagger/v1/swagger.json","QueryString":"","EventId":{"Id":2},"SourceContext":"Microsoft.AspNetCore.Hosting.Diagnostics","SpanId":"0109031c50b82bd6","TraceId":"fcb6a379d7fc9b41869f07f00630c01d","ParentId":"0000000000000000","RequestId":"0HNNRTOGH6FKG","RequestPath":"/swagger/v1/swagger.json","Environment":"Development","ProcessId":57784}}
{"Timestamp":"2026-08-16T17:29:01.4979040-06:00","Level":"Error","MessageTemplate":"An error occurred using the connection to database '{database}' on server '{server}'.","Properties":{"database":"clarihr_integration_tests_084cd29f22a7457698ee18ef3e301e7e","server":"tcp://localhost:5433","EventId":{"Id":20004,"Name":"Microsoft.EntityFrameworkCore.Database.Connection.ConnectionError"},"SourceContext":"Microsoft.EntityFrameworkCore.Database.Connection","Environment":"Development","ProcessId":57784}}
{"Timestamp":"2026-08-16T17:29:06.9862790-06:00","Level":"Error","MessageTemplate":"Failed executing DbCommand ({elapsed}ms) [Parameters=[{parameters}], CommandType='{commandType}', CommandTimeout='{commandTimeout}']{newLine}{commandText}","Properties":{"elapsed":"1","parameters":"@__utcNow_0='?' (DbType = DateTime), @__p_1='?' (DbType = Int32)","commandType":"Text","commandTimeout":30,"newLine":"\n","commandText":"SELECT r.id, r.artifact_blob_name, r.artifact_content_type, r.artifact_file_name, r.artifact_size_bytes, r.attempts, r.completed_utc, r.concurrency_token, r.created_utc, r.expires_utc, r.format, r.last_error_code, r.last_error_message, r.lease_until_utc, r.modified_utc, r.parameters_json, r.public_id, r.queued_utc, r.requested_by_user_id, r.resource_key, r.row_count, r.started_utc, r.status, r.tenant_id, r.worker_id\nFROM report_export_jobs AS r\nWHERE r.status = 'Succeeded' AND r.expires_utc IS NOT NULL AND r.expires_utc &lt;= @__utcNow_0\nORDER BY r.expires_utc\nLIMIT @__p_1","EventId":{"Id":20102,"Name":"Microsoft.EntityFrameworkCore.Database.Command.CommandError"},"SourceContext":"Microsoft.EntityFrameworkCore.Database.Command","Environment":"Development","ProcessId":57784}}
{"Timestamp":"2026-08-16T17:29:06.9874060-06:00","Level":"Error","MessageTemplate":"An exception occurred while iterating over the results of a query for context type '{contextType}'.{newline}{error}","Exception":"Npgsql.PostgresException (0x80004005): 42P01: relation \"report_export_jobs\" does not exist\n\nPOSITION: 426\n   at Npgsql.Internal.NpgsqlConnector.ReadMessageLong(Boolean async, DataRowLoadingMode dataRowLoadingMode, Boolean readingNotifications, Boolean isReadingPrependedMessage)\n   at System.Runtime.CompilerServices.PoolingAsyncValueTaskMethodBuilder`1.StateMachineBox`1.System.Threading.Tasks.Sources.IValueTaskSource&lt;TResult&gt;.GetResult(Int16 token)\n   at Npgsql.NpgsqlDataReader.NextResult(Boolean async, Boolean isConsuming, CancellationToken cancellationToken)\n   at Npgsql.NpgsqlDataReader.NextResult(Boolean async, Boolean isConsuming, CancellationToken cancellationToken)\n   at Npgsql.NpgsqlCommand.ExecuteReader(Boolean async, CommandBehavior behavior, CancellationToken cancellationToken)\n   at Npgsql.NpgsqlCommand.ExecuteReader(Boolean async, CommandBehavior behavior, CancellationToken cancellationToken)\n   at Npgsql.NpgsqlCommand.ExecuteDbDataReaderAsync(CommandBehavior behavior, CancellationToken cancellationToken)\n   at Microsoft.EntityFrameworkCore.Storage.RelationalCommand.ExecuteReaderAsync(RelationalCommandParameterObject parameterObject, CancellationToken cancellationToken)\n   at Microsoft.EntityFrameworkCore.Storage.RelationalCommand.ExecuteReaderAsync(RelationalCommandParameterObject parameterObject, CancellationToken cancellationToken)\n   at Microsoft.EntityFrameworkCore.Query.Internal.SingleQueryingEnumerable`1.AsyncEnumerator.InitializeReaderAsync(AsyncEnumerator enumerator, CancellationToken cancellationToken)\n   at Npgsql.EntityFrameworkCore.PostgreSQL.Storage.Internal.NpgsqlExecutionStrategy.ExecuteAsync[TState,TResult](TState state, Func`4 operation, Func`4 verifySucceeded, CancellationToken cancellationToken)\n   at Microsoft.EntityFrameworkCore.Query.Internal.SingleQueryingEnumerable`1.AsyncEnumerator.MoveNextAsync()\n  Exception data:\n    Severity: ERROR\n    SqlState: 42P01\n    MessageText: relation \"report_export_jobs\" does not exist\n    Position: 426\n    File: parse_relation.c\n    Line: 1449\n    Routine: parserOpenTable","Properties":{"contextType":"CLARIHR.Infrastructure.Persistence.ApplicationDbContext","newline":"\n","error":"Npgsql.PostgresException (0x80004005): 42P01: relation \"report_export_jobs\" does not exist\n\nPOSITION: 426\n   at Npgsql.Internal.NpgsqlConnector.ReadMessageLong(Boolean async, DataRowLoadingMode dataRowLoadingMode, Boolean readingNotifications, Boolean isReadingPrependedMessage)\n   at System.Runtime.CompilerServices.PoolingAsyncValueTaskMethodBuilder`1.StateMachineBox`1.System.Threading.Tasks.Sources.IValueTaskSource&lt;TResult&gt;.GetResult(Int16 token)\n   at Npgsql.NpgsqlDataReader.NextResult(Boolean async, Boolean isConsuming, CancellationToken cancellationToken)\n   at Npgsql.NpgsqlDataReader.NextResult(Boolean async, Boolean isConsuming, CancellationToken cancellationToken)\n   at Npgsql.NpgsqlCommand.ExecuteReader(Boolean async, CommandBehavior behavior, CancellationToken cancellationToken)\n   at Npgsql.NpgsqlCommand.ExecuteReader(Boolean async, CommandBehavior behavior, CancellationToken cancellationToken)\n   at Npgsql.NpgsqlCommand.ExecuteDbDataReaderAsync(CommandBehavior behavior, CancellationToken cancellationToken)\n   at Microsoft.EntityFrameworkCore.Storage.RelationalCommand.ExecuteReaderAsync(RelationalCommandParameterObject parameterObject, CancellationToken cancellationToken)\n   at Microsoft.EntityFrameworkCore.Storage.RelationalCommand.ExecuteReaderAsync(RelationalCommandParameterObject parameterObject, CancellationToken cancellationToken)\n   at Microsoft.EntityFrameworkCore.Query.Internal.SingleQueryingEnumerable`1.AsyncEnumerator.InitializeReaderAsync(AsyncEnumerator enumerator, CancellationToken cancellationToken)\n   at Npgsql.EntityFrameworkCore.PostgreSQL.Storage.Internal.NpgsqlExecutionStrategy.ExecuteAsync[TState,TResult](TState state, Func`4 operation, Func`4 verifySucceeded, CancellationToken cancellationToken)\n   at Microsoft.EntityFrameworkCore.Query.Internal.SingleQueryingEnumerable`1.AsyncEnumerator.MoveNextAsync()\n  Exception data:\n    Severity: ERROR\n    SqlState: 42P01\n    MessageText: relation \"report_export_jobs\" does not exist\n    Position: 426\n    File: parse_relation.c\n    Line: 1449\n    Routine: parserOpenTable","EventId":{"Id":10100,"Name":"Microsoft.EntityFrameworkCore.Query.QueryIterationFailed"},"SourceContext":"Microsoft.EntityFrameworkCore.Query","Environment":"Development","ProcessId":57784,"HasException":true}}
{"Timestamp":"2026-08-16T17:29:06.9882100-06:00","Level":"Error","MessageTemplate":"Report export worker cycle failed. cycle_duration_ms {cycle_duration_ms} worker_batch_size {worker_batch_size} poll_interval_seconds {poll_interval_seconds} had_work {had_work}","Exception":"Npgsql.PostgresException (0x80004005): 42P01: relation \"report_export_jobs\" does not exist\n\nPOSITION: 426\n   at Npgsql.Internal.NpgsqlConnector.ReadMessageLong(Boolean async, DataRowLoadingMode dataRowLoadingMode, Boolean readingNotifications, Boolean isReadingPrependedMessage)\n   at System.Runtime.CompilerServices.PoolingAsyncValueTaskMethodBuilder`1.StateMachineBox`1.System.Threading.Tasks.Sources.IValueTaskSource&lt;TResult&gt;.GetResult(Int16 token)\n   at Npgsql.NpgsqlDataReader.NextResult(Boolean async, Boolean isConsuming, CancellationToken cancellationToken)\n   at Npgsql.NpgsqlDataReader.NextResult(Boolean async, Boolean isConsuming, CancellationToken cancellationToken)\n   at Npgsql.NpgsqlCommand.ExecuteReader(Boolean async, CommandBehavior behavior, CancellationToken cancellationToken)\n   at Npgsql.NpgsqlCommand.ExecuteReader(Boolean async, CommandBehavior behavior, CancellationToken cancellationToken)\n   at Npgsql.NpgsqlCommand.ExecuteDbDataReaderAsync(CommandBehavior behavior, CancellationToken cancellationToken)\n   at Microsoft.EntityFrameworkCore.Storage.RelationalCommand.ExecuteReaderAsync(RelationalCommandParameterObject parameterObject, CancellationToken cancellationToken)\n   at Microsoft.EntityFrameworkCore.Storage.RelationalCommand.ExecuteReaderAsync(RelationalCommandParameterObject parameterObject, CancellationToken cancellationToken)\n   at Microsoft.EntityFrameworkCore.Query.Internal.SingleQueryingEnumerable`1.AsyncEnumerator.InitializeReaderAsync(AsyncEnumerator enumerator, CancellationToken cancellationToken)\n   at Npgsql.EntityFrameworkCore.PostgreSQL.Storage.Internal.NpgsqlExecutionStrategy.ExecuteAsync[TState,TResult](TState state, Func`4 operation, Func`4 verifySucceeded, CancellationToken cancellationToken)\n   at Microsoft.EntityFrameworkCore.Query.Internal.SingleQueryingEnumerable`1.AsyncEnumerator.MoveNextAsync()\n   at Microsoft.EntityFrameworkCore.EntityFrameworkQueryableExtensions.ToListAsync[TSource](IQueryable`1 source, CancellationToken cancellationToken)\n   at Microsoft.EntityFrameworkCore.EntityFrameworkQueryableExtensions.ToListAsync[TSource](IQueryable`1 source, CancellationToken cancellationToken)\n   at Microsoft.EntityFrameworkCore.EntityFrameworkQueryableExtensions.ToArrayAsync[TSource](IQueryable`1 source, CancellationToken cancellationToken)\n   at CLARIHR.Infrastructure.Reports.ReportExportJobRepository.GetExpiredSucceededAsync(DateTime utcNow, Int32 maxCount, CancellationToken cancellationToken) in /Users/christophercanas/Developments/CLARI NEW VERSION/clarihr/CLARIHR-backend/src/CLARIHR.Infrastructure/Reports/ReportExportJobRepository.cs:line 83\n   at CLARIHR.Infrastructure.Reports.ReportExportJobProcessor.ExpireArtifactsAsync(CancellationToken cancellationToken) in /Users/christophercanas/Developments/CLARI NEW VERSION/clarihr/CLARIHR-backend/src/CLARIHR.Infrastructure/Reports/ReportExportJobProcessor.cs:line 361\n   at CLARIHR.Infrastructure.Reports.ReportExportJobProcessor.ProcessDueJobsAsync(CancellationToken cancellationToken) in /Users/christophercanas/Developments/CLARI NEW VERSION/clarihr/CLARIHR-backend/src/CLARIHR.Infrastructure/Reports/ReportExportJobProcessor.cs:line 33\n   at CLARIHR.Infrastructure.Reports.ReportExportJobBackgroundService.ExecuteCycleAsync(CancellationToken cancellationToken) in /Users/christophercanas/Developments/CLARI NEW VERSION/clarihr/CLARIHR-backend/src/CLARIHR.Infrastructure/Reports/ReportExportJobBackgroundService.cs:line 39\n  Exception data:\n    Severity: ERROR\n    SqlState: 42P01\n    MessageText: relation \"report_export_jobs\" does not exist\n    Position: 426\n    File: parse_relation.c\n    Line: 1449\n    Routine: parserOpenTable","Properties":{"cycle_duration_ms":23,"worker_batch_size":2,"poll_interval_seconds":15,"had_work":false,"EventId":{"Id":40003,"Name":"report_export_worker_cycle_failed"},"SourceContext":"CLARIHR.Infrastructure.Reports.ReportExportJobBackgroundService","Environment":"Development","ProcessId":57784,"HasException":true}}
{"Timestamp":"2026-08-16T17:29:08.9511280-06:00","Level":"Information","MessageTemplate":"Request starting {Protocol} {Method} {Scheme}://{Host}{PathBase}{Path}{QueryString} - {ContentType} {ContentLength}","TraceId":"6d1d6ecefc8c9bdef08035ad303dbbb4","SpanId":"6265475f42e2faa6","Properties":{"Protocol":"HTTP/1.1","Method":"GET","ContentType":null,"ContentLength":null,"Scheme":"http","Host":"localhost","PathBase":"","Path":"/swagger/v1/swagger.json","QueryString":"","EventId":{"Id":1},"SourceContext":"Microsoft.AspNetCore.Hosting.Diagnostics","SpanId":"6265475f42e2faa6","TraceId":"6d1d6ecefc8c9bdef08035ad303dbbb4","ParentId":"0000000000000000","RequestId":"0HNNRTOGH6FKH","RequestPath":"/swagger/v1/swagger.json","Environment":"Development","ProcessId":57784}}
{"Timestamp":"2026-08-16T17:29:09.5529890-06:00","Level":"Information","MessageTemplate":"Request finished {Protocol} {Method} {Scheme}://{Host}{PathBase}{Path}{QueryString} - {StatusCode} {ContentLength} {ContentType} {ElapsedMilliseconds}ms","TraceId":"6d1d6ecefc8c9bdef08035ad303dbbb4","SpanId":"6265475f42e2faa6","Properties":{"ElapsedMilliseconds":601.8405,"StatusCode":200,"ContentType":"application/json;charset=utf-8","ContentLength":null,"Protocol":"HTTP/1.1","Method":"GET","Scheme":"http","Host":"localhost","PathBase":"","Path":"/swagger/v1/swagger.json","QueryString":"","EventId":{"Id":2},"SourceContext":"Microsoft.AspNetCore.Hosting.Diagnostics","SpanId":"6265475f42e2faa6","TraceId":"6d1d6ecefc8c9bdef08035ad303dbbb4","ParentId":"0000000000000000","RequestId":"0HNNRTOGH6FKH","RequestPath":"/swagger/v1/swagger.json","Environment":"Development","ProcessId":57784}}
{"Timestamp":"2026-08-16T17:29:09.6296960-06:00","Level":"Error","MessageTemplate":"An error occurred using the connection to database '{database}' on server '{server}'.","Properties":{"database":"clarihr_integration_tests_084cd29f22a7457698ee18ef3e301e7e","server":"tcp://localhost:5433","EventId":{"Id":20004,"Name":"Microsoft.EntityFrameworkCore.Database.Connection.ConnectionError"},"SourceContext":"Microsoft.EntityFrameworkCore.Database.Connection","Environment":"Development","ProcessId":57784}}
{"Timestamp":"2026-08-16T17:29:16.6816920-06:00","Level":"Information","MessageTemplate":"Request starting {Protocol} {Method} {Scheme}://{Host}{PathBase}{Path}{QueryString} - {ContentType} {ContentLength}","TraceId":"386b60714f64a38666c025ba7d807a3c","SpanId":"4fc580bfd68d8c76","Properties":{"Protocol":"HTTP/1.1","Method":"GET","ContentType":null,"ContentLength":null,"Scheme":"http","Host":"localhost","PathBase":"","Path":"/swagger/v1/swagger.json","QueryString":"","EventId":{"Id":1},"SourceContext":"Microsoft.AspNetCore.Hosting.Diagnostics","SpanId":"4fc580bfd68d8c76","TraceId":"386b60714f64a38666c025ba7d807a3c","ParentId":"0000000000000000","RequestId":"0HNNRTOGH6FKI","RequestPath":"/swagger/v1/swagger.json","Environment":"Development","ProcessId":57784}}
{"Timestamp":"2026-08-16T17:29:17.4711280-06:00","Level":"Information","MessageTemplate":"Request finished {Protocol} {Method} {Scheme}://{Host}{PathBase}{Path}{QueryString} - {StatusCode} {ContentLength} {ContentType} {ElapsedMilliseconds}ms","TraceId":"386b60714f64a38666c025ba7d807a3c","SpanId":"4fc580bfd68d8c76","Properties":{"ElapsedMilliseconds":789.4165,"StatusCode":200,"ContentType":"application/json;charset=utf-8","ContentLength":null,"Protocol":"HTTP/1.1","Method":"GET","Scheme":"http","Host":"localhost","PathBase":"","Path":"/swagger/v1/swagger.json","QueryString":"","EventId":{"Id":2},"SourceContext":"Microsoft.AspNetCore.Hosting.Diagnostics","SpanId":"4fc580bfd68d8c76","TraceId":"386b60714f64a38666c025ba7d807a3c","ParentId":"0000000000000000","RequestId":"0HNNRTOGH6FKI","RequestPath":"/swagger/v1/swagger.json","Environment":"Development","ProcessId":57784}}
{"Timestamp":"2026-08-16T17:29:17.5476380-06:00","Level":"Error","MessageTemplate":"An error occurred using the connection to database '{database}' on server '{server}'.","Properties":{"database":"clarihr_integration_tests_084cd29f22a7457698ee18ef3e301e7e","server":"tcp://localhost:5433","EventId":{"Id":20004,"Name":"Microsoft.EntityFrameworkCore.Database.Connection.ConnectionError"},"SourceContext":"Microsoft.EntityFrameworkCore.Database.Connection","Environment":"Development","ProcessId":57784}}
{"Timestamp":"2026-08-16T17:29:21.9772560-06:00","Level":"Error","MessageTemplate":"Failed executing DbCommand ({elapsed}ms) [Parameters=[{parameters}], CommandType='{commandType}', CommandTimeout='{commandTimeout}']{newLine}{commandText}","Properties":{"elapsed":"1","parameters":"@__utcNow_0='?' (DbType = DateTime), @__p_1='?' (DbType = Int32)","commandType":"Text","commandTimeout":30,"newLine":"\n","commandText":"SELECT r.id, r.artifact_blob_name, r.artifact_content_type, r.artifact_file_name, r.artifact_size_bytes, r.attempts, r.completed_utc, r.concurrency_token, r.created_utc, r.expires_utc, r.format, r.last_error_code, r.last_error_message, r.lease_until_utc, r.modified_utc, r.parameters_json, r.public_id, r.queued_utc, r.requested_by_user_id, r.resource_key, r.row_count, r.started_utc, r.status, r.tenant_id, r.worker_id\nFROM report_export_jobs AS r\nWHERE r.status = 'Succeeded' AND r.expires_utc IS NOT NULL AND r.expires_utc &lt;= @__utcNow_0\nORDER BY r.expires_utc\nLIMIT @__p_1","EventId":{"Id":20102,"Name":"Microsoft.EntityFrameworkCore.Database.Command.CommandError"},"SourceContext":"Microsoft.EntityFrameworkCore.Database.Command","Environment":"Development","ProcessId":57784}}
{"Timestamp":"2026-08-16T17:29:21.9778910-06:00","Level":"Error","MessageTemplate":"An exception occurred while iterating over the results of a query for context type '{contextType}'.{newline}{error}","Exception":"Npgsql.PostgresException (0x80004005): 42P01: relation \"report_export_jobs\" does not exist\n\nPOSITION: 426\n   at Npgsql.Internal.NpgsqlConnector.ReadMessageLong(Boolean async, DataRowLoadingMode dataRowLoadingMode, Boolean readingNotifications, Boolean isReadingPrependedMessage)\n   at System.Runtime.CompilerServices.PoolingAsyncValueTaskMethodBuilder`1.StateMachineBox`1.System.Threading.Tasks.Sources.IValueTaskSource&lt;TResult&gt;.GetResult(Int16 token)\n   at Npgsql.NpgsqlDataReader.NextResult(Boolean async, Boolean isConsuming, CancellationToken cancellationToken)\n   at Npgsql.NpgsqlDataReader.NextResult(Boolean async, Boolean isConsuming, CancellationToken cancellationToken)\n   at Npgsql.NpgsqlCommand.ExecuteReader(Boolean async, CommandBehavior behavior, CancellationToken cancellationToken)\n   at Npgsql.NpgsqlCommand.ExecuteReader(Boolean async, CommandBehavior behavior, CancellationToken cancellationToken)\n   at Npgsql.NpgsqlCommand.ExecuteDbDataReaderAsync(CommandBehavior behavior, CancellationToken cancellationToken)\n   at Microsoft.EntityFrameworkCore.Storage.RelationalCommand.ExecuteReaderAsync(RelationalCommandParameterObject parameterObject, CancellationToken cancellationToken)\n   at Microsoft.EntityFrameworkCore.Storage.RelationalCommand.ExecuteReaderAsync(RelationalCommandParameterObject parameterObject, CancellationToken cancellationToken)\n   at Microsoft.EntityFrameworkCore.Query.Internal.SingleQueryingEnumerable`1.AsyncEnumerator.InitializeReaderAsync(AsyncEnumerator enumerator, CancellationToken cancellationToken)\n   at Npgsql.EntityFrameworkCore.PostgreSQL.Storage.Internal.NpgsqlExecutionStrategy.ExecuteAsync[TState,TResult](TState state, Func`4 operation, Func`4 verifySucceeded, CancellationToken cancellationToken)\n   at Microsoft.EntityFrameworkCore.Query.Internal.SingleQueryingEnumerable`1.AsyncEnumerator.MoveNextAsync()\n  Exception data:\n    Severity: ERROR\n    SqlState: 42P01\n    MessageText: relation \"report_export_jobs\" does not exist\n    Position: 426\n    File: parse_relation.c\n    Line: 1449\n    Routine: parserOpenTable","Properties":{"contextType":"CLARIHR.Infrastructure.Persistence.ApplicationDbContext","newline":"\n","error":"Npgsql.PostgresException (0x80004005): 42P01: relation \"report_export_jobs\" does not exist\n\nPOSITION: 426\n   at Npgsql.Internal.NpgsqlConnector.ReadMessageLong(Boolean async, DataRowLoadingMode dataRowLoadingMode, Boolean readingNotifications, Boolean isReadingPrependedMessage)\n   at System.Runtime.CompilerServices.PoolingAsyncValueTaskMethodBuilder`1.StateMachineBox`1.System.Threading.Tasks.Sources.IValueTaskSource&lt;TResult&gt;.GetResult(Int16 token)\n   at Npgsql.NpgsqlDataReader.NextResult(Boolean async, Boolean isConsuming, CancellationToken cancellationToken)\n   at Npgsql.NpgsqlDataReader.NextResult(Boolean async, Boolean isConsuming, CancellationToken cancellationToken)\n   at Npgsql.NpgsqlCommand.ExecuteReader(Boolean async, CommandBehavior behavior, CancellationToken cancellationToken)\n   at Npgsql.NpgsqlCommand.ExecuteReader(Boolean async, CommandBehavior behavior, CancellationToken cancellationToken)\n   at Npgsql.NpgsqlCommand.ExecuteDbDataReaderAsync(CommandBehavior behavior, CancellationToken cancellationToken)\n   at Microsoft.EntityFrameworkCore.Storage.RelationalCommand.ExecuteReaderAsync(RelationalCommandParameterObject parameterObject, CancellationToken cancellationToken)\n   at Microsoft.EntityFrameworkCore.Storage.RelationalCommand.ExecuteReaderAsync(RelationalCommandParameterObject parameterObject, CancellationToken cancellationToken)\n   at Microsoft.EntityFrameworkCore.Query.Internal.SingleQueryingEnumerable`1.AsyncEnumerator.InitializeReaderAsync(AsyncEnumerator enumerator, CancellationToken cancellationToken)\n   at Npgsql.EntityFrameworkCore.PostgreSQL.Storage.Internal.NpgsqlExecutionStrategy.ExecuteAsync[TState,TResult](TState state, Func`4 operation, Func`4 verifySucceeded, CancellationToken cancellationToken)\n   at Microsoft.EntityFrameworkCore.Query.Internal.SingleQueryingEnumerable`1.AsyncEnumerator.MoveNextAsync()\n  Exception data:\n    Severity: ERROR\n    SqlState: 42P01\n    MessageText: relation \"report_export_jobs\" does not exist\n    Position: 426\n    File: parse_relation.c\n    Line: 1449\n    Routine: parserOpenTable","EventId":{"Id":10100,"Name":"Microsoft.EntityFrameworkCore.Query.QueryIterationFailed"},"SourceContext":"Microsoft.EntityFrameworkCore.Query","Environment":"Development","ProcessId":57784,"HasException":true}}
{"Timestamp":"2026-08-16T17:29:21.9786880-06:00","Level":"Error","MessageTemplate":"Report export worker cycle failed. cycle_duration_ms {cycle_duration_ms} worker_batch_size {worker_batch_size} poll_interval_seconds {poll_interval_seconds} had_work {had_work}","Exception":"Npgsql.PostgresException (0x80004005): 42P01: relation \"report_export_jobs\" does not exist\n\nPOSITION: 426\n   at Npgsql.Internal.NpgsqlConnector.ReadMessageLong(Boolean async, DataRowLoadingMode dataRowLoadingMode, Boolean readingNotifications, Boolean isReadingPrependedMessage)\n   at System.Runtime.CompilerServices.PoolingAsyncValueTaskMethodBuilder`1.StateMachineBox`1.System.Threading.Tasks.Sources.IValueTaskSource&lt;TResult&gt;.GetResult(Int16 token)\n   at Npgsql.NpgsqlDataReader.NextResult(Boolean async, Boolean isConsuming, CancellationToken cancellationToken)\n   at Npgsql.NpgsqlDataReader.NextResult(Boolean async, Boolean isConsuming, CancellationToken cancellationToken)\n   at Npgsql.NpgsqlCommand.ExecuteReader(Boolean async, CommandBehavior behavior, CancellationToken cancellationToken)\n   at Npgsql.NpgsqlCommand.ExecuteReader(Boolean async, CommandBehavior behavior, CancellationToken cancellationToken)\n   at Npgsql.NpgsqlCommand.ExecuteDbDataReaderAsync(CommandBehavior behavior, CancellationToken cancellationToken)\n   at Microsoft.EntityFrameworkCore.Storage.RelationalCommand.ExecuteReaderAsync(RelationalCommandParameterObject parameterObject, CancellationToken cancellationToken)\n   at Microsoft.EntityFrameworkCore.Storage.RelationalCommand.ExecuteReaderAsync(RelationalCommandParameterObject parameterObject, CancellationToken cancellationToken)\n   at Microsoft.EntityFrameworkCore.Query.Internal.SingleQueryingEnumerable`1.AsyncEnumerator.InitializeReaderAsync(AsyncEnumerator enumerator, CancellationToken cancellationToken)\n   at Npgsql.EntityFrameworkCore.PostgreSQL.Storage.Internal.NpgsqlExecutionStrategy.ExecuteAsync[TState,TResult](TState state, Func`4 operation, Func`4 verifySucceeded, CancellationToken cancellationToken)\n   at Microsoft.EntityFrameworkCore.Query.Internal.SingleQueryingEnumerable`1.AsyncEnumerator.MoveNextAsync()\n   at Microsoft.EntityFrameworkCore.EntityFrameworkQueryableExtensions.ToListAsync[TSource](IQueryable`1 source, CancellationToken cancellationToken)\n   at Microsoft.EntityFrameworkCore.EntityFrameworkQueryableExtensions.ToListAsync[TSource](IQueryable`1 source, CancellationToken cancellationToken)\n   at Microsoft.EntityFrameworkCore.EntityFrameworkQueryableExtensions.ToArrayAsync[TSource](IQueryable`1 source, CancellationToken cancellationToken)\n   at CLARIHR.Infrastructure.Reports.ReportExportJobRepository.GetExpiredSucceededAsync(DateTime utcNow, Int32 maxCount, CancellationToken cancellationToken) in /Users/christophercanas/Developments/CLARI NEW VERSION/clarihr/CLARIHR-backend/src/CLARIHR.Infrastructure/Reports/ReportExportJobRepository.cs:line 83\n   at CLARIHR.Infrastructure.Reports.ReportExportJobProcessor.ExpireArtifactsAsync(CancellationToken cancellationToken) in /Users/christophercanas/Developments/CLARI NEW VERSION/clarihr/CLARIHR-backend/src/CLARIHR.Infrastructure/Reports/ReportExportJobProcessor.cs:line 361\n   at CLARIHR.Infrastructure.Reports.ReportExportJobProcessor.ProcessDueJobsAsync(CancellationToken cancellationToken) in /Users/christophercanas/Developments/CLARI NEW VERSION/clarihr/CLARIHR-backend/src/CLARIHR.Infrastructure/Reports/ReportExportJobProcessor.cs:line 33\n   at CLARIHR.Infrastructure.Reports.ReportExportJobBackgroundService.ExecuteCycleAsync(CancellationToken cancellationToken) in /Users/christophercanas/Developments/CLARI NEW VERSION/clarihr/CLARIHR-backend/src/CLARIHR.Infrastructure/Reports/ReportExportJobBackgroundService.cs:line 39\n  Exception data:\n    Severity: ERROR\n    SqlState: 42P01\n    MessageText: relation \"report_export_jobs\" does not exist\n    Position: 426\n    File: parse_relation.c\n    Line: 1449\n    Routine: parserOpenTable","Properties":{"cycle_duration_ms":13,"worker_batch_size":2,"poll_interval_seconds":15,"had_work":false,"EventId":{"Id":40003,"Name":"report_export_worker_cycle_failed"},"SourceContext":"CLARIHR.Infrastructure.Reports.ReportExportJobBackgroundService","Environment":"Development","ProcessId":57784,"HasException":true}}
{"Timestamp":"2026-08-16T17:29:22.0335460-06:00","Level":"Error","MessageTemplate":"Failed executing DbCommand ({elapsed}ms) [Parameters=[{parameters}], CommandType='{commandType}', CommandTimeout='{commandTimeout}']{newLine}{commandText}","Properties":{"elapsed":"2","parameters":"@__utcNow_Date_0='?' (DbType = DateTime), @__p_1='?' (DbType = Int32)","commandType":"Text","commandTimeout":30,"newLine":"\n","commandText":"SELECT c.public_id\nFROM company_subscriptions AS c\nWHERE c.status = 'Scheduled' AND c.start_date_utc &lt;= @__utcNow_Date_0\nORDER BY c.start_date_utc\nLIMIT @__p_1","EventId":{"Id":20102,"Name":"Microsoft.EntityFrameworkCore.Database.Command.CommandError"},"SourceContext":"Microsoft.EntityFrameworkCore.Database.Command","Environment":"Development","ProcessId":57784}}
{"Timestamp":"2026-08-16T17:29:22.0342690-06:00","Level":"Error","MessageTemplate":"An exception occurred while iterating over the results of a query for context type '{contextType}'.{newline}{error}","Exception":"Npgsql.PostgresException (0x80004005): 42P01: relation \"company_subscriptions\" does not exist\n\nPOSITION: 25\n   at Npgsql.Internal.NpgsqlConnector.ReadMessageLong(Boolean async, DataRowLoadingMode dataRowLoadingMode, Boolean readingNotifications, Boolean isReadingPrependedMessage)\n   at System.Runtime.CompilerServices.PoolingAsyncValueTaskMethodBuilder`1.StateMachineBox`1.System.Threading.Tasks.Sources.IValueTaskSource&lt;TResult&gt;.GetResult(Int16 token)\n   at Npgsql.NpgsqlDataReader.NextResult(Boolean async, Boolean isConsuming, CancellationToken cancellationToken)\n   at Npgsql.NpgsqlDataReader.NextResult(Boolean async, Boolean isConsuming, CancellationToken cancellationToken)\n   at Npgsql.NpgsqlCommand.ExecuteReader(Boolean async, CommandBehavior behavior, CancellationToken cancellationToken)\n   at Npgsql.NpgsqlCommand.ExecuteReader(Boolean async, CommandBehavior behavior, CancellationToken cancellationToken)\n   at Npgsql.NpgsqlCommand.ExecuteDbDataReaderAsync(CommandBehavior behavior, CancellationToken cancellationToken)\n   at Microsoft.EntityFrameworkCore.Storage.RelationalCommand.ExecuteReaderAsync(RelationalCommandParameterObject parameterObject, CancellationToken cancellationToken)\n   at Microsoft.EntityFrameworkCore.Storage.RelationalCommand.ExecuteReaderAsync(RelationalCommandParameterObject parameterObject, CancellationToken cancellationToken)\n   at Microsoft.EntityFrameworkCore.Query.Internal.SingleQueryingEnumerable`1.AsyncEnumerator.InitializeReaderAsync(AsyncEnumerator enumerator, CancellationToken cancellationToken)\n   at Npgsql.EntityFrameworkCore.PostgreSQL.Storage.Internal.NpgsqlExecutionStrategy.ExecuteAsync[TState,TResult](TState state, Func`4 operation, Func`4 verifySucceeded, CancellationToken cancellationToken)\n   at Microsoft.EntityFrameworkCore.Query.Internal.SingleQueryingEnumerable`1.AsyncEnumerator.MoveNextAsync()\n  Exception data:\n    Severity: ERROR\n    SqlState: 42P01\n    MessageText: relation \"company_subscriptions\" does not exist\n    Position: 25\n    File: parse_relation.c\n    Line: 1449\n    Routine: parserOpenTable","Properties":{"contextType":"CLARIHR.Infrastructure.Persistence.ApplicationDbContext","newline":"\n","error":"Npgsql.PostgresException (0x80004005): 42P01: relation \"company_subscriptions\" does not exist\n\nPOSITION: 25\n   at Npgsql.Internal.NpgsqlConnector.ReadMessageLong(Boolean async, DataRowLoadingMode dataRowLoadingMode, Boolean readingNotifications, Boolean isReadingPrependedMessage)\n   at System.Runtime.CompilerServices.PoolingAsyncValueTaskMethodBuilder`1.StateMachineBox`1.System.Threading.Tasks.Sources.IValueTaskSource&lt;TResult&gt;.GetResult(Int16 token)\n   at Npgsql.NpgsqlDataReader.NextResult(Boolean async, Boolean isConsuming, CancellationToken cancellationToken)\n   at Npgsql.NpgsqlDataReader.NextResult(Boolean async, Boolean isConsuming, CancellationToken cancellationToken)\n   at Npgsql.NpgsqlCommand.ExecuteReader(Boolean async, CommandBehavior behavior, CancellationToken cancellationToken)\n   at Npgsql.NpgsqlCommand.ExecuteReader(Boolean async, CommandBehavior behavior, CancellationToken cancellationToken)\n   at Npgsql.NpgsqlCommand.ExecuteDbDataReaderAsync(CommandBehavior behavior, CancellationToken cancellationToken)\n   at Microsoft.EntityFrameworkCore.Storage.RelationalCommand.ExecuteReaderAsync(RelationalCommandParameterObject parameterObject, CancellationToken cancellationToken)\n   at Microsoft.EntityFrameworkCore.Storage.RelationalCommand.ExecuteReaderAsync(RelationalCommandParameterObject parameterObject, CancellationToken cancellationToken)\n   at Microsoft.EntityFrameworkCore.Query.Internal.SingleQueryingEnumerable`1.AsyncEnumerator.InitializeReaderAsync(AsyncEnumerator enumerator, CancellationToken cancellationToken)\n   at Npgsql.EntityFrameworkCore.PostgreSQL.Storage.Internal.NpgsqlExecutionStrategy.ExecuteAsync[TState,TResult](TState state, Func`4 operation, Func`4 verifySucceeded, CancellationToken cancellationToken)\n   at Microsoft.EntityFrameworkCore.Query.Internal.SingleQueryingEnumerable`1.AsyncEnumerator.MoveNextAsync()\n  Exception data:\n    Severity: ERROR\n    SqlState: 42P01\n    MessageText: relation \"company_subscriptions\" does not exist\n    Position: 25\n    File: parse_relation.c\n    Line: 1449\n    Routine: parserOpenTable","EventId":{"Id":10100,"Name":"Microsoft.EntityFrameworkCore.Query.QueryIterationFailed"},"SourceContext":"Microsoft.EntityFrameworkCore.Query","Environment":"Development","ProcessId":57784,"HasException":true}}
{"Timestamp":"2026-08-16T17:29:22.0414140-06:00","Level":"Error","MessageTemplate":"An error occurred while promoting scheduled company subscriptions.","Exception":"Npgsql.PostgresException (0x80004005): 42P01: relation \"company_subscriptions\" does not exist\n\nPOSITION: 25\n   at Npgsql.Internal.NpgsqlConnector.ReadMessageLong(Boolean async, DataRowLoadingMode dataRowLoadingMode, Boolean readingNotifications, Boolean isReadingPrependedMessage)\n   at System.Runtime.CompilerServices.PoolingAsyncValueTaskMethodBuilder`1.StateMachineBox`1.System.Threading.Tasks.Sources.IValueTaskSource&lt;TResult&gt;.GetResult(Int16 token)\n   at Npgsql.NpgsqlDataReader.NextResult(Boolean async, Boolean isConsuming, CancellationToken cancellationToken)\n   at Npgsql.NpgsqlDataReader.NextResult(Boolean async, Boolean isConsuming, CancellationToken cancellationToken)\n   at Npgsql.NpgsqlCommand.ExecuteReader(Boolean async, CommandBehavior behavior, CancellationToken cancellationToken)\n   at Npgsql.NpgsqlCommand.ExecuteReader(Boolean async, CommandBehavior behavior, CancellationToken cancellationToken)\n   at Npgsql.NpgsqlCommand.ExecuteDbDataReaderAsync(CommandBehavior behavior, CancellationToken cancellationToken)\n   at Microsoft.EntityFrameworkCore.Storage.RelationalCommand.ExecuteReaderAsync(RelationalCommandParameterObject parameterObject, CancellationToken cancellationToken)\n   at Microsoft.EntityFrameworkCore.Storage.RelationalCommand.ExecuteReaderAsync(RelationalCommandParameterObject parameterObject, CancellationToken cancellationToken)\n   at Microsoft.EntityFrameworkCore.Query.Internal.SingleQueryingEnumerable`1.AsyncEnumerator.InitializeReaderAsync(AsyncEnumerator enumerator, CancellationToken cancellationToken)\n   at Npgsql.EntityFrameworkCore.PostgreSQL.Storage.Internal.NpgsqlExecutionStrategy.ExecuteAsync[TState,TResult](TState state, Func`4 operation, Func`4 verifySucceeded, CancellationToken cancellationToken)\n   at Microsoft.EntityFrameworkCore.Query.Internal.SingleQueryingEnumerable`1.AsyncEnumerator.MoveNextAsync()\n   at Microsoft.EntityFrameworkCore.EntityFrameworkQueryableExtensions.ToListAsync[TSource](IQueryable`1 source, CancellationToken cancellationToken)\n   at Microsoft.EntityFrameworkCore.EntityFrameworkQueryableExtensions.ToListAsync[TSource](IQueryable`1 source, CancellationToken cancellationToken)\n   at CLARIHR.Infrastructure.Companies.CompanySubscriptionRepository.GetDueScheduledSubscriptionIdsAsync(DateTime utcNow, Int32 take, CancellationToken cancellationToken) in /Users/christophercanas/Developments/CLARI NEW VERSION/clarihr/CLARIHR-backend/src/CLARIHR.Infrastructure/Companies/CompanySubscriptionRepository.cs:line 584\n   at CLARIHR.Infrastructure.Companies.CompanySubscriptionLifecycleProcessor.PromoteDueScheduledSubscriptionsAsync(CancellationToken cancellationToken) in /Users/christophercanas/Developments/CLARI NEW VERSION/clarihr/CLARIHR-backend/src/CLARIHR.Infrastructure/Companies/CompanySubscriptionLifecycleProcessor.cs:line 30\n   at CLARIHR.Infrastructure.Companies.CompanySubscriptionLifecycleBackgroundService.ExecuteCycleAsync(CancellationToken cancellationToken) in /Users/christophercanas/Developments/CLARI NEW VERSION/clarihr/CLARIHR-backend/src/CLARIHR.Infrastructure/Companies/CompanySubscriptionLifecycleBackgroundService.cs:line 32\n  Exception data:\n    Severity: ERROR\n    SqlState: 42P01\n    MessageText: relation \"company_subscriptions\" does not exist\n    Position: 25\n    File: parse_relation.c\n    Line: 1449\n    Routine: parserOpenTable","Properties":{"SourceContext":"CLARIHR.Infrastructure.Companies.CompanySubscriptionLifecycleBackgroundService","Environment":"Development","ProcessId":57784,"HasException":true}}
{"Timestamp":"2026-08-16T17:29:24.9333600-06:00","Level":"Information","MessageTemplate":"Request starting {Protocol} {Method} {Scheme}://{Host}{PathBase}{Path}{QueryString} - {ContentType} {ContentLength}","TraceId":"1885d8a60720b7c81cdf179573a82afb","SpanId":"38a5043702a58bc7","Properties":{"Protocol":"HTTP/1.1","Method":"GET","ContentType":null,"ContentLength":null,"Scheme":"http","Host":"localhost","PathBase":"","Path":"/swagger/v1/swagger.json","QueryString":"","EventId":{"Id":1},"SourceContext":"Microsoft.AspNetCore.Hosting.Diagnostics","SpanId":"38a5043702a58bc7","TraceId":"1885d8a60720b7c81cdf179573a82afb","ParentId":"0000000000000000","RequestId":"0HNNRTOGH6FKJ","RequestPath":"/swagger/v1/swagger.json","Environment":"Development","ProcessId":57784}}
{"Timestamp":"2026-08-16T17:29:25.5403690-06:00","Level":"Information","MessageTemplate":"Request finished {Protocol} {Method} {Scheme}://{Host}{PathBase}{Path}{QueryString} - {StatusCode} {ContentLength} {ContentType} {ElapsedMilliseconds}ms","TraceId":"1885d8a60720b7c81cdf179573a82afb","SpanId":"38a5043702a58bc7","Properties":{"ElapsedMilliseconds":606.9697,"StatusCode":200,"ContentType":"application/json;charset=utf-8","ContentLength":null,"Protocol":"HTTP/1.1","Method":"GET","Scheme":"http","Host":"localhost","PathBase":"","Path":"/swagger/v1/swagger.json","QueryString":"","EventId":{"Id":2},"SourceContext":"Microsoft.AspNetCore.Hosting.Diagnostics","SpanId":"38a5043702a58bc7","TraceId":"1885d8a60720b7c81cdf179573a82afb","ParentId":"0000000000000000","RequestId":"0HNNRTOGH6FKJ","RequestPath":"/swagger/v1/swagger.json","Environment":"Development","ProcessId":57784}}
{"Timestamp":"2026-08-16T17:29:25.6070000-06:00","Level":"Information","MessageTemplate":"Application is shutting down...","Properties":{"SourceContext":"Microsoft.Hosting.Lifetime","Environment":"Development","ProcessId":57784}}
{"Timestamp":"2026-08-16T17:29:25.7843470-06:00","Level":"Information","MessageTemplate":"Configured JWT authentication for the core API. Issuer {Issuer}, valid audience {Audience}, platform audience {PlatformAudience}, key fingerprint {KeyFingerprint}.","Properties":{"Issuer":"clarihr-integration","Audience":"clarihr-integration","PlatformAudience":"clarihr-platform-integration","KeyFingerprint":"B6C26E67B3BE","SourceContext":"CLARIHR.Api","Environment":"Development","ProcessId":57784}}
{"Timestamp":"2026-08-16T17:29:25.7939110-06:00","Level":"Error","MessageTemplate":"An error occurred using the connection to database '{database}' on server '{server}'.","Properties":{"database":"clarihr_integration_tests_3290722a06ed4674bb1e8cd8fcae05fd","server":"tcp://localhost:5433","EventId":{"Id":20004,"Name":"Microsoft.EntityFrameworkCore.Database.Connection.ConnectionError"},"SourceContext":"Microsoft.EntityFrameworkCore.Database.Connection","Environment":"Development","ProcessId":57784}}
{"Timestamp":"2026-08-16T17:29:33.3137650-06:00","Level":"Debug","MessageTemplate":"File cleanup cycle found no expired pending uploads.","Properties":{"EventId":{"Id":10006},"SourceContext":"CLARIHR.Infrastructure.Files.BackgroundJobs.PendingFileCleanupBackgroundService","Environment":"Development","ProcessId":57784}}
{"Timestamp":"2026-08-16T17:29:33.3439300-06:00","Level":"Information","MessageTemplate":"Application started. Press Ctrl+C to shut down.","Properties":{"SourceContext":"Microsoft.Hosting.Lifetime","Environment":"Development","ProcessId":57784}}
{"Timestamp":"2026-08-16T17:29:33.3440460-06:00","Level":"Information","MessageTemplate":"Hosting environment: {EnvName}","Properties":{"EnvName":"Development","SourceContext":"Microsoft.Hosting.Lifetime","Environment":"Development","ProcessId":57784}}
{"Timestamp":"2026-08-16T17:29:33.3440710-06:00","Level":"Information","MessageTemplate":"Content root path: {ContentRoot}","Properties":{"ContentRoot":"/Users/christophercanas/Developments/CLARI NEW VERSION/clarihr/CLARIHR-backend/src/CLARIHR.Api","SourceContext":"Microsoft.Hosting.Lifetime","Environment":"Development","ProcessId":57784}}
{"Timestamp":"2026-08-16T17:29:33.4140950-06:00","Level":"Error","MessageTemplate":"An error occurred using the connection to database '{database}' on server '{server}'.","Properties":{"database":"clarihr_integration_tests_3290722a06ed4674bb1e8cd8fcae05fd","server":"tcp://localhost:5433","EventId":{"Id":20004,"Name":"Microsoft.EntityFrameworkCore.Database.Connection.ConnectionError"},"SourceContext":"Microsoft.EntityFrameworkCore.Database.Connection","Environment":"Development","ProcessId":57784}}
{"Timestamp":"2026-08-16T17:29:40.5999850-06:00","Level":"Error","MessageTemplate":"An error occurred using the connection to database '{database}' on server '{server}'.","Properties":{"database":"clarihr_integration_tests_3290722a06ed4674bb1e8cd8fcae05fd","server":"tcp://localhost:5433","EventId":{"Id":20004,"Name":"Microsoft.EntityFrameworkCore.Database.Connection.ConnectionError"},"SourceContext":"Microsoft.EntityFrameworkCore.Database.Connection","Environment":"Development","ProcessId":57784}}
{"Timestamp":"2026-08-16T17:29:47.7465480-06:00","Level":"Information","MessageTemplate":"Request starting {Protocol} {Method} {Scheme}://{Host}{PathBase}{Path}{QueryString} - {ContentType} {ContentLength}","TraceId":"44c57f0e3f372f661ed409031464e3c3","SpanId":"0c5726ed2db53c2e","Properties":{"Protocol":"HTTP/1.1","Method":"GET","ContentType":null,"ContentLength":null,"Scheme":"http","Host":"localhost","PathBase":"","Path":"/swagger/v1/swagger.json","QueryString":"","EventId":{"Id":1},"SourceContext":"Microsoft.AspNetCore.Hosting.Diagnostics","SpanId":"0c5726ed2db53c2e","TraceId":"44c57f0e3f372f661ed409031464e3c3","ParentId":"0000000000000000","RequestId":"0HNNRTOGH6FKK","RequestPath":"/swagger/v1/swagger.json","Environment":"Development","ProcessId":57784}}
{"Timestamp":"2026-08-16T17:29:48.3944280-06:00","Level":"Information","MessageTemplate":"Request finished {Protocol} {Method} {Scheme}://{Host}{PathBase}{Path}{QueryString} - {StatusCode} {ContentLength} {ContentType} {ElapsedMilliseconds}ms","TraceId":"44c57f0e3f372f661ed409031464e3c3","SpanId":"0c5726ed2db53c2e","Properties":{"ElapsedMilliseconds":647.8608,"StatusCode":200,"ContentType":"application/json;charset=utf-8","ContentLength":null,"Protocol":"HTTP/1.1","Method":"GET","Scheme":"http","Host":"localhost","PathBase":"","Path":"/swagger/v1/swagger.json","QueryString":"","EventId":{"Id":2},"SourceContext":"Microsoft.AspNetCore.Hosting.Diagnostics","SpanId":"0c5726ed2db53c2e","TraceId":"44c57f0e3f372f661ed409031464e3c3","ParentId":"0000000000000000","RequestId":"0HNNRTOGH6FKK","RequestPath":"/swagger/v1/swagger.json","Environment":"Development","ProcessId":57784}}
{"Timestamp":"2026-08-16T17:29:48.4613370-06:00","Level":"Information","MessageTemplate":"Application is shutting down...","Properties":{"SourceContext":"Microsoft.Hosting.Lifetime","Environment":"Development","ProcessId":57784}}
{"Timestamp":"2026-08-16T17:29:48.6342960-06:00","Level":"Information","MessageTemplate":"Configured JWT authentication for the core API. Issuer {Issuer}, valid audience {Audience}, platform audience {PlatformAudience}, key fingerprint {KeyFingerprint}.","Properties":{"Issuer":"clarihr-integration","Audience":"clarihr-integration","PlatformAudience":"clarihr-platform-integration","KeyFingerprint":"B6C26E67B3BE","SourceContext":"CLARIHR.Api","Environment":"Development","ProcessId":57784}}
{"Timestamp":"2026-08-16T17:29:48.6479730-06:00","Level":"Error","MessageTemplate":"An error occurred using the connection to database '{database}' on server '{server}'.","Properties":{"database":"clarihr_integration_tests_b1ca9b46759a4d3cbfcfb7b532f7c495","server":"tcp://localhost:5433","EventId":{"Id":20004,"Name":"Microsoft.EntityFrameworkCore.Database.Connection.ConnectionError"},"SourceContext":"Microsoft.EntityFrameworkCore.Database.Connection","Environment":"Development","ProcessId":57784}}
{"Timestamp":"2026-08-16T17:29:56.3291610-06:00","Level":"Debug","MessageTemplate":"File cleanup cycle found no expired pending uploads.","Properties":{"EventId":{"Id":10006},"SourceContext":"CLARIHR.Infrastructure.Files.BackgroundJobs.PendingFileCleanupBackgroundService","Environment":"Development","ProcessId":57784}}
{"Timestamp":"2026-08-16T17:29:56.3443630-06:00","Level":"Information","MessageTemplate":"Application started. Press Ctrl+C to shut down.","Properties":{"SourceContext":"Microsoft.Hosting.Lifetime","Environment":"Development","ProcessId":57784}}
{"Timestamp":"2026-08-16T17:29:56.3444440-06:00","Level":"Information","MessageTemplate":"Hosting environment: {EnvName}","Properties":{"EnvName":"Development","SourceContext":"Microsoft.Hosting.Lifetime","Environment":"Development","ProcessId":57784}}
{"Timestamp":"2026-08-16T17:29:56.3444660-06:00","Level":"Information","MessageTemplate":"Content root path: {ContentRoot}","Properties":{"ContentRoot":"/Users/christophercanas/Developments/CLARI NEW VERSION/clarihr/CLARIHR-backend/src/CLARIHR.Api","SourceContext":"Microsoft.Hosting.Lifetime","Environment":"Development","ProcessId":57784}}
{"Timestamp":"2026-08-16T17:29:56.4040410-06:00","Level":"Error","MessageTemplate":"An error occurred using the connection to database '{database}' on server '{server}'.","Properties":{"database":"clarihr_integration_tests_b1ca9b46759a4d3cbfcfb7b532f7c495","server":"tcp://localhost:5433","EventId":{"Id":20004,"Name":"Microsoft.EntityFrameworkCore.Database.Connection.ConnectionError"},"SourceContext":"Microsoft.EntityFrameworkCore.Database.Connection","Environment":"Development","ProcessId":57784}}
{"Timestamp":"2026-08-16T17:30:03.8288310-06:00","Level":"Information","MessageTemplate":"Application is shutting down...","Properties":{"SourceContext":"Microsoft.Hosting.Lifetime","Environment":"Development","ProcessId":57784}}
{"Timestamp":"2026-08-16T17:30:03.9655750-06:00","Level":"Information","MessageTemplate":"Configured JWT authentication for the core API. Issuer {Issuer}, valid audience {Audience}, platform audience {PlatformAudience}, key fingerprint {KeyFingerprint}.","Properties":{"Issuer":"clarihr-integration","Audience":"clarihr-integration","PlatformAudience":"clarihr-platform-integration","KeyFingerprint":"B6C26E67B3BE","SourceContext":"CLARIHR.Api","Environment":"Development","ProcessId":57784}}
{"Timestamp":"2026-08-16T17:30:03.9746190-06:00","Level":"Error","MessageTemplate":"An error occurred using the connection to database '{database}' on server '{server}'.","Properties":{"database":"clarihr_integration_tests_6d5cac94822d41558e556fd20f237d74","server":"tcp://localhost:5433","EventId":{"Id":20004,"Name":"Microsoft.EntityFrameworkCore.Database.Connection.ConnectionError"},"SourceContext":"Microsoft.EntityFrameworkCore.Database.Connection","Environment":"Development","ProcessId":57784}}
{"Timestamp":"2026-08-16T17:30:11.1811250-06:00","Level":"Debug","MessageTemplate":"File cleanup cycle found no expired pending uploads.","Properties":{"EventId":{"Id":10006},"SourceContext":"CLARIHR.Infrastructure.Files.BackgroundJobs.PendingFileCleanupBackgroundService","Environment":"Development","ProcessId":57784}}
{"Timestamp":"2026-08-16T17:30:11.2118950-06:00","Level":"Information","MessageTemplate":"Application started. Press Ctrl+C to shut down.","Properties":{"SourceContext":"Microsoft.Hosting.Lifetime","Environment":"Development","ProcessId":57784}}
{"Timestamp":"2026-08-16T17:30:11.2120060-06:00","Level":"Information","MessageTemplate":"Hosting environment: {EnvName}","Properties":{"EnvName":"Development","SourceContext":"Microsoft.Hosting.Lifetime","Environment":"Development","ProcessId":57784}}
{"Timestamp":"2026-08-16T17:30:11.2120250-06:00","Level":"Information","MessageTemplate":"Content root path: {ContentRoot}","Properties":{"ContentRoot":"/Users/christophercanas/Developments/CLARI NEW VERSION/clarihr/CLARIHR-backend/src/CLARIHR.Api","SourceContext":"Microsoft.Hosting.Lifetime","Environment":"Development","ProcessId":57784}}
{"Timestamp":"2026-08-16T17:30:11.3053830-06:00","Level":"Error","MessageTemplate":"An error occurred using the connection to database '{database}' on server '{server}'.","Properties":{"database":"clarihr_integration_tests_6d5cac94822d41558e556fd20f237d74","server":"tcp://localhost:5433","EventId":{"Id":20004,"Name":"Microsoft.EntityFrameworkCore.Database.Connection.ConnectionError"},"SourceContext":"Microsoft.EntityFrameworkCore.Database.Connection","Environment":"Development","ProcessId":57784}}
{"Timestamp":"2026-08-16T17:30:18.6243170-06:00","Level":"Information","MessageTemplate":"Application is shutting down...","Properties":{"SourceContext":"Microsoft.Hosting.Lifetime","Environment":"Development","ProcessId":57784}}
[xUnit.net 00:02:22.88]   Finished:    CLARIHR.Api.IntegrationTests
</StdOut>
    </Output>
  </ResultSummary>
</TestRun>