<?xml version="1.0" encoding="utf-8"?>
<TestRun id="95b8cd4a-1c5f-40b0-be8f-a4e83ba7cf88" name="@Christophers-MacBook-Pro 2026-08-17 10:01:51" xmlns="http://microsoft.com/schemas/VisualStudio/TeamTest/2010">
  <Times creation="2026-08-17T10:01:51.8031640-06:00" queuing="2026-08-17T10:01:51.8031640-06:00" start="2026-08-17T10:00:51.3538780-06:00" finish="2026-08-17T10:01:51.8077220-06:00" />
  <TestSettings name="default" id="1aca3786-dac4-458d-88ae-3b0c70c73a94">
    <Deployment runDeploymentRoot="_Christophers-MacBook-Pro_2026-08-17_10_01_51" />
  </TestSettings>
  <Results>
    <UnitTestResult executionId="044def79-ed52-4658-8955-5f155ca929a4" testId="dbdeaaaf-1399-d968-e807-d3ac99fdf6ca" testName="CLARIHR.Api.IntegrationTests.ContractFingerprintGuardrailsTests.ContractFingerprint_MatchesTheGeneratedContract" computerName="Christophers-MacBook-Pro" duration="00:00:12.9674348" startTime="2026-08-17T10:01:38.6499660-06:00" endTime="2026-08-17T10:01:51.6045680-06:00" testType="13cdc9d9-ddb5-4fa4-a97d-d965ccfc6d4b" outcome="Failed" testListId="8c84fa94-04c1-424b-9868-57a2d4851a1d" relativeResultsDirectory="044def79-ed52-4658-8955-5f155ca929a4">
      <Output>
        <ErrorInfo>
          <Message>La huella versionada del contrato no coincide con el código.
Archivo: /Users/christophercanas/Developments/CLARI NEW VERSION/clarihr/CLARIHR-backend/docs/technical/api/contract-fingerprint.txt
Regenerar con: docs/technical/operations/regenerar-contrato.md

EN EL CÓDIGO PERO NO EN LA HUELLA (901) — falta documentar:
  + DELETE /api/v1/account/companies/{companyPublicId}/authorization/roles/{rolePublicId} 204/400/401/403/404/409 e93f375e4a21
  + DELETE /api/v1/companies/{companyPublicId}/job-catalogs/{category}/{jobCatalogPublicId} 200/400/401/403/404/409 f7174d290c87
  + DELETE /api/v1/exit-interview-forms/{publicId} 200/400/401/403/404/409/422 a3ce18481752
  + DELETE /api/v1/files/{filePublicId} 200/400/401/403/404/409 60513ba67b46
  + DELETE /api/v1/job-profiles/{jobProfilePublicId}/benefits/{benefitPublicId} 204/400/401/403/404/409 1adc317ef8df
  + DELETE /api/v1/job-profiles/{jobProfilePublicId}/compensations/{compensationPublicId} 204/400/401/403/404/409 75863787ea91
  + DELETE /api/v1/job-profiles/{jobProfilePublicId}/competencies/{competencyPublicId} 204/400/401/403/404/409 bdf9e3042072
  + DELETE /api/v1/job-profiles/{jobProfilePublicId}/competency-matrix/items/{itemPublicId} 204/400/401/403/404/409 e01dc9d9d9fc
  + DELETE /api/v1/job-profiles/{jobProfilePublicId}/dependent-positions/{dependentPositionPublicId} 204/400/401/403/404/409 6b1c1c2b7f17
  + DELETE /api/v1/job-profiles/{jobProfilePublicId}/functions/{functionPublicId} 204/400/401/403/404/409 b0a40c00aa7a
  + DELETE /api/v1/job-profiles/{jobProfilePublicId}/relations/{relationPublicId} 204/400/401/403/404/409 ed14c13523ab
  + DELETE /api/v1/job-profiles/{jobProfilePublicId}/requirements/{requirementPublicId} 204/400/401/403/404/409 9cd1560999cd
  + DELETE /api/v1/job-profiles/{jobProfilePublicId}/trainings/{trainingPublicId} 204/400/401/403/404/409 5a74cd195e85
  + DELETE /api/v1/job-profiles/{jobProfilePublicId}/working-conditions/{workingConditionPublicId} 204/400/401/403/404/409 faadbd99c226
  + DELETE /api/v1/organization-structure-catalogs/unit-types/{publicId} 200/400/401/403/404/409/422 badbac6a97ed
  + DELETE /api/v1/organization-units/{publicId} 200/400/401/403/404/409/422 f2bef870f366
  + DELETE /api/v1/personnel-files/{publicId}/additional-benefits/{additionalBenefitPublicId} 204/400/401/403/404/409 78f18303f7c3
  + DELETE /api/v1/personnel-files/{publicId}/addresses/{addressPublicId} 204/400/401/403/404/409 f62052b7e82d
  + DELETE /api/v1/personnel-files/{publicId}/assets-accesses/{assetAccessPublicId} 204/400/401/403/404/409 8591578c3b75
  + DELETE /api/v1/personnel-files/{publicId}/assigned-positions/{employmentAssignmentPublicId} 204/400/401/403/404/409 3293a5c6b530
  + DELETE /api/v1/personnel-files/{publicId}/associations/{associationPublicId} 204/400/401/403/404/409 4420b772953e
  + DELETE /api/v1/personnel-files/{publicId}/authorization-substitutions/{authorizationSubstitutionPublicId} 204/400/401/403/404/409 cb2005c2d748
  + DELETE /api/v1/personnel-files/{publicId}/bank-accounts/{bankAccountPublicId} 204/400/401/403/404/409 72f84f41c9d9
  + DELETE /api/v1/personnel-files/{publicId}/certificate-requests/{certificateRequestPublicId} 204/400/401/403/404/409 9dfefd557938
  + DELETE /api/v1/personnel-files/{publicId}/certificate-requests/{certificateRequestPublicId}/documents/{documentPublicId} 204/400/401/403/404/409 4ed07762e1c5
  … y 876 más

EN LA HUELLA PERO NO EN EL CÓDIGO (901) — documenta algo que ya no existe:
  - DELETE /api/v1/account/companies/{companyPublicId}/authorization/roles/{rolePublicId} 204/400/401/403/404/409 f4cb4fec07a2
  - DELETE /api/v1/companies/{companyPublicId}/job-catalogs/{category}/{jobCatalogPublicId} 200/400/401/403/404/409 667e22c9966c
  - DELETE /api/v1/exit-interview-forms/{publicId} 200/400/401/403/404/409/422 a8e876a2c30b
  - DELETE /api/v1/files/{filePublicId} 200/400/401/403/404/409 3b70de5d1d79
  - DELETE /api/v1/job-profiles/{jobProfilePublicId}/benefits/{benefitPublicId} 204/400/401/403/404/409 2a07b9480f6b
  - DELETE /api/v1/job-profiles/{jobProfilePublicId}/compensations/{compensationPublicId} 204/400/401/403/404/409 1c3e594a2d7a
  - DELETE /api/v1/job-profiles/{jobProfilePublicId}/competencies/{competencyPublicId} 204/400/401/403/404/409 f3b6443e7938
  - DELETE /api/v1/job-profiles/{jobProfilePublicId}/competency-matrix/items/{itemPublicId} 204/400/401/403/404/409 4bb17c5eafa2
  - DELETE /api/v1/job-profiles/{jobProfilePublicId}/dependent-positions/{dependentPositionPublicId} 204/400/401/403/404/409 b53f711bd11c
  - DELETE /api/v1/job-profiles/{jobProfilePublicId}/functions/{functionPublicId} 204/400/401/403/404/409 54220ea7cda6
  - DELETE /api/v1/job-profiles/{jobProfilePublicId}/relations/{relationPublicId} 204/400/401/403/404/409 79d0b44c620c
  - DELETE /api/v1/job-profiles/{jobProfilePublicId}/requirements/{requirementPublicId} 204/400/401/403/404/409 63c51fa389f2
  - DELETE /api/v1/job-profiles/{jobProfilePublicId}/trainings/{trainingPublicId} 204/400/401/403/404/409 42d916994f0c
  - DELETE /api/v1/job-profiles/{jobProfilePublicId}/working-conditions/{workingConditionPublicId} 204/400/401/403/404/409 03f7b1e41828
  - DELETE /api/v1/organization-structure-catalogs/unit-types/{publicId} 200/400/401/403/404/409/422 44182a884b24
  - DELETE /api/v1/organization-units/{publicId} 200/400/401/403/404/409/422 420e5210ad33
  - DELETE /api/v1/personnel-files/{publicId}/additional-benefits/{additionalBenefitPublicId} 204/400/401/403/404/409 e425d7da7092
  - DELETE /api/v1/personnel-files/{publicId}/addresses/{addressPublicId} 204/400/401/403/404/409 7556725b557a
  - DELETE /api/v1/personnel-files/{publicId}/assets-accesses/{assetAccessPublicId} 204/400/401/403/404/409 8d20be0339d4
  - DELETE /api/v1/personnel-files/{publicId}/assigned-positions/{employmentAssignmentPublicId} 204/400/401/403/404/409 9a639f6967f7
  - DELETE /api/v1/personnel-files/{publicId}/associations/{associationPublicId} 204/400/401/403/404/409 ccd67a952475
  - DELETE /api/v1/personnel-files/{publicId}/authorization-substitutions/{authorizationSubstitutionPublicId} 204/400/401/403/404/409 4d2437f0e262
  - DELETE /api/v1/personnel-files/{publicId}/bank-accounts/{bankAccountPublicId} 204/400/401/403/404/409 3cdfc2dfde04
  - DELETE /api/v1/personnel-files/{publicId}/certificate-requests/{certificateRequestPublicId} 204/400/401/403/404/409 1a26f9183f92
  - DELETE /api/v1/personnel-files/{publicId}/certificate-requests/{certificateRequestPublicId}/documents/{documentPublicId} 204/400/401/403/404/409 6aa29b4abeb7
  … y 876 más
</Message>
          <StackTrace>   at CLARIHR.Api.IntegrationTests.ContractFingerprintGuardrailsTests.ContractFingerprint_MatchesTheGeneratedContract() in /Users/christophercanas/Developments/CLARI NEW VERSION/clarihr/CLARIHR-backend/tests/CLARIHR.Api.IntegrationTests/ContractFingerprintGuardrailsTests.cs:line 82
--- End of stack trace from previous location ---</StackTrace>
        </ErrorInfo>
      </Output>
    </UnitTestResult>
  </Results>
  <TestDefinitions>
    <UnitTest name="CLARIHR.Api.IntegrationTests.ContractFingerprintGuardrailsTests.ContractFingerprint_MatchesTheGeneratedContract" storage="/users/christophercanas/developments/clari new version/clarihr/clarihr-backend/tests/clarihr.api.integrationtests/bin/debug/net10.0/clarihr.api.integrationtests.dll" id="dbdeaaaf-1399-d968-e807-d3ac99fdf6ca">
      <Execution id="044def79-ed52-4658-8955-5f155ca929a4" />
      <TestMethod codeBase="/Users/christophercanas/Developments/CLARI NEW VERSION/clarihr/CLARIHR-backend/tests/CLARIHR.Api.IntegrationTests/bin/Debug/net10.0/CLARIHR.Api.IntegrationTests.dll" adapterTypeName="executor://xunit/VsTestRunner3/netcore/" className="CLARIHR.Api.IntegrationTests.ContractFingerprintGuardrailsTests" name="ContractFingerprint_MatchesTheGeneratedContract" />
    </UnitTest>
  </TestDefinitions>
  <TestEntries>
    <TestEntry testId="dbdeaaaf-1399-d968-e807-d3ac99fdf6ca" executionId="044def79-ed52-4658-8955-5f155ca929a4" testListId="8c84fa94-04c1-424b-9868-57a2d4851a1d" />
  </TestEntries>
  <TestLists>
    <TestList name="Results Not in a List" id="8c84fa94-04c1-424b-9868-57a2d4851a1d" />
    <TestList name="All Loaded Results" id="19431567-8539-422a-85d7-44ee4e166bda" />
  </TestLists>
  <ResultSummary outcome="Failed">
    <Counters total="1" executed="1" passed="0" failed="1" error="0" timeout="0" aborted="0" inconclusive="0" passedButRunAborted="0" notRunnable="0" notExecuted="0" disconnected="0" warning="0" completed="0" inProgress="0" pending="0" />
    <Output>
      <StdOut>[xUnit.net 00:00:00.00] xUnit.net VSTest Adapter v3.1.4+50e68bbb8b (64-bit .NET 10.0.2)
[xUnit.net 00:00:00.19]   Discovering: CLARIHR.Api.IntegrationTests
[xUnit.net 00:00:00.27]   Discovered:  CLARIHR.Api.IntegrationTests
[xUnit.net 00:00:00.28]   Starting:    CLARIHR.Api.IntegrationTests
{"Timestamp":"2026-08-17T10:00:52.7568290-06:00","Level":"Information","MessageTemplate":"Configured JWT authentication for the core API. Issuer {Issuer}, valid audience {Audience}, platform audience {PlatformAudience}, key fingerprint {KeyFingerprint}.","Properties":{"Issuer":"clarihr-integration","Audience":"clarihr-integration","PlatformAudience":"clarihr-platform-integration","KeyFingerprint":"B6C26E67B3BE","SourceContext":"CLARIHR.Api","Environment":"Development","ProcessId":80445}}
{"Timestamp":"2026-08-17T10:00:55.2138370-06:00","Level":"Error","MessageTemplate":"An error occurred using the connection to database '{database}' on server '{server}'.","Properties":{"database":"clarihr_integration_tests_fb536bd0c7dc4609a8727c8149afc51e","server":"tcp://localhost:5433","EventId":{"Id":20004,"Name":"Microsoft.EntityFrameworkCore.Database.Connection.ConnectionError"},"SourceContext":"Microsoft.EntityFrameworkCore.Database.Connection","Environment":"Development","ProcessId":80445}}
{"Timestamp":"2026-08-17T10:01:26.2796730-06:00","Level":"Information","MessageTemplate":"Application started. Press Ctrl+C to shut down.","Properties":{"SourceContext":"Microsoft.Hosting.Lifetime","Environment":"Development","ProcessId":80445}}
{"Timestamp":"2026-08-17T10:01:26.2803120-06:00","Level":"Information","MessageTemplate":"Hosting environment: {EnvName}","Properties":{"EnvName":"Development","SourceContext":"Microsoft.Hosting.Lifetime","Environment":"Development","ProcessId":80445}}
{"Timestamp":"2026-08-17T10:01:26.2804110-06:00","Level":"Information","MessageTemplate":"Content root path: {ContentRoot}","Properties":{"ContentRoot":"/Users/christophercanas/Developments/CLARI NEW VERSION/clarihr/CLARIHR-backend/src/CLARIHR.Api","SourceContext":"Microsoft.Hosting.Lifetime","Environment":"Development","ProcessId":80445}}
{"Timestamp":"2026-08-17T10:01:26.2827670-06:00","Level":"Debug","MessageTemplate":"File cleanup cycle found no expired pending uploads.","Properties":{"EventId":{"Id":10006},"SourceContext":"CLARIHR.Infrastructure.Files.BackgroundJobs.PendingFileCleanupBackgroundService","Environment":"Development","ProcessId":80445}}
{"Timestamp":"2026-08-17T10:01:26.3796450-06:00","Level":"Error","MessageTemplate":"An error occurred using the connection to database '{database}' on server '{server}'.","Properties":{"database":"clarihr_integration_tests_fb536bd0c7dc4609a8727c8149afc51e","server":"tcp://localhost:5433","EventId":{"Id":20004,"Name":"Microsoft.EntityFrameworkCore.Database.Connection.ConnectionError"},"SourceContext":"Microsoft.EntityFrameworkCore.Database.Connection","Environment":"Development","ProcessId":80445}}
{"Timestamp":"2026-08-17T10:01:26.3888320-06:00","Level":"Error","MessageTemplate":"An error occurred using the connection to database '{database}' on server '{server}'.","Properties":{"database":"clarihr_integration_tests_fb536bd0c7dc4609a8727c8149afc51e","server":"tcp://localhost:5433","EventId":{"Id":20004,"Name":"Microsoft.EntityFrameworkCore.Database.Connection.ConnectionError"},"SourceContext":"Microsoft.EntityFrameworkCore.Database.Connection","Environment":"Development","ProcessId":80445}}
{"Timestamp":"2026-08-17T10:01:26.3895320-06:00","Level":"Error","MessageTemplate":"An exception occurred while iterating over the results of a query for context type '{contextType}'.{newline}{error}","Exception":"Npgsql.PostgresException (0x80004005): 3D000: database \"clarihr_integration_tests_fb536bd0c7dc4609a8727c8149afc51e\" does not exist\n\nDETAIL: Detail redacted as it may contain sensitive data. Specify 'Include Error Detail' in the connection string to include this information.\n   at Npgsql.Internal.NpgsqlConnector.ReadMessageLong(Boolean async, DataRowLoadingMode dataRowLoadingMode, Boolean readingNotifications, Boolean isReadingPrependedMessage)\n   at System.Runtime.CompilerServices.PoolingAsyncValueTaskMethodBuilder`1.StateMachineBox`1.System.Threading.Tasks.Sources.IValueTaskSource&lt;TResult&gt;.GetResult(Int16 token)\n   at Npgsql.Internal.NpgsqlConnector.&lt;Open&gt;g__OpenCore|214_1(NpgsqlConnector conn, SslMode sslMode, NpgsqlTimeout timeout, Boolean async, CancellationToken cancellationToken)\n   at Npgsql.Internal.NpgsqlConnector.Open(NpgsqlTimeout timeout, Boolean async, CancellationToken cancellationToken)\n   at Npgsql.PoolingDataSource.OpenNewConnector(NpgsqlConnection conn, NpgsqlTimeout timeout, Boolean async, CancellationToken cancellationToken)\n   at Npgsql.PoolingDataSource.&lt;Get&gt;g__RentAsync|33_0(NpgsqlConnection conn, NpgsqlTimeout timeout, Boolean async, CancellationToken cancellationToken)\n   at Npgsql.NpgsqlConnection.&lt;Open&gt;g__OpenAsync|42_0(Boolean async, CancellationToken cancellationToken)\n   at Microsoft.EntityFrameworkCore.Storage.RelationalConnection.OpenInternalAsync(Boolean errorsExpected, CancellationToken cancellationToken)\n   at Microsoft.EntityFrameworkCore.Storage.RelationalConnection.OpenInternalAsync(Boolean errorsExpected, CancellationToken cancellationToken)\n   at Microsoft.EntityFrameworkCore.Storage.RelationalConnection.OpenAsync(CancellationToken cancellationToken, Boolean errorsExpected)\n   at Microsoft.EntityFrameworkCore.Storage.RelationalCommand.ExecuteReaderAsync(RelationalCommandParameterObject parameterObject, CancellationToken cancellationToken)\n   at Microsoft.EntityFrameworkCore.Query.Internal.SingleQueryingEnumerable`1.AsyncEnumerator.InitializeReaderAsync(AsyncEnumerator enumerator, CancellationToken cancellationToken)\n   at Npgsql.EntityFrameworkCore.PostgreSQL.Storage.Internal.NpgsqlExecutionStrategy.ExecuteAsync[TState,TResult](TState state, Func`4 operation, Func`4 verifySucceeded, CancellationToken cancellationToken)\n   at Microsoft.EntityFrameworkCore.Query.Internal.SingleQueryingEnumerable`1.AsyncEnumerator.MoveNextAsync()\n  Exception data:\n    Severity: FATAL\n    SqlState: 3D000\n    MessageText: database \"clarihr_integration_tests_fb536bd0c7dc4609a8727c8149afc51e\" does not exist\n    Detail: Detail redacted as it may contain sensitive data. Specify 'Include Error Detail' in the connection string to include this information.\n    File: postinit.c\n    Line: 1085\n    Routine: InitPostgres","Properties":{"contextType":"CLARIHR.Infrastructure.Persistence.ApplicationDbContext","newline":"\n","error":"Npgsql.PostgresException (0x80004005): 3D000: database \"clarihr_integration_tests_fb536bd0c7dc4609a8727c8149afc51e\" does not exist\n\nDETAIL: Detail redacted as it may contain sensitive data. Specify 'Include Error Detail' in the connection string to include this information.\n   at Npgsql.Internal.NpgsqlConnector.ReadMessageLong(Boolean async, DataRowLoadingMode dataRowLoadingMode, Boolean readingNotifications, Boolean isReadingPrependedMessage)\n   at System.Runtime.CompilerServices.PoolingAsyncValueTaskMethodBuilder`1.StateMachineBox`1.System.Threading.Tasks.Sources.IValueTaskSource&lt;TResult&gt;.GetResult(Int16 token)\n   at Npgsql.Internal.NpgsqlConnector.&lt;Open&gt;g__OpenCore|214_1(NpgsqlConnector conn, SslMode sslMode, NpgsqlTimeout timeout, Boolean async, CancellationToken cancellationToken)\n   at Npgsql.Internal.NpgsqlConnector.Open(NpgsqlTimeout timeout, Boolean async, CancellationToken cancellationToken)\n   at Npgsql.PoolingDataSource.OpenNewConnector(NpgsqlConnection conn, NpgsqlTimeout timeout, Boolean async, CancellationToken cancellationToken)\n   at Npgsql.PoolingDataSource.&lt;Get&gt;g__RentAsync|33_0(NpgsqlConnection conn, NpgsqlTimeout timeout, Boolean async, CancellationToken cancellationToken)\n   at Npgsql.NpgsqlConnection.&lt;Open&gt;g__OpenAsync|42_0(Boolean async, CancellationToken cancellationToken)\n   at Microsoft.EntityFrameworkCore.Storage.RelationalConnection.OpenInternalAsync(Boolean errorsExpected, CancellationToken cancellationToken)\n   at Microsoft.EntityFrameworkCore.Storage.RelationalConnection.OpenInternalAsync(Boolean errorsExpected, CancellationToken cancellationToken)\n   at Microsoft.EntityFrameworkCore.Storage.RelationalConnection.OpenAsync(CancellationToken cancellationToken, Boolean errorsExpected)\n   at Microsoft.EntityFrameworkCore.Storage.RelationalCommand.ExecuteReaderAsync(RelationalCommandParameterObject parameterObject, CancellationToken cancellationToken)\n   at Microsoft.EntityFrameworkCore.Query.Internal.SingleQueryingEnumerable`1.AsyncEnumerator.InitializeReaderAsync(AsyncEnumerator enumerator, CancellationToken cancellationToken)\n   at Npgsql.EntityFrameworkCore.PostgreSQL.Storage.Internal.NpgsqlExecutionStrategy.ExecuteAsync[TState,TResult](TState state, Func`4 operation, Func`4 verifySucceeded, CancellationToken cancellationToken)\n   at Microsoft.EntityFrameworkCore.Query.Internal.SingleQueryingEnumerable`1.AsyncEnumerator.MoveNextAsync()\n  Exception data:\n    Severity: FATAL\n    SqlState: 3D000\n    MessageText: database \"clarihr_integration_tests_fb536bd0c7dc4609a8727c8149afc51e\" does not exist\n    Detail: Detail redacted as it may contain sensitive data. Specify 'Include Error Detail' in the connection string to include this information.\n    File: postinit.c\n    Line: 1085\n    Routine: InitPostgres","EventId":{"Id":10100,"Name":"Microsoft.EntityFrameworkCore.Query.QueryIterationFailed"},"SourceContext":"Microsoft.EntityFrameworkCore.Query","Environment":"Development","ProcessId":80445,"HasException":true}}
{"Timestamp":"2026-08-17T10:01:26.3922820-06:00","Level":"Error","MessageTemplate":"Report export worker cycle failed. cycle_duration_ms {cycle_duration_ms} worker_batch_size {worker_batch_size} poll_interval_seconds {poll_interval_seconds} had_work {had_work}","Exception":"Npgsql.PostgresException (0x80004005): 3D000: database \"clarihr_integration_tests_fb536bd0c7dc4609a8727c8149afc51e\" does not exist\n\nDETAIL: Detail redacted as it may contain sensitive data. Specify 'Include Error Detail' in the connection string to include this information.\n   at Npgsql.Internal.NpgsqlConnector.ReadMessageLong(Boolean async, DataRowLoadingMode dataRowLoadingMode, Boolean readingNotifications, Boolean isReadingPrependedMessage)\n   at System.Runtime.CompilerServices.PoolingAsyncValueTaskMethodBuilder`1.StateMachineBox`1.System.Threading.Tasks.Sources.IValueTaskSource&lt;TResult&gt;.GetResult(Int16 token)\n   at Npgsql.Internal.NpgsqlConnector.&lt;Open&gt;g__OpenCore|214_1(NpgsqlConnector conn, SslMode sslMode, NpgsqlTimeout timeout, Boolean async, CancellationToken cancellationToken)\n   at Npgsql.Internal.NpgsqlConnector.Open(NpgsqlTimeout timeout, Boolean async, CancellationToken cancellationToken)\n   at Npgsql.PoolingDataSource.OpenNewConnector(NpgsqlConnection conn, NpgsqlTimeout timeout, Boolean async, CancellationToken cancellationToken)\n   at Npgsql.PoolingDataSource.&lt;Get&gt;g__RentAsync|33_0(NpgsqlConnection conn, NpgsqlTimeout timeout, Boolean async, CancellationToken cancellationToken)\n   at Npgsql.NpgsqlConnection.&lt;Open&gt;g__OpenAsync|42_0(Boolean async, CancellationToken cancellationToken)\n   at Microsoft.EntityFrameworkCore.Storage.RelationalConnection.OpenInternalAsync(Boolean errorsExpected, CancellationToken cancellationToken)\n   at Microsoft.EntityFrameworkCore.Storage.RelationalConnection.OpenInternalAsync(Boolean errorsExpected, CancellationToken cancellationToken)\n   at Microsoft.EntityFrameworkCore.Storage.RelationalConnection.OpenAsync(CancellationToken cancellationToken, Boolean errorsExpected)\n   at Microsoft.EntityFrameworkCore.Storage.RelationalCommand.ExecuteReaderAsync(RelationalCommandParameterObject parameterObject, CancellationToken cancellationToken)\n   at Microsoft.EntityFrameworkCore.Query.Internal.SingleQueryingEnumerable`1.AsyncEnumerator.InitializeReaderAsync(AsyncEnumerator enumerator, CancellationToken cancellationToken)\n   at Npgsql.EntityFrameworkCore.PostgreSQL.Storage.Internal.NpgsqlExecutionStrategy.ExecuteAsync[TState,TResult](TState state, Func`4 operation, Func`4 verifySucceeded, CancellationToken cancellationToken)\n   at Microsoft.EntityFrameworkCore.Query.Internal.SingleQueryingEnumerable`1.AsyncEnumerator.MoveNextAsync()\n   at Microsoft.EntityFrameworkCore.EntityFrameworkQueryableExtensions.ToListAsync[TSource](IQueryable`1 source, CancellationToken cancellationToken)\n   at Microsoft.EntityFrameworkCore.EntityFrameworkQueryableExtensions.ToListAsync[TSource](IQueryable`1 source, CancellationToken cancellationToken)\n   at Microsoft.EntityFrameworkCore.EntityFrameworkQueryableExtensions.ToArrayAsync[TSource](IQueryable`1 source, CancellationToken cancellationToken)\n   at CLARIHR.Infrastructure.Reports.ReportExportJobRepository.GetClaimableAsync(DateTime utcNow, Int32 maxCount, CancellationToken cancellationToken) in /Users/christophercanas/Developments/CLARI NEW VERSION/clarihr/CLARIHR-backend/src/CLARIHR.Infrastructure/Reports/ReportExportJobRepository.cs:line 67\n   at CLARIHR.Infrastructure.Reports.ReportExportJobProcessor.ProcessDueJobsAsync(CancellationToken cancellationToken) in /Users/christophercanas/Developments/CLARI NEW VERSION/clarihr/CLARIHR-backend/src/CLARIHR.Infrastructure/Reports/ReportExportJobProcessor.cs:line 36\n   at CLARIHR.Infrastructure.Reports.ReportExportJobBackgroundService.ExecuteCycleAsync(CancellationToken cancellationToken) in /Users/christophercanas/Developments/CLARI NEW VERSION/clarihr/CLARIHR-backend/src/CLARIHR.Infrastructure/Reports/ReportExportJobBackgroundService.cs:line 39\n  Exception data:\n    Severity: FATAL\n    SqlState: 3D000\n    MessageText: database \"clarihr_integration_tests_fb536bd0c7dc4609a8727c8149afc51e\" does not exist\n    Detail: Detail redacted as it may contain sensitive data. Specify 'Include Error Detail' in the connection string to include this information.\n    File: postinit.c\n    Line: 1085\n    Routine: InitPostgres","Properties":{"cycle_duration_ms":209,"worker_batch_size":2,"poll_interval_seconds":15,"had_work":false,"EventId":{"Id":40003,"Name":"report_export_worker_cycle_failed"},"SourceContext":"CLARIHR.Infrastructure.Reports.ReportExportJobBackgroundService","Environment":"Development","ProcessId":80445,"HasException":true}}
{"Timestamp":"2026-08-17T10:01:38.7583180-06:00","Level":"Error","MessageTemplate":"An error occurred using the connection to database '{database}' on server '{server}'.","Properties":{"database":"clarihr_integration_tests_fb536bd0c7dc4609a8727c8149afc51e","server":"tcp://localhost:5433","EventId":{"Id":20004,"Name":"Microsoft.EntityFrameworkCore.Database.Connection.ConnectionError"},"SourceContext":"Microsoft.EntityFrameworkCore.Database.Connection","Environment":"Development","ProcessId":80445}}
{"Timestamp":"2026-08-17T10:01:41.1981010-06:00","Level":"Error","MessageTemplate":"Failed executing DbCommand ({elapsed}ms) [Parameters=[{parameters}], CommandType='{commandType}', CommandTimeout='{commandTimeout}']{newLine}{commandText}","Properties":{"elapsed":"1","parameters":"@__utcNow_0='?' (DbType = DateTime), @__p_1='?' (DbType = Int32)","commandType":"Text","commandTimeout":30,"newLine":"\n","commandText":"SELECT r.id, r.artifact_blob_name, r.artifact_content_type, r.artifact_file_name, r.artifact_size_bytes, r.attempts, r.completed_utc, r.concurrency_token, r.created_utc, r.expires_utc, r.format, r.last_error_code, r.last_error_message, r.lease_until_utc, r.modified_utc, r.parameters_json, r.public_id, r.queued_utc, r.requested_by_user_id, r.resource_key, r.row_count, r.started_utc, r.status, r.tenant_id, r.worker_id\nFROM report_export_jobs AS r\nWHERE r.status = 'Succeeded' AND r.expires_utc IS NOT NULL AND r.expires_utc &lt;= @__utcNow_0\nORDER BY r.expires_utc\nLIMIT @__p_1","EventId":{"Id":20102,"Name":"Microsoft.EntityFrameworkCore.Database.Command.CommandError"},"SourceContext":"Microsoft.EntityFrameworkCore.Database.Command","Environment":"Development","ProcessId":80445}}
{"Timestamp":"2026-08-17T10:01:41.1995820-06:00","Level":"Error","MessageTemplate":"An exception occurred while iterating over the results of a query for context type '{contextType}'.{newline}{error}","Exception":"Npgsql.PostgresException (0x80004005): 42P01: relation \"report_export_jobs\" does not exist\n\nPOSITION: 426\n   at Npgsql.Internal.NpgsqlConnector.ReadMessageLong(Boolean async, DataRowLoadingMode dataRowLoadingMode, Boolean readingNotifications, Boolean isReadingPrependedMessage)\n   at System.Runtime.CompilerServices.PoolingAsyncValueTaskMethodBuilder`1.StateMachineBox`1.System.Threading.Tasks.Sources.IValueTaskSource&lt;TResult&gt;.GetResult(Int16 token)\n   at Npgsql.NpgsqlDataReader.NextResult(Boolean async, Boolean isConsuming, CancellationToken cancellationToken)\n   at Npgsql.NpgsqlDataReader.NextResult(Boolean async, Boolean isConsuming, CancellationToken cancellationToken)\n   at Npgsql.NpgsqlCommand.ExecuteReader(Boolean async, CommandBehavior behavior, CancellationToken cancellationToken)\n   at Npgsql.NpgsqlCommand.ExecuteReader(Boolean async, CommandBehavior behavior, CancellationToken cancellationToken)\n   at Npgsql.NpgsqlCommand.ExecuteDbDataReaderAsync(CommandBehavior behavior, CancellationToken cancellationToken)\n   at Microsoft.EntityFrameworkCore.Storage.RelationalCommand.ExecuteReaderAsync(RelationalCommandParameterObject parameterObject, CancellationToken cancellationToken)\n   at Microsoft.EntityFrameworkCore.Storage.RelationalCommand.ExecuteReaderAsync(RelationalCommandParameterObject parameterObject, CancellationToken cancellationToken)\n   at Microsoft.EntityFrameworkCore.Query.Internal.SingleQueryingEnumerable`1.AsyncEnumerator.InitializeReaderAsync(AsyncEnumerator enumerator, CancellationToken cancellationToken)\n   at Npgsql.EntityFrameworkCore.PostgreSQL.Storage.Internal.NpgsqlExecutionStrategy.ExecuteAsync[TState,TResult](TState state, Func`4 operation, Func`4 verifySucceeded, CancellationToken cancellationToken)\n   at Microsoft.EntityFrameworkCore.Query.Internal.SingleQueryingEnumerable`1.AsyncEnumerator.MoveNextAsync()\n  Exception data:\n    Severity: ERROR\n    SqlState: 42P01\n    MessageText: relation \"report_export_jobs\" does not exist\n    Position: 426\n    File: parse_relation.c\n    Line: 1449\n    Routine: parserOpenTable","Properties":{"contextType":"CLARIHR.Infrastructure.Persistence.ApplicationDbContext","newline":"\n","error":"Npgsql.PostgresException (0x80004005): 42P01: relation \"report_export_jobs\" does not exist\n\nPOSITION: 426\n   at Npgsql.Internal.NpgsqlConnector.ReadMessageLong(Boolean async, DataRowLoadingMode dataRowLoadingMode, Boolean readingNotifications, Boolean isReadingPrependedMessage)\n   at System.Runtime.CompilerServices.PoolingAsyncValueTaskMethodBuilder`1.StateMachineBox`1.System.Threading.Tasks.Sources.IValueTaskSource&lt;TResult&gt;.GetResult(Int16 token)\n   at Npgsql.NpgsqlDataReader.NextResult(Boolean async, Boolean isConsuming, CancellationToken cancellationToken)\n   at Npgsql.NpgsqlDataReader.NextResult(Boolean async, Boolean isConsuming, CancellationToken cancellationToken)\n   at Npgsql.NpgsqlCommand.ExecuteReader(Boolean async, CommandBehavior behavior, CancellationToken cancellationToken)\n   at Npgsql.NpgsqlCommand.ExecuteReader(Boolean async, CommandBehavior behavior, CancellationToken cancellationToken)\n   at Npgsql.NpgsqlCommand.ExecuteDbDataReaderAsync(CommandBehavior behavior, CancellationToken cancellationToken)\n   at Microsoft.EntityFrameworkCore.Storage.RelationalCommand.ExecuteReaderAsync(RelationalCommandParameterObject parameterObject, CancellationToken cancellationToken)\n   at Microsoft.EntityFrameworkCore.Storage.RelationalCommand.ExecuteReaderAsync(RelationalCommandParameterObject parameterObject, CancellationToken cancellationToken)\n   at Microsoft.EntityFrameworkCore.Query.Internal.SingleQueryingEnumerable`1.AsyncEnumerator.InitializeReaderAsync(AsyncEnumerator enumerator, CancellationToken cancellationToken)\n   at Npgsql.EntityFrameworkCore.PostgreSQL.Storage.Internal.NpgsqlExecutionStrategy.ExecuteAsync[TState,TResult](TState state, Func`4 operation, Func`4 verifySucceeded, CancellationToken cancellationToken)\n   at Microsoft.EntityFrameworkCore.Query.Internal.SingleQueryingEnumerable`1.AsyncEnumerator.MoveNextAsync()\n  Exception data:\n    Severity: ERROR\n    SqlState: 42P01\n    MessageText: relation \"report_export_jobs\" does not exist\n    Position: 426\n    File: parse_relation.c\n    Line: 1449\n    Routine: parserOpenTable","EventId":{"Id":10100,"Name":"Microsoft.EntityFrameworkCore.Query.QueryIterationFailed"},"SourceContext":"Microsoft.EntityFrameworkCore.Query","Environment":"Development","ProcessId":80445,"HasException":true}}
{"Timestamp":"2026-08-17T10:01:41.2010160-06:00","Level":"Error","MessageTemplate":"Report export worker cycle failed. cycle_duration_ms {cycle_duration_ms} worker_batch_size {worker_batch_size} poll_interval_seconds {poll_interval_seconds} had_work {had_work}","Exception":"Npgsql.PostgresException (0x80004005): 42P01: relation \"report_export_jobs\" does not exist\n\nPOSITION: 426\n   at Npgsql.Internal.NpgsqlConnector.ReadMessageLong(Boolean async, DataRowLoadingMode dataRowLoadingMode, Boolean readingNotifications, Boolean isReadingPrependedMessage)\n   at System.Runtime.CompilerServices.PoolingAsyncValueTaskMethodBuilder`1.StateMachineBox`1.System.Threading.Tasks.Sources.IValueTaskSource&lt;TResult&gt;.GetResult(Int16 token)\n   at Npgsql.NpgsqlDataReader.NextResult(Boolean async, Boolean isConsuming, CancellationToken cancellationToken)\n   at Npgsql.NpgsqlDataReader.NextResult(Boolean async, Boolean isConsuming, CancellationToken cancellationToken)\n   at Npgsql.NpgsqlCommand.ExecuteReader(Boolean async, CommandBehavior behavior, CancellationToken cancellationToken)\n   at Npgsql.NpgsqlCommand.ExecuteReader(Boolean async, CommandBehavior behavior, CancellationToken cancellationToken)\n   at Npgsql.NpgsqlCommand.ExecuteDbDataReaderAsync(CommandBehavior behavior, CancellationToken cancellationToken)\n   at Microsoft.EntityFrameworkCore.Storage.RelationalCommand.ExecuteReaderAsync(RelationalCommandParameterObject parameterObject, CancellationToken cancellationToken)\n   at Microsoft.EntityFrameworkCore.Storage.RelationalCommand.ExecuteReaderAsync(RelationalCommandParameterObject parameterObject, CancellationToken cancellationToken)\n   at Microsoft.EntityFrameworkCore.Query.Internal.SingleQueryingEnumerable`1.AsyncEnumerator.InitializeReaderAsync(AsyncEnumerator enumerator, CancellationToken cancellationToken)\n   at Npgsql.EntityFrameworkCore.PostgreSQL.Storage.Internal.NpgsqlExecutionStrategy.ExecuteAsync[TState,TResult](TState state, Func`4 operation, Func`4 verifySucceeded, CancellationToken cancellationToken)\n   at Microsoft.EntityFrameworkCore.Query.Internal.SingleQueryingEnumerable`1.AsyncEnumerator.MoveNextAsync()\n   at Microsoft.EntityFrameworkCore.EntityFrameworkQueryableExtensions.ToListAsync[TSource](IQueryable`1 source, CancellationToken cancellationToken)\n   at Microsoft.EntityFrameworkCore.EntityFrameworkQueryableExtensions.ToListAsync[TSource](IQueryable`1 source, CancellationToken cancellationToken)\n   at Microsoft.EntityFrameworkCore.EntityFrameworkQueryableExtensions.ToArrayAsync[TSource](IQueryable`1 source, CancellationToken cancellationToken)\n   at CLARIHR.Infrastructure.Reports.ReportExportJobRepository.GetExpiredSucceededAsync(DateTime utcNow, Int32 maxCount, CancellationToken cancellationToken) in /Users/christophercanas/Developments/CLARI NEW VERSION/clarihr/CLARIHR-backend/src/CLARIHR.Infrastructure/Reports/ReportExportJobRepository.cs:line 83\n   at CLARIHR.Infrastructure.Reports.ReportExportJobProcessor.ExpireArtifactsAsync(CancellationToken cancellationToken) in /Users/christophercanas/Developments/CLARI NEW VERSION/clarihr/CLARIHR-backend/src/CLARIHR.Infrastructure/Reports/ReportExportJobProcessor.cs:line 361\n   at CLARIHR.Infrastructure.Reports.ReportExportJobProcessor.ProcessDueJobsAsync(CancellationToken cancellationToken) in /Users/christophercanas/Developments/CLARI NEW VERSION/clarihr/CLARIHR-backend/src/CLARIHR.Infrastructure/Reports/ReportExportJobProcessor.cs:line 33\n   at CLARIHR.Infrastructure.Reports.ReportExportJobBackgroundService.ExecuteCycleAsync(CancellationToken cancellationToken) in /Users/christophercanas/Developments/CLARI NEW VERSION/clarihr/CLARIHR-backend/src/CLARIHR.Infrastructure/Reports/ReportExportJobBackgroundService.cs:line 39\n  Exception data:\n    Severity: ERROR\n    SqlState: 42P01\n    MessageText: relation \"report_export_jobs\" does not exist\n    Position: 426\n    File: parse_relation.c\n    Line: 1449\n    Routine: parserOpenTable","Properties":{"cycle_duration_ms":18,"worker_batch_size":2,"poll_interval_seconds":15,"had_work":false,"EventId":{"Id":40003,"Name":"report_export_worker_cycle_failed"},"SourceContext":"CLARIHR.Infrastructure.Reports.ReportExportJobBackgroundService","Environment":"Development","ProcessId":80445,"HasException":true}}
{"Timestamp":"2026-08-17T10:01:49.6055870-06:00","Level":"Information","MessageTemplate":"Request starting {Protocol} {Method} {Scheme}://{Host}{PathBase}{Path}{QueryString} - {ContentType} {ContentLength}","TraceId":"4eb4da9c2b1e1eec6f304ee5bb593bb3","SpanId":"f3ccd9ea6e12bd85","Properties":{"Protocol":"HTTP/1.1","Method":"GET","ContentType":null,"ContentLength":null,"Scheme":"http","Host":"localhost","PathBase":"","Path":"/swagger/v1/swagger.json","QueryString":"","EventId":{"Id":1},"SourceContext":"Microsoft.AspNetCore.Hosting.Diagnostics","SpanId":"f3ccd9ea6e12bd85","TraceId":"4eb4da9c2b1e1eec6f304ee5bb593bb3","ParentId":"0000000000000000","RequestId":"0HNNSF3CC35N1","RequestPath":"/swagger/v1/swagger.json","Environment":"Development","ProcessId":80445}}
{"Timestamp":"2026-08-17T10:01:51.5361180-06:00","Level":"Information","MessageTemplate":"Request finished {Protocol} {Method} {Scheme}://{Host}{PathBase}{Path}{QueryString} - {StatusCode} {ContentLength} {ContentType} {ElapsedMilliseconds}ms","TraceId":"4eb4da9c2b1e1eec6f304ee5bb593bb3","SpanId":"f3ccd9ea6e12bd85","Properties":{"ElapsedMilliseconds":1932.496,"StatusCode":200,"ContentType":"application/json;charset=utf-8","ContentLength":null,"Protocol":"HTTP/1.1","Method":"GET","Scheme":"http","Host":"localhost","PathBase":"","Path":"/swagger/v1/swagger.json","QueryString":"","EventId":{"Id":2},"SourceContext":"Microsoft.AspNetCore.Hosting.Diagnostics","SpanId":"f3ccd9ea6e12bd85","TraceId":"4eb4da9c2b1e1eec6f304ee5bb593bb3","ParentId":"0000000000000000","RequestId":"0HNNSF3CC35N1","RequestPath":"/swagger/v1/swagger.json","Environment":"Development","ProcessId":80445}}
[xUnit.net 00:00:59.73]       La huella versionada del contrato no coincide con el código.
[xUnit.net 00:00:59.73]       Archivo: /Users/christophercanas/Developments/CLARI NEW VERSION/clarihr/CLARIHR-backend/docs/technical/api/contract-fingerprint.txt
[xUnit.net 00:00:59.73]       Regenerar con: docs/technical/operations/regenerar-contrato.md
[xUnit.net 00:00:59.73]       
[xUnit.net 00:00:59.73]       EN EL CÓDIGO PERO NO EN LA HUELLA (901) — falta documentar:
[xUnit.net 00:00:59.73]         + DELETE /api/v1/account/companies/{companyPublicId}/authorization/roles/{rolePublicId} 204/400/401/403/404/409 e93f375e4a21
[xUnit.net 00:00:59.73]         + DELETE /api/v1/companies/{companyPublicId}/job-catalogs/{category}/{jobCatalogPublicId} 200/400/401/403/404/409 f7174d290c87
[xUnit.net 00:00:59.73]         + DELETE /api/v1/exit-interview-forms/{publicId} 200/400/401/403/404/409/422 a3ce18481752
[xUnit.net 00:00:59.73]         + DELETE /api/v1/files/{filePublicId} 200/400/401/403/404/409 60513ba67b46
[xUnit.net 00:00:59.73]         + DELETE /api/v1/job-profiles/{jobProfilePublicId}/benefits/{benefitPublicId} 204/400/401/403/404/409 1adc317ef8df
[xUnit.net 00:00:59.73]         + DELETE /api/v1/job-profiles/{jobProfilePublicId}/compensations/{compensationPublicId} 204/400/401/403/404/409 75863787ea91
[xUnit.net 00:00:59.73]         + DELETE /api/v1/job-profiles/{jobProfilePublicId}/competencies/{competencyPublicId} 204/400/401/403/404/409 bdf9e3042072
[xUnit.net 00:00:59.73]         + DELETE /api/v1/job-profiles/{jobProfilePublicId}/competency-matrix/items/{itemPublicId} 204/400/401/403/404/409 e01dc9d9d9fc
[xUnit.net 00:00:59.73]         + DELETE /api/v1/job-profiles/{jobProfilePublicId}/dependent-positions/{dependentPositionPublicId} 204/400/401/403/404/409 6b1c1c2b7f17
[xUnit.net 00:00:59.73]         + DELETE /api/v1/job-profiles/{jobProfilePublicId}/functions/{functionPublicId} 204/400/401/403/404/409 b0a40c00aa7a
[xUnit.net 00:00:59.73]         + DELETE /api/v1/job-profiles/{jobProfilePublicId}/relations/{relationPublicId} 204/400/401/403/404/409 ed14c13523ab
[xUnit.net 00:00:59.73]         + DELETE /api/v1/job-profiles/{jobProfilePublicId}/requirements/{requirementPublicId} 204/400/401/403/404/409 9cd1560999cd
[xUnit.net 00:00:59.73]         + DELETE /api/v1/job-profiles/{jobProfilePublicId}/trainings/{trainingPublicId} 204/400/401/403/404/409 5a74cd195e85
[xUnit.net 00:00:59.73]         + DELETE /api/v1/job-profiles/{jobProfilePublicId}/working-conditions/{workingConditionPublicId} 204/400/401/403/404/409 faadbd99c226
[xUnit.net 00:00:59.73]         + DELETE /api/v1/organization-structure-catalogs/unit-types/{publicId} 200/400/401/403/404/409/422 badbac6a97ed
[xUnit.net 00:00:59.73]         + DELETE /api/v1/organization-units/{publicId} 200/400/401/403/404/409/422 f2bef870f366
[xUnit.net 00:00:59.73]         + DELETE /api/v1/personnel-files/{publicId}/additional-benefits/{additionalBenefitPublicId} 204/400/401/403/404/409 78f18303f7c3
[xUnit.net 00:00:59.73]         + DELETE /api/v1/personnel-files/{publicId}/addresses/{addressPublicId} 204/400/401/403/404/409 f62052b7e82d
[xUnit.net 00:00:59.73]         + DELETE /api/v1/personnel-files/{publicId}/assets-accesses/{assetAccessPublicId} 204/400/401/403/404/409 8591578c3b75
[xUnit.net 00:00:59.73]         + DELETE /api/v1/personnel-files/{publicId}/assigned-positions/{employmentAssignmentPublicId} 204/400/401/403/404/409 3293a5c6b530
[xUnit.net 00:00:59.73]         + DELETE /api/v1/personnel-files/{publicId}/associations/{associationPublicId} 204/400/401/403/404/409 4420b772953e
[xUnit.net 00:00:59.73]         + DELETE /api/v1/personnel-files/{publicId}/authorization-substitutions/{authorizationSubstitutionPublicId} 204/400/401/403/404/409 cb2005c2d748
[xUnit.net 00:00:59.73]         + DELETE /api/v1/personnel-files/{publicId}/bank-accounts/{bankAccountPublicId} 204/400/401/403/404/409 72f84f41c9d9
[xUnit.net 00:00:59.73]         + DELETE /api/v1/personnel-files/{publicId}/certificate-requests/{certificateRequestPublicId} 204/400/401/403/404/409 9dfefd557938
[xUnit.net 00:00:59.73]         + DELETE /api/v1/personnel-files/{publicId}/certificate-requests/{certificateRequestPublicId}/documents/{documentPublicId} 204/400/401/403/404/409 4ed07762e1c5
[xUnit.net 00:00:59.73]         … y 876 más
[xUnit.net 00:00:59.73]       
[xUnit.net 00:00:59.73]       EN LA HUELLA PERO NO EN EL CÓDIGO (901) — documenta algo que ya no existe:
[xUnit.net 00:00:59.73]         - DELETE /api/v1/account/companies/{companyPublicId}/authorization/roles/{rolePublicId} 204/400/401/403/404/409 f4cb4fec07a2
[xUnit.net 00:00:59.73]         - DELETE /api/v1/companies/{companyPublicId}/job-catalogs/{category}/{jobCatalogPublicId} 200/400/401/403/404/409 667e22c9966c
[xUnit.net 00:00:59.73]         - DELETE /api/v1/exit-interview-forms/{publicId} 200/400/401/403/404/409/422 a8e876a2c30b
[xUnit.net 00:00:59.73]         - DELETE /api/v1/files/{filePublicId} 200/400/401/403/404/409 3b70de5d1d79
[xUnit.net 00:00:59.73]         - DELETE /api/v1/job-profiles/{jobProfilePublicId}/benefits/{benefitPublicId} 204/400/401/403/404/409 2a07b9480f6b
[xUnit.net 00:00:59.73]         - DELETE /api/v1/job-profiles/{jobProfilePublicId}/compensations/{compensationPublicId} 204/400/401/403/404/409 1c3e594a2d7a
[xUnit.net 00:00:59.73]         - DELETE /api/v1/job-profiles/{jobProfilePublicId}/competencies/{competencyPublicId} 204/400/401/403/404/409 f3b6443e7938
[xUnit.net 00:00:59.73]         - DELETE /api/v1/job-profiles/{jobProfilePublicId}/competency-matrix/items/{itemPublicId} 204/400/401/403/404/409 4bb17c5eafa2
[xUnit.net 00:00:59.73]         - DELETE /api/v1/job-profiles/{jobProfilePublicId}/dependent-positions/{dependentPositionPublicId} 204/400/401/403/404/409 b53f711bd11c
[xUnit.net 00:00:59.73]         - DELETE /api/v1/job-profiles/{jobProfilePublicId}/functions/{functionPublicId} 204/400/401/403/404/409 54220ea7cda6
[xUnit.net 00:00:59.73]         - DELETE /api/v1/job-profiles/{jobProfilePublicId}/relations/{relationPublicId} 204/400/401/403/404/409 79d0b44c620c
[xUnit.net 00:00:59.73]         - DELETE /api/v1/job-profiles/{jobProfilePublicId}/requirements/{requirementPublicId} 204/400/401/403/404/409 63c51fa389f2
[xUnit.net 00:00:59.73]         - DELETE /api/v1/job-profiles/{jobProfilePublicId}/trainings/{trainingPublicId} 204/400/401/403/404/409 42d916994f0c
[xUnit.net 00:00:59.73]         - DELETE /api/v1/job-profiles/{jobProfilePublicId}/working-conditions/{workingConditionPublicId} 204/400/401/403/404/409 03f7b1e41828
[xUnit.net 00:00:59.73]         - DELETE /api/v1/organization-structure-catalogs/unit-types/{publicId} 200/400/401/403/404/409/422 44182a884b24
[xUnit.net 00:00:59.73]         - DELETE /api/v1/organization-units/{publicId} 200/400/401/403/404/409/422 420e5210ad33
[xUnit.net 00:00:59.73]         - DELETE /api/v1/personnel-files/{publicId}/additional-benefits/{additionalBenefitPublicId} 204/400/401/403/404/409 e425d7da7092
[xUnit.net 00:00:59.73]         - DELETE /api/v1/personnel-files/{publicId}/addresses/{addressPublicId} 204/400/401/403/404/409 7556725b557a
[xUnit.net 00:00:59.73]         - DELETE /api/v1/personnel-files/{publicId}/assets-accesses/{assetAccessPublicId} 204/400/401/403/404/409 8d20be0339d4
[xUnit.net 00:00:59.73]         - DELETE /api/v1/personnel-files/{publicId}/assigned-positions/{employmentAssignmentPublicId} 204/400/401/403/404/409 9a639f6967f7
[xUnit.net 00:00:59.73]         - DELETE /api/v1/personnel-files/{publicId}/associations/{associationPublicId} 204/400/401/403/404/409 ccd67a952475
[xUnit.net 00:00:59.73]         - DELETE /api/v1/personnel-files/{publicId}/authorization-substitutions/{authorizationSubstitutionPublicId} 204/400/401/403/404/409 4d2437f0e262
[xUnit.net 00:00:59.73]         - DELETE /api/v1/personnel-files/{publicId}/bank-accounts/{bankAccountPublicId} 204/400/401/403/404/409 3cdfc2dfde04
[xUnit.net 00:00:59.73]         - DELETE /api/v1/personnel-files/{publicId}/certificate-requests/{certificateRequestPublicId} 204/400/401/403/404/409 1a26f9183f92
[xUnit.net 00:00:59.73]         - DELETE /api/v1/personnel-files/{publicId}/certificate-requests/{certificateRequestPublicId}/documents/{documentPublicId} 204/400/401/403/404/409 6aa29b4abeb7
[xUnit.net 00:00:59.73]         … y 876 más
[xUnit.net 00:00:59.73]       
[xUnit.net 00:00:59.73]       Stack Trace:
[xUnit.net 00:00:59.73]         /Users/christophercanas/Developments/CLARI NEW VERSION/clarihr/CLARIHR-backend/tests/CLARIHR.Api.IntegrationTests/ContractFingerprintGuardrailsTests.cs(82,0): at CLARIHR.Api.IntegrationTests.ContractFingerprintGuardrailsTests.ContractFingerprint_MatchesTheGeneratedContract()
[xUnit.net 00:00:59.73]         --- End of stack trace from previous location ---
{"Timestamp":"2026-08-17T10:01:51.6900920-06:00","Level":"Information","MessageTemplate":"Application is shutting down...","Properties":{"SourceContext":"Microsoft.Hosting.Lifetime","Environment":"Development","ProcessId":80445}}
[xUnit.net 00:00:59.82]   Finished:    CLARIHR.Api.IntegrationTests
</StdOut>
    </Output>
    <RunInfos>
      <RunInfo computerName="Christophers-MacBook-Pro" outcome="Error" timestamp="2026-08-17T10:01:51.6084470-06:00">
        <Text>[xUnit.net 00:00:59.73]     CLARIHR.Api.IntegrationTests.ContractFingerprintGuardrailsTests.ContractFingerprint_MatchesTheGeneratedContract [FAIL]</Text>
      </RunInfo>
    </RunInfos>
  </ResultSummary>
</TestRun>