<?xml version="1.0" encoding="utf-8"?>
<TestRun id="c69265d0-3522-4aa4-a039-7b24f60d52c7" name="@Mac 2026-08-16 16:40:46" xmlns="http://microsoft.com/schemas/VisualStudio/TeamTest/2010">
  <Times creation="2026-08-16T16:40:46.3589860-06:00" queuing="2026-08-16T16:40:46.3589860-06:00" start="2026-08-16T16:40:03.0297510-06:00" finish="2026-08-16T16:40:54.8070910-06:00" />
  <TestSettings name="default" id="b0753335-a0d1-4a21-8bcd-b408244069ea">
    <Deployment runDeploymentRoot="_Mac_2026-08-16_16_40_46" />
  </TestSettings>
  <Results>
    <UnitTestResult executionId="86f72432-62c3-4969-a5a4-fc227bfb1b9b" testId="85efeaef-1bfa-f191-d389-404b88f60960" testName="CLARIHR.Api.IntegrationTests.ApiIntegrationTests.OrgUnits_Move_WhenSubtreeHeightWouldExceedDepthLimit_ShouldReturn409Conflict" computerName="Mac" duration="00:00:09.1598268" startTime="2026-08-16T16:40:37.1573920-06:00" endTime="2026-08-16T16:40:46.3159310-06:00" testType="13cdc9d9-ddb5-4fa4-a97d-d965ccfc6d4b" outcome="Failed" testListId="8c84fa94-04c1-424b-9868-57a2d4851a1d" relativeResultsDirectory="86f72432-62c3-4969-a5a4-fc227bfb1b9b">
      <Output>
        <ErrorInfo>
          <Message>Assert.Equal() Failure: Values differ
Expected: Conflict
Actual:   OK</Message>
          <StackTrace>   at CLARIHR.Api.IntegrationTests.ApiIntegrationTests.AssertProblemDetailsAsync(HttpResponseMessage response, HttpStatusCode expectedStatusCode, String expectedCode) in /Users/christophercanas/Developments/CLARI NEW VERSION/clarihr/CLARIHR-backend/tests/CLARIHR.Api.IntegrationTests/ApiIntegrationTests.cs:line 12323
   at CLARIHR.Api.IntegrationTests.ApiIntegrationTests.OrgUnits_Move_WhenSubtreeHeightWouldExceedDepthLimit_ShouldReturn409Conflict() in /Users/christophercanas/Developments/CLARI NEW VERSION/clarihr/CLARIHR-backend/tests/CLARIHR.Api.IntegrationTests/ApiIntegrationTests.cs:line 5299
--- End of stack trace from previous location ---</StackTrace>
        </ErrorInfo>
      </Output>
    </UnitTestResult>
    <UnitTestResult executionId="c1644804-d250-40a9-b73f-94d7cded45f3" testId="d21ec3d8-96e7-d712-2bd5-f603f9632973" testName="CLARIHR.Api.IntegrationTests.ApiIntegrationTests.OrgUnits_Move_WhenLeafLandsOnLastAllowedLevel_ShouldSucceed" computerName="Mac" duration="00:00:08.3523942" startTime="2026-08-16T16:40:46.3257920-06:00" endTime="2026-08-16T16:40:54.6696200-06:00" testType="13cdc9d9-ddb5-4fa4-a97d-d965ccfc6d4b" outcome="Passed" testListId="8c84fa94-04c1-424b-9868-57a2d4851a1d" relativeResultsDirectory="c1644804-d250-40a9-b73f-94d7cded45f3" />
  </Results>
  <TestDefinitions>
    <UnitTest name="CLARIHR.Api.IntegrationTests.ApiIntegrationTests.OrgUnits_Move_WhenSubtreeHeightWouldExceedDepthLimit_ShouldReturn409Conflict" storage="/users/christophercanas/developments/clari new version/clarihr/clarihr-backend/tests/clarihr.api.integrationtests/bin/debug/net10.0/clarihr.api.integrationtests.dll" id="85efeaef-1bfa-f191-d389-404b88f60960">
      <Execution id="86f72432-62c3-4969-a5a4-fc227bfb1b9b" />
      <TestMethod codeBase="/Users/christophercanas/Developments/CLARI NEW VERSION/clarihr/CLARIHR-backend/tests/CLARIHR.Api.IntegrationTests/bin/Debug/net10.0/CLARIHR.Api.IntegrationTests.dll" adapterTypeName="executor://xunit/VsTestRunner3/netcore/" className="CLARIHR.Api.IntegrationTests.ApiIntegrationTests" name="OrgUnits_Move_WhenSubtreeHeightWouldExceedDepthLimit_ShouldReturn409Conflict" />
    </UnitTest>
    <UnitTest name="CLARIHR.Api.IntegrationTests.ApiIntegrationTests.OrgUnits_Move_WhenLeafLandsOnLastAllowedLevel_ShouldSucceed" storage="/users/christophercanas/developments/clari new version/clarihr/clarihr-backend/tests/clarihr.api.integrationtests/bin/debug/net10.0/clarihr.api.integrationtests.dll" id="d21ec3d8-96e7-d712-2bd5-f603f9632973">
      <Execution id="c1644804-d250-40a9-b73f-94d7cded45f3" />
      <TestMethod codeBase="/Users/christophercanas/Developments/CLARI NEW VERSION/clarihr/CLARIHR-backend/tests/CLARIHR.Api.IntegrationTests/bin/Debug/net10.0/CLARIHR.Api.IntegrationTests.dll" adapterTypeName="executor://xunit/VsTestRunner3/netcore/" className="CLARIHR.Api.IntegrationTests.ApiIntegrationTests" name="OrgUnits_Move_WhenLeafLandsOnLastAllowedLevel_ShouldSucceed" />
    </UnitTest>
  </TestDefinitions>
  <TestEntries>
    <TestEntry testId="85efeaef-1bfa-f191-d389-404b88f60960" executionId="86f72432-62c3-4969-a5a4-fc227bfb1b9b" testListId="8c84fa94-04c1-424b-9868-57a2d4851a1d" />
    <TestEntry testId="d21ec3d8-96e7-d712-2bd5-f603f9632973" executionId="c1644804-d250-40a9-b73f-94d7cded45f3" testListId="8c84fa94-04c1-424b-9868-57a2d4851a1d" />
  </TestEntries>
  <TestLists>
    <TestList name="Results Not in a List" id="8c84fa94-04c1-424b-9868-57a2d4851a1d" />
    <TestList name="All Loaded Results" id="19431567-8539-422a-85d7-44ee4e166bda" />
  </TestLists>
  <ResultSummary outcome="Failed">
    <Counters total="2" executed="2" passed="1" failed="1" error="0" timeout="0" aborted="0" inconclusive="0" passedButRunAborted="0" notRunnable="0" notExecuted="0" disconnected="0" warning="0" completed="0" inProgress="0" pending="0" />
    <Output>
      <StdOut>[xUnit.net 00:00:00.00] xUnit.net VSTest Adapter v3.1.4+50e68bbb8b (64-bit .NET 10.0.2)
[xUnit.net 00:00:00.12]   Discovering: CLARIHR.Api.IntegrationTests
[xUnit.net 00:00:00.17]   Discovered:  CLARIHR.Api.IntegrationTests
[xUnit.net 00:00:00.18]   Starting:    CLARIHR.Api.IntegrationTests
{"Timestamp":"2026-08-16T16:40:03.9103360-06:00","Level":"Information","MessageTemplate":"Configured JWT authentication for the core API. Issuer {Issuer}, valid audience {Audience}, platform audience {PlatformAudience}, key fingerprint {KeyFingerprint}.","Properties":{"Issuer":"clarihr-integration","Audience":"clarihr-integration","PlatformAudience":"clarihr-platform-integration","KeyFingerprint":"B6C26E67B3BE","SourceContext":"CLARIHR.Api","Environment":"Development","ProcessId":55047}}
{"Timestamp":"2026-08-16T16:40:05.9522000-06:00","Level":"Error","MessageTemplate":"An error occurred using the connection to database '{database}' on server '{server}'.","Properties":{"database":"clarihr_integration_tests_5297612f57294b1aa56955764096d161","server":"tcp://localhost:5433","EventId":{"Id":20004,"Name":"Microsoft.EntityFrameworkCore.Database.Connection.ConnectionError"},"SourceContext":"Microsoft.EntityFrameworkCore.Database.Connection","Environment":"Development","ProcessId":55047}}
{"Timestamp":"2026-08-16T16:40:27.7332960-06:00","Level":"Information","MessageTemplate":"Application started. Press Ctrl+C to shut down.","Properties":{"SourceContext":"Microsoft.Hosting.Lifetime","Environment":"Development","ProcessId":55047}}
{"Timestamp":"2026-08-16T16:40:27.7337660-06:00","Level":"Information","MessageTemplate":"Hosting environment: {EnvName}","Properties":{"EnvName":"Development","SourceContext":"Microsoft.Hosting.Lifetime","Environment":"Development","ProcessId":55047}}
{"Timestamp":"2026-08-16T16:40:27.7338280-06:00","Level":"Information","MessageTemplate":"Content root path: {ContentRoot}","Properties":{"ContentRoot":"/Users/christophercanas/Developments/CLARI NEW VERSION/clarihr/CLARIHR-backend/src/CLARIHR.Api","SourceContext":"Microsoft.Hosting.Lifetime","Environment":"Development","ProcessId":55047}}
{"Timestamp":"2026-08-16T16:40:27.7430980-06:00","Level":"Debug","MessageTemplate":"File cleanup cycle found no expired pending uploads.","Properties":{"EventId":{"Id":10006},"SourceContext":"CLARIHR.Infrastructure.Files.BackgroundJobs.PendingFileCleanupBackgroundService","Environment":"Development","ProcessId":55047}}
{"Timestamp":"2026-08-16T16:40:27.8211100-06:00","Level":"Error","MessageTemplate":"An error occurred using the connection to database '{database}' on server '{server}'.","Properties":{"database":"clarihr_integration_tests_5297612f57294b1aa56955764096d161","server":"tcp://localhost:5433","EventId":{"Id":20004,"Name":"Microsoft.EntityFrameworkCore.Database.Connection.ConnectionError"},"SourceContext":"Microsoft.EntityFrameworkCore.Database.Connection","Environment":"Development","ProcessId":55047}}
{"Timestamp":"2026-08-16T16:40:27.8274070-06:00","Level":"Error","MessageTemplate":"An error occurred using the connection to database '{database}' on server '{server}'.","Properties":{"database":"clarihr_integration_tests_5297612f57294b1aa56955764096d161","server":"tcp://localhost:5433","EventId":{"Id":20004,"Name":"Microsoft.EntityFrameworkCore.Database.Connection.ConnectionError"},"SourceContext":"Microsoft.EntityFrameworkCore.Database.Connection","Environment":"Development","ProcessId":55047}}
{"Timestamp":"2026-08-16T16:40:27.8274640-06:00","Level":"Error","MessageTemplate":"An exception occurred while iterating over the results of a query for context type '{contextType}'.{newline}{error}","Exception":"Npgsql.PostgresException (0x80004005): 3D000: database \"clarihr_integration_tests_5297612f57294b1aa56955764096d161\" does not exist\n\nDETAIL: Detail redacted as it may contain sensitive data. Specify 'Include Error Detail' in the connection string to include this information.\n   at Npgsql.Internal.NpgsqlConnector.ReadMessageLong(Boolean async, DataRowLoadingMode dataRowLoadingMode, Boolean readingNotifications, Boolean isReadingPrependedMessage)\n   at System.Runtime.CompilerServices.PoolingAsyncValueTaskMethodBuilder`1.StateMachineBox`1.System.Threading.Tasks.Sources.IValueTaskSource&lt;TResult&gt;.GetResult(Int16 token)\n   at Npgsql.Internal.NpgsqlConnector.&lt;Open&gt;g__OpenCore|214_1(NpgsqlConnector conn, SslMode sslMode, NpgsqlTimeout timeout, Boolean async, CancellationToken cancellationToken)\n   at Npgsql.Internal.NpgsqlConnector.Open(NpgsqlTimeout timeout, Boolean async, CancellationToken cancellationToken)\n   at Npgsql.PoolingDataSource.OpenNewConnector(NpgsqlConnection conn, NpgsqlTimeout timeout, Boolean async, CancellationToken cancellationToken)\n   at Npgsql.PoolingDataSource.&lt;Get&gt;g__RentAsync|33_0(NpgsqlConnection conn, NpgsqlTimeout timeout, Boolean async, CancellationToken cancellationToken)\n   at Npgsql.NpgsqlConnection.&lt;Open&gt;g__OpenAsync|42_0(Boolean async, CancellationToken cancellationToken)\n   at Microsoft.EntityFrameworkCore.Storage.RelationalConnection.OpenInternalAsync(Boolean errorsExpected, CancellationToken cancellationToken)\n   at Microsoft.EntityFrameworkCore.Storage.RelationalConnection.OpenInternalAsync(Boolean errorsExpected, CancellationToken cancellationToken)\n   at Microsoft.EntityFrameworkCore.Storage.RelationalConnection.OpenAsync(CancellationToken cancellationToken, Boolean errorsExpected)\n   at Microsoft.EntityFrameworkCore.Storage.RelationalCommand.ExecuteReaderAsync(RelationalCommandParameterObject parameterObject, CancellationToken cancellationToken)\n   at Microsoft.EntityFrameworkCore.Query.Internal.SingleQueryingEnumerable`1.AsyncEnumerator.InitializeReaderAsync(AsyncEnumerator enumerator, CancellationToken cancellationToken)\n   at Npgsql.EntityFrameworkCore.PostgreSQL.Storage.Internal.NpgsqlExecutionStrategy.ExecuteAsync[TState,TResult](TState state, Func`4 operation, Func`4 verifySucceeded, CancellationToken cancellationToken)\n   at Microsoft.EntityFrameworkCore.Query.Internal.SingleQueryingEnumerable`1.AsyncEnumerator.MoveNextAsync()\n  Exception data:\n    Severity: FATAL\n    SqlState: 3D000\n    MessageText: database \"clarihr_integration_tests_5297612f57294b1aa56955764096d161\" does not exist\n    Detail: Detail redacted as it may contain sensitive data. Specify 'Include Error Detail' in the connection string to include this information.\n    File: postinit.c\n    Line: 1085\n    Routine: InitPostgres","Properties":{"contextType":"CLARIHR.Infrastructure.Persistence.ApplicationDbContext","newline":"\n","error":"Npgsql.PostgresException (0x80004005): 3D000: database \"clarihr_integration_tests_5297612f57294b1aa56955764096d161\" does not exist\n\nDETAIL: Detail redacted as it may contain sensitive data. Specify 'Include Error Detail' in the connection string to include this information.\n   at Npgsql.Internal.NpgsqlConnector.ReadMessageLong(Boolean async, DataRowLoadingMode dataRowLoadingMode, Boolean readingNotifications, Boolean isReadingPrependedMessage)\n   at System.Runtime.CompilerServices.PoolingAsyncValueTaskMethodBuilder`1.StateMachineBox`1.System.Threading.Tasks.Sources.IValueTaskSource&lt;TResult&gt;.GetResult(Int16 token)\n   at Npgsql.Internal.NpgsqlConnector.&lt;Open&gt;g__OpenCore|214_1(NpgsqlConnector conn, SslMode sslMode, NpgsqlTimeout timeout, Boolean async, CancellationToken cancellationToken)\n   at Npgsql.Internal.NpgsqlConnector.Open(NpgsqlTimeout timeout, Boolean async, CancellationToken cancellationToken)\n   at Npgsql.PoolingDataSource.OpenNewConnector(NpgsqlConnection conn, NpgsqlTimeout timeout, Boolean async, CancellationToken cancellationToken)\n   at Npgsql.PoolingDataSource.&lt;Get&gt;g__RentAsync|33_0(NpgsqlConnection conn, NpgsqlTimeout timeout, Boolean async, CancellationToken cancellationToken)\n   at Npgsql.NpgsqlConnection.&lt;Open&gt;g__OpenAsync|42_0(Boolean async, CancellationToken cancellationToken)\n   at Microsoft.EntityFrameworkCore.Storage.RelationalConnection.OpenInternalAsync(Boolean errorsExpected, CancellationToken cancellationToken)\n   at Microsoft.EntityFrameworkCore.Storage.RelationalConnection.OpenInternalAsync(Boolean errorsExpected, CancellationToken cancellationToken)\n   at Microsoft.EntityFrameworkCore.Storage.RelationalConnection.OpenAsync(CancellationToken cancellationToken, Boolean errorsExpected)\n   at Microsoft.EntityFrameworkCore.Storage.RelationalCommand.ExecuteReaderAsync(RelationalCommandParameterObject parameterObject, CancellationToken cancellationToken)\n   at Microsoft.EntityFrameworkCore.Query.Internal.SingleQueryingEnumerable`1.AsyncEnumerator.InitializeReaderAsync(AsyncEnumerator enumerator, CancellationToken cancellationToken)\n   at Npgsql.EntityFrameworkCore.PostgreSQL.Storage.Internal.NpgsqlExecutionStrategy.ExecuteAsync[TState,TResult](TState state, Func`4 operation, Func`4 verifySucceeded, CancellationToken cancellationToken)\n   at Microsoft.EntityFrameworkCore.Query.Internal.SingleQueryingEnumerable`1.AsyncEnumerator.MoveNextAsync()\n  Exception data:\n    Severity: FATAL\n    SqlState: 3D000\n    MessageText: database \"clarihr_integration_tests_5297612f57294b1aa56955764096d161\" does not exist\n    Detail: Detail redacted as it may contain sensitive data. Specify 'Include Error Detail' in the connection string to include this information.\n    File: postinit.c\n    Line: 1085\n    Routine: InitPostgres","EventId":{"Id":10100,"Name":"Microsoft.EntityFrameworkCore.Query.QueryIterationFailed"},"SourceContext":"Microsoft.EntityFrameworkCore.Query","Environment":"Development","ProcessId":55047,"HasException":true}}
{"Timestamp":"2026-08-16T16:40:27.8297940-06:00","Level":"Error","MessageTemplate":"Report export worker cycle failed. cycle_duration_ms {cycle_duration_ms} worker_batch_size {worker_batch_size} poll_interval_seconds {poll_interval_seconds} had_work {had_work}","Exception":"Npgsql.PostgresException (0x80004005): 3D000: database \"clarihr_integration_tests_5297612f57294b1aa56955764096d161\" does not exist\n\nDETAIL: Detail redacted as it may contain sensitive data. Specify 'Include Error Detail' in the connection string to include this information.\n   at Npgsql.Internal.NpgsqlConnector.ReadMessageLong(Boolean async, DataRowLoadingMode dataRowLoadingMode, Boolean readingNotifications, Boolean isReadingPrependedMessage)\n   at System.Runtime.CompilerServices.PoolingAsyncValueTaskMethodBuilder`1.StateMachineBox`1.System.Threading.Tasks.Sources.IValueTaskSource&lt;TResult&gt;.GetResult(Int16 token)\n   at Npgsql.Internal.NpgsqlConnector.&lt;Open&gt;g__OpenCore|214_1(NpgsqlConnector conn, SslMode sslMode, NpgsqlTimeout timeout, Boolean async, CancellationToken cancellationToken)\n   at Npgsql.Internal.NpgsqlConnector.Open(NpgsqlTimeout timeout, Boolean async, CancellationToken cancellationToken)\n   at Npgsql.PoolingDataSource.OpenNewConnector(NpgsqlConnection conn, NpgsqlTimeout timeout, Boolean async, CancellationToken cancellationToken)\n   at Npgsql.PoolingDataSource.&lt;Get&gt;g__RentAsync|33_0(NpgsqlConnection conn, NpgsqlTimeout timeout, Boolean async, CancellationToken cancellationToken)\n   at Npgsql.NpgsqlConnection.&lt;Open&gt;g__OpenAsync|42_0(Boolean async, CancellationToken cancellationToken)\n   at Microsoft.EntityFrameworkCore.Storage.RelationalConnection.OpenInternalAsync(Boolean errorsExpected, CancellationToken cancellationToken)\n   at Microsoft.EntityFrameworkCore.Storage.RelationalConnection.OpenInternalAsync(Boolean errorsExpected, CancellationToken cancellationToken)\n   at Microsoft.EntityFrameworkCore.Storage.RelationalConnection.OpenAsync(CancellationToken cancellationToken, Boolean errorsExpected)\n   at Microsoft.EntityFrameworkCore.Storage.RelationalCommand.ExecuteReaderAsync(RelationalCommandParameterObject parameterObject, CancellationToken cancellationToken)\n   at Microsoft.EntityFrameworkCore.Query.Internal.SingleQueryingEnumerable`1.AsyncEnumerator.InitializeReaderAsync(AsyncEnumerator enumerator, CancellationToken cancellationToken)\n   at Npgsql.EntityFrameworkCore.PostgreSQL.Storage.Internal.NpgsqlExecutionStrategy.ExecuteAsync[TState,TResult](TState state, Func`4 operation, Func`4 verifySucceeded, CancellationToken cancellationToken)\n   at Microsoft.EntityFrameworkCore.Query.Internal.SingleQueryingEnumerable`1.AsyncEnumerator.MoveNextAsync()\n   at Microsoft.EntityFrameworkCore.EntityFrameworkQueryableExtensions.ToListAsync[TSource](IQueryable`1 source, CancellationToken cancellationToken)\n   at Microsoft.EntityFrameworkCore.EntityFrameworkQueryableExtensions.ToListAsync[TSource](IQueryable`1 source, CancellationToken cancellationToken)\n   at Microsoft.EntityFrameworkCore.EntityFrameworkQueryableExtensions.ToArrayAsync[TSource](IQueryable`1 source, CancellationToken cancellationToken)\n   at CLARIHR.Infrastructure.Reports.ReportExportJobRepository.GetClaimableAsync(DateTime utcNow, Int32 maxCount, CancellationToken cancellationToken) in /Users/christophercanas/Developments/CLARI NEW VERSION/clarihr/CLARIHR-backend/src/CLARIHR.Infrastructure/Reports/ReportExportJobRepository.cs:line 67\n   at CLARIHR.Infrastructure.Reports.ReportExportJobProcessor.ProcessDueJobsAsync(CancellationToken cancellationToken) in /Users/christophercanas/Developments/CLARI NEW VERSION/clarihr/CLARIHR-backend/src/CLARIHR.Infrastructure/Reports/ReportExportJobProcessor.cs:line 36\n   at CLARIHR.Infrastructure.Reports.ReportExportJobBackgroundService.ExecuteCycleAsync(CancellationToken cancellationToken) in /Users/christophercanas/Developments/CLARI NEW VERSION/clarihr/CLARIHR-backend/src/CLARIHR.Infrastructure/Reports/ReportExportJobBackgroundService.cs:line 39\n  Exception data:\n    Severity: FATAL\n    SqlState: 3D000\n    MessageText: database \"clarihr_integration_tests_5297612f57294b1aa56955764096d161\" does not exist\n    Detail: Detail redacted as it may contain sensitive data. Specify 'Include Error Detail' in the connection string to include this information.\n    File: postinit.c\n    Line: 1085\n    Routine: InitPostgres","Properties":{"cycle_duration_ms":153,"worker_batch_size":2,"poll_interval_seconds":15,"had_work":false,"EventId":{"Id":40003,"Name":"report_export_worker_cycle_failed"},"SourceContext":"CLARIHR.Infrastructure.Reports.ReportExportJobBackgroundService","Environment":"Development","ProcessId":55047,"HasException":true}}
{"Timestamp":"2026-08-16T16:40:37.2469800-06:00","Level":"Error","MessageTemplate":"An error occurred using the connection to database '{database}' on server '{server}'.","Properties":{"database":"clarihr_integration_tests_5297612f57294b1aa56955764096d161","server":"tcp://localhost:5433","EventId":{"Id":20004,"Name":"Microsoft.EntityFrameworkCore.Database.Connection.ConnectionError"},"SourceContext":"Microsoft.EntityFrameworkCore.Database.Connection","Environment":"Development","ProcessId":55047}}
{"Timestamp":"2026-08-16T16:40:42.7249360-06:00","Level":"Error","MessageTemplate":"Failed executing DbCommand ({elapsed}ms) [Parameters=[{parameters}], CommandType='{commandType}', CommandTimeout='{commandTimeout}']{newLine}{commandText}","Properties":{"elapsed":"3","parameters":"@__utcNow_0='?' (DbType = DateTime), @__p_1='?' (DbType = Int32)","commandType":"Text","commandTimeout":30,"newLine":"\n","commandText":"SELECT r.id, r.artifact_blob_name, r.artifact_content_type, r.artifact_file_name, r.artifact_size_bytes, r.attempts, r.completed_utc, r.concurrency_token, r.created_utc, r.expires_utc, r.format, r.last_error_code, r.last_error_message, r.lease_until_utc, r.modified_utc, r.parameters_json, r.public_id, r.queued_utc, r.requested_by_user_id, r.resource_key, r.row_count, r.started_utc, r.status, r.tenant_id, r.worker_id\nFROM report_export_jobs AS r\nWHERE r.status = 'Succeeded' AND r.expires_utc IS NOT NULL AND r.expires_utc &lt;= @__utcNow_0\nORDER BY r.expires_utc\nLIMIT @__p_1","EventId":{"Id":20102,"Name":"Microsoft.EntityFrameworkCore.Database.Command.CommandError"},"SourceContext":"Microsoft.EntityFrameworkCore.Database.Command","Environment":"Development","ProcessId":55047}}
{"Timestamp":"2026-08-16T16:40:42.7294460-06:00","Level":"Error","MessageTemplate":"An exception occurred while iterating over the results of a query for context type '{contextType}'.{newline}{error}","Exception":"Npgsql.PostgresException (0x80004005): 42P01: relation \"report_export_jobs\" does not exist\n\nPOSITION: 426\n   at Npgsql.Internal.NpgsqlConnector.ReadMessageLong(Boolean async, DataRowLoadingMode dataRowLoadingMode, Boolean readingNotifications, Boolean isReadingPrependedMessage)\n   at System.Runtime.CompilerServices.PoolingAsyncValueTaskMethodBuilder`1.StateMachineBox`1.System.Threading.Tasks.Sources.IValueTaskSource&lt;TResult&gt;.GetResult(Int16 token)\n   at Npgsql.NpgsqlDataReader.NextResult(Boolean async, Boolean isConsuming, CancellationToken cancellationToken)\n   at Npgsql.NpgsqlDataReader.NextResult(Boolean async, Boolean isConsuming, CancellationToken cancellationToken)\n   at Npgsql.NpgsqlCommand.ExecuteReader(Boolean async, CommandBehavior behavior, CancellationToken cancellationToken)\n   at Npgsql.NpgsqlCommand.ExecuteReader(Boolean async, CommandBehavior behavior, CancellationToken cancellationToken)\n   at Npgsql.NpgsqlCommand.ExecuteDbDataReaderAsync(CommandBehavior behavior, CancellationToken cancellationToken)\n   at Microsoft.EntityFrameworkCore.Storage.RelationalCommand.ExecuteReaderAsync(RelationalCommandParameterObject parameterObject, CancellationToken cancellationToken)\n   at Microsoft.EntityFrameworkCore.Storage.RelationalCommand.ExecuteReaderAsync(RelationalCommandParameterObject parameterObject, CancellationToken cancellationToken)\n   at Microsoft.EntityFrameworkCore.Query.Internal.SingleQueryingEnumerable`1.AsyncEnumerator.InitializeReaderAsync(AsyncEnumerator enumerator, CancellationToken cancellationToken)\n   at Npgsql.EntityFrameworkCore.PostgreSQL.Storage.Internal.NpgsqlExecutionStrategy.ExecuteAsync[TState,TResult](TState state, Func`4 operation, Func`4 verifySucceeded, CancellationToken cancellationToken)\n   at Microsoft.EntityFrameworkCore.Query.Internal.SingleQueryingEnumerable`1.AsyncEnumerator.MoveNextAsync()\n  Exception data:\n    Severity: ERROR\n    SqlState: 42P01\n    MessageText: relation \"report_export_jobs\" does not exist\n    Position: 426\n    File: parse_relation.c\n    Line: 1449\n    Routine: parserOpenTable","Properties":{"contextType":"CLARIHR.Infrastructure.Persistence.ApplicationDbContext","newline":"\n","error":"Npgsql.PostgresException (0x80004005): 42P01: relation \"report_export_jobs\" does not exist\n\nPOSITION: 426\n   at Npgsql.Internal.NpgsqlConnector.ReadMessageLong(Boolean async, DataRowLoadingMode dataRowLoadingMode, Boolean readingNotifications, Boolean isReadingPrependedMessage)\n   at System.Runtime.CompilerServices.PoolingAsyncValueTaskMethodBuilder`1.StateMachineBox`1.System.Threading.Tasks.Sources.IValueTaskSource&lt;TResult&gt;.GetResult(Int16 token)\n   at Npgsql.NpgsqlDataReader.NextResult(Boolean async, Boolean isConsuming, CancellationToken cancellationToken)\n   at Npgsql.NpgsqlDataReader.NextResult(Boolean async, Boolean isConsuming, CancellationToken cancellationToken)\n   at Npgsql.NpgsqlCommand.ExecuteReader(Boolean async, CommandBehavior behavior, CancellationToken cancellationToken)\n   at Npgsql.NpgsqlCommand.ExecuteReader(Boolean async, CommandBehavior behavior, CancellationToken cancellationToken)\n   at Npgsql.NpgsqlCommand.ExecuteDbDataReaderAsync(CommandBehavior behavior, CancellationToken cancellationToken)\n   at Microsoft.EntityFrameworkCore.Storage.RelationalCommand.ExecuteReaderAsync(RelationalCommandParameterObject parameterObject, CancellationToken cancellationToken)\n   at Microsoft.EntityFrameworkCore.Storage.RelationalCommand.ExecuteReaderAsync(RelationalCommandParameterObject parameterObject, CancellationToken cancellationToken)\n   at Microsoft.EntityFrameworkCore.Query.Internal.SingleQueryingEnumerable`1.AsyncEnumerator.InitializeReaderAsync(AsyncEnumerator enumerator, CancellationToken cancellationToken)\n   at Npgsql.EntityFrameworkCore.PostgreSQL.Storage.Internal.NpgsqlExecutionStrategy.ExecuteAsync[TState,TResult](TState state, Func`4 operation, Func`4 verifySucceeded, CancellationToken cancellationToken)\n   at Microsoft.EntityFrameworkCore.Query.Internal.SingleQueryingEnumerable`1.AsyncEnumerator.MoveNextAsync()\n  Exception data:\n    Severity: ERROR\n    SqlState: 42P01\n    MessageText: relation \"report_export_jobs\" does not exist\n    Position: 426\n    File: parse_relation.c\n    Line: 1449\n    Routine: parserOpenTable","EventId":{"Id":10100,"Name":"Microsoft.EntityFrameworkCore.Query.QueryIterationFailed"},"SourceContext":"Microsoft.EntityFrameworkCore.Query","Environment":"Development","ProcessId":55047,"HasException":true}}
{"Timestamp":"2026-08-16T16:40:42.7307210-06:00","Level":"Error","MessageTemplate":"Report export worker cycle failed. cycle_duration_ms {cycle_duration_ms} worker_batch_size {worker_batch_size} poll_interval_seconds {poll_interval_seconds} had_work {had_work}","Exception":"Npgsql.PostgresException (0x80004005): 42P01: relation \"report_export_jobs\" does not exist\n\nPOSITION: 426\n   at Npgsql.Internal.NpgsqlConnector.ReadMessageLong(Boolean async, DataRowLoadingMode dataRowLoadingMode, Boolean readingNotifications, Boolean isReadingPrependedMessage)\n   at System.Runtime.CompilerServices.PoolingAsyncValueTaskMethodBuilder`1.StateMachineBox`1.System.Threading.Tasks.Sources.IValueTaskSource&lt;TResult&gt;.GetResult(Int16 token)\n   at Npgsql.NpgsqlDataReader.NextResult(Boolean async, Boolean isConsuming, CancellationToken cancellationToken)\n   at Npgsql.NpgsqlDataReader.NextResult(Boolean async, Boolean isConsuming, CancellationToken cancellationToken)\n   at Npgsql.NpgsqlCommand.ExecuteReader(Boolean async, CommandBehavior behavior, CancellationToken cancellationToken)\n   at Npgsql.NpgsqlCommand.ExecuteReader(Boolean async, CommandBehavior behavior, CancellationToken cancellationToken)\n   at Npgsql.NpgsqlCommand.ExecuteDbDataReaderAsync(CommandBehavior behavior, CancellationToken cancellationToken)\n   at Microsoft.EntityFrameworkCore.Storage.RelationalCommand.ExecuteReaderAsync(RelationalCommandParameterObject parameterObject, CancellationToken cancellationToken)\n   at Microsoft.EntityFrameworkCore.Storage.RelationalCommand.ExecuteReaderAsync(RelationalCommandParameterObject parameterObject, CancellationToken cancellationToken)\n   at Microsoft.EntityFrameworkCore.Query.Internal.SingleQueryingEnumerable`1.AsyncEnumerator.InitializeReaderAsync(AsyncEnumerator enumerator, CancellationToken cancellationToken)\n   at Npgsql.EntityFrameworkCore.PostgreSQL.Storage.Internal.NpgsqlExecutionStrategy.ExecuteAsync[TState,TResult](TState state, Func`4 operation, Func`4 verifySucceeded, CancellationToken cancellationToken)\n   at Microsoft.EntityFrameworkCore.Query.Internal.SingleQueryingEnumerable`1.AsyncEnumerator.MoveNextAsync()\n   at Microsoft.EntityFrameworkCore.EntityFrameworkQueryableExtensions.ToListAsync[TSource](IQueryable`1 source, CancellationToken cancellationToken)\n   at Microsoft.EntityFrameworkCore.EntityFrameworkQueryableExtensions.ToListAsync[TSource](IQueryable`1 source, CancellationToken cancellationToken)\n   at Microsoft.EntityFrameworkCore.EntityFrameworkQueryableExtensions.ToArrayAsync[TSource](IQueryable`1 source, CancellationToken cancellationToken)\n   at CLARIHR.Infrastructure.Reports.ReportExportJobRepository.GetExpiredSucceededAsync(DateTime utcNow, Int32 maxCount, CancellationToken cancellationToken) in /Users/christophercanas/Developments/CLARI NEW VERSION/clarihr/CLARIHR-backend/src/CLARIHR.Infrastructure/Reports/ReportExportJobRepository.cs:line 83\n   at CLARIHR.Infrastructure.Reports.ReportExportJobProcessor.ExpireArtifactsAsync(CancellationToken cancellationToken) in /Users/christophercanas/Developments/CLARI NEW VERSION/clarihr/CLARIHR-backend/src/CLARIHR.Infrastructure/Reports/ReportExportJobProcessor.cs:line 361\n   at CLARIHR.Infrastructure.Reports.ReportExportJobProcessor.ProcessDueJobsAsync(CancellationToken cancellationToken) in /Users/christophercanas/Developments/CLARI NEW VERSION/clarihr/CLARIHR-backend/src/CLARIHR.Infrastructure/Reports/ReportExportJobProcessor.cs:line 33\n   at CLARIHR.Infrastructure.Reports.ReportExportJobBackgroundService.ExecuteCycleAsync(CancellationToken cancellationToken) in /Users/christophercanas/Developments/CLARI NEW VERSION/clarihr/CLARIHR-backend/src/CLARIHR.Infrastructure/Reports/ReportExportJobBackgroundService.cs:line 39\n  Exception data:\n    Severity: ERROR\n    SqlState: 42P01\n    MessageText: relation \"report_export_jobs\" does not exist\n    Position: 426\n    File: parse_relation.c\n    Line: 1449\n    Routine: parserOpenTable","Properties":{"cycle_duration_ms":50,"worker_batch_size":2,"poll_interval_seconds":15,"had_work":false,"EventId":{"Id":40003,"Name":"report_export_worker_cycle_failed"},"SourceContext":"CLARIHR.Infrastructure.Reports.ReportExportJobBackgroundService","Environment":"Development","ProcessId":55047,"HasException":true}}
{"Timestamp":"2026-08-16T16:40:45.1323630-06:00","Level":"Information","MessageTemplate":"Request starting {Protocol} {Method} {Scheme}://{Host}{PathBase}{Path}{QueryString} - {ContentType} {ContentLength}","TraceId":"745164f66aa6c62c944672733e58f386","SpanId":"21825af2291f0eea","Properties":{"Protocol":"HTTP/1.1","Method":"GET","ContentType":null,"ContentLength":null,"Scheme":"http","Host":"localhost","PathBase":"","Path":"/api/v1/companies/85af6a19-c4aa-49d6-947c-5cc922b3f6c8/organization-structure-catalogs/unit-types","QueryString":"?page=1&amp;pageSize=100&amp;q=Gerencia","EventId":{"Id":1},"SourceContext":"Microsoft.AspNetCore.Hosting.Diagnostics","SpanId":"21825af2291f0eea","TraceId":"745164f66aa6c62c944672733e58f386","ParentId":"0000000000000000","RequestId":"0HNNRSTKGF7P1","RequestPath":"/api/v1/companies/85af6a19-c4aa-49d6-947c-5cc922b3f6c8/organization-structure-catalogs/unit-types","Environment":"Development","ProcessId":55047}}
{"Timestamp":"2026-08-16T16:40:45.2620620-06:00","Level":"Debug","MessageTemplate":"AuthenticationScheme: {AuthenticationScheme} was successfully authenticated.","TraceId":"745164f66aa6c62c944672733e58f386","SpanId":"21825af2291f0eea","Properties":{"AuthenticationScheme":"IntegrationTest","EventId":{"Id":8,"Name":"AuthenticationSchemeAuthenticated"},"SourceContext":"CLARIHR.Api.IntegrationTests.TestAuthenticationHandler","SpanId":"21825af2291f0eea","TraceId":"745164f66aa6c62c944672733e58f386","ParentId":"0000000000000000","RequestId":"0HNNRSTKGF7P1","RequestPath":"/api/v1/companies/85af6a19-c4aa-49d6-947c-5cc922b3f6c8/organization-structure-catalogs/unit-types","Environment":"Development","ProcessId":55047}}
{"Timestamp":"2026-08-16T16:40:45.4277580-06:00","Level":"Information","MessageTemplate":"HTTP {Method} {Path} -&gt; {StatusCode} in {ElapsedMs}ms | Tenant: {TenantId} | User: {UserId}","TraceId":"745164f66aa6c62c944672733e58f386","SpanId":"21825af2291f0eea","Properties":{"Method":"GET","Path":"/api/v1/companies/85af6a19-c4aa-49d6-947c-5cc922b3f6c8/organization-structure-catalogs/unit-types","StatusCode":200,"ElapsedMs":173,"TenantId":"85af6a19-c4aa-49d6-947c-5cc922b3f6c8","UserId":"11111111-1111-1111-1111-111111111111","SourceContext":"CLARIHR.Api.Middleware.RequestLoggingMiddleware","SpanId":"21825af2291f0eea","TraceId":"745164f66aa6c62c944672733e58f386","ParentId":"0000000000000000","RequestId":"0HNNRSTKGF7P1","RequestPath":"/api/v1/companies/85af6a19-c4aa-49d6-947c-5cc922b3f6c8/organization-structure-catalogs/unit-types","RemoteIp":"unknown","Environment":"Development","ProcessId":55047}}
{"Timestamp":"2026-08-16T16:40:45.4295310-06:00","Level":"Information","MessageTemplate":"Request finished {Protocol} {Method} {Scheme}://{Host}{PathBase}{Path}{QueryString} - {StatusCode} {ContentLength} {ContentType} {ElapsedMilliseconds}ms","TraceId":"745164f66aa6c62c944672733e58f386","SpanId":"21825af2291f0eea","Properties":{"ElapsedMilliseconds":297.852,"StatusCode":200,"ContentType":"application/json; charset=utf-8","ContentLength":null,"Protocol":"HTTP/1.1","Method":"GET","Scheme":"http","Host":"localhost","PathBase":"","Path":"/api/v1/companies/85af6a19-c4aa-49d6-947c-5cc922b3f6c8/organization-structure-catalogs/unit-types","QueryString":"?page=1&amp;pageSize=100&amp;q=Gerencia","EventId":{"Id":2},"SourceContext":"Microsoft.AspNetCore.Hosting.Diagnostics","SpanId":"21825af2291f0eea","TraceId":"745164f66aa6c62c944672733e58f386","ParentId":"0000000000000000","RequestId":"0HNNRSTKGF7P1","RequestPath":"/api/v1/companies/85af6a19-c4aa-49d6-947c-5cc922b3f6c8/organization-structure-catalogs/unit-types","Environment":"Development","ProcessId":55047}}
{"Timestamp":"2026-08-16T16:40:45.4399430-06:00","Level":"Information","MessageTemplate":"Request starting {Protocol} {Method} {Scheme}://{Host}{PathBase}{Path}{QueryString} - {ContentType} {ContentLength}","TraceId":"04240e579da4f6bcb34013748467f85f","SpanId":"2dbdaaca4fd85268","Properties":{"Protocol":"HTTP/1.1","Method":"POST","ContentType":"application/json; charset=utf-8","ContentLength":71,"Scheme":"http","Host":"localhost","PathBase":"","Path":"/api/v1/companies/85af6a19-c4aa-49d6-947c-5cc922b3f6c8/organization-structure-catalogs/unit-types","QueryString":"","EventId":{"Id":1},"SourceContext":"Microsoft.AspNetCore.Hosting.Diagnostics","SpanId":"2dbdaaca4fd85268","TraceId":"04240e579da4f6bcb34013748467f85f","ParentId":"0000000000000000","RequestId":"0HNNRSTKGF7P2","RequestPath":"/api/v1/companies/85af6a19-c4aa-49d6-947c-5cc922b3f6c8/organization-structure-catalogs/unit-types","Environment":"Development","ProcessId":55047}}
{"Timestamp":"2026-08-16T16:40:45.4854610-06:00","Level":"Debug","MessageTemplate":"AuthenticationScheme: {AuthenticationScheme} was successfully authenticated.","TraceId":"04240e579da4f6bcb34013748467f85f","SpanId":"2dbdaaca4fd85268","Properties":{"AuthenticationScheme":"IntegrationTest","EventId":{"Id":8,"Name":"AuthenticationSchemeAuthenticated"},"SourceContext":"CLARIHR.Api.IntegrationTests.TestAuthenticationHandler","SpanId":"2dbdaaca4fd85268","TraceId":"04240e579da4f6bcb34013748467f85f","ParentId":"0000000000000000","RequestId":"0HNNRSTKGF7P2","RequestPath":"/api/v1/companies/85af6a19-c4aa-49d6-947c-5cc922b3f6c8/organization-structure-catalogs/unit-types","Environment":"Development","ProcessId":55047}}
{"Timestamp":"2026-08-16T16:40:45.7488350-06:00","Level":"Information","MessageTemplate":"HTTP {Method} {Path} -&gt; {StatusCode} in {ElapsedMs}ms | Tenant: {TenantId} | User: {UserId}","TraceId":"04240e579da4f6bcb34013748467f85f","SpanId":"2dbdaaca4fd85268","Properties":{"Method":"POST","Path":"/api/v1/companies/85af6a19-c4aa-49d6-947c-5cc922b3f6c8/organization-structure-catalogs/unit-types","StatusCode":201,"ElapsedMs":263,"TenantId":"85af6a19-c4aa-49d6-947c-5cc922b3f6c8","UserId":"11111111-1111-1111-1111-111111111111","SourceContext":"CLARIHR.Api.Middleware.RequestLoggingMiddleware","SpanId":"2dbdaaca4fd85268","TraceId":"04240e579da4f6bcb34013748467f85f","ParentId":"0000000000000000","RequestId":"0HNNRSTKGF7P2","RequestPath":"/api/v1/companies/85af6a19-c4aa-49d6-947c-5cc922b3f6c8/organization-structure-catalogs/unit-types","RemoteIp":"unknown","Environment":"Development","ProcessId":55047}}
{"Timestamp":"2026-08-16T16:40:45.7491580-06:00","Level":"Information","MessageTemplate":"Request finished {Protocol} {Method} {Scheme}://{Host}{PathBase}{Path}{QueryString} - {StatusCode} {ContentLength} {ContentType} {ElapsedMilliseconds}ms","TraceId":"04240e579da4f6bcb34013748467f85f","SpanId":"2dbdaaca4fd85268","Properties":{"ElapsedMilliseconds":309.2581,"StatusCode":201,"ContentType":"application/json; charset=utf-8","ContentLength":null,"Protocol":"HTTP/1.1","Method":"POST","Scheme":"http","Host":"localhost","PathBase":"","Path":"/api/v1/companies/85af6a19-c4aa-49d6-947c-5cc922b3f6c8/organization-structure-catalogs/unit-types","QueryString":"","EventId":{"Id":2},"SourceContext":"Microsoft.AspNetCore.Hosting.Diagnostics","SpanId":"2dbdaaca4fd85268","TraceId":"04240e579da4f6bcb34013748467f85f","ParentId":"0000000000000000","RequestId":"0HNNRSTKGF7P2","RequestPath":"/api/v1/companies/85af6a19-c4aa-49d6-947c-5cc922b3f6c8/organization-structure-catalogs/unit-types","Environment":"Development","ProcessId":55047}}
{"Timestamp":"2026-08-16T16:40:45.7541500-06:00","Level":"Information","MessageTemplate":"Request starting {Protocol} {Method} {Scheme}://{Host}{PathBase}{Path}{QueryString} - {ContentType} {ContentLength}","TraceId":"669e6a9f4f13fd8d271b273df189fe6d","SpanId":"1b0166dcf2239d0c","Properties":{"Protocol":"HTTP/1.1","Method":"POST","ContentType":"application/json; charset=utf-8","ContentLength":234,"Scheme":"http","Host":"localhost","PathBase":"","Path":"/api/v1/companies/85af6a19-c4aa-49d6-947c-5cc922b3f6c8/organization-units","QueryString":"","EventId":{"Id":1},"SourceContext":"Microsoft.AspNetCore.Hosting.Diagnostics","SpanId":"1b0166dcf2239d0c","TraceId":"669e6a9f4f13fd8d271b273df189fe6d","ParentId":"0000000000000000","RequestId":"0HNNRSTKGF7P3","RequestPath":"/api/v1/companies/85af6a19-c4aa-49d6-947c-5cc922b3f6c8/organization-units","Environment":"Development","ProcessId":55047}}
{"Timestamp":"2026-08-16T16:40:45.7569890-06:00","Level":"Debug","MessageTemplate":"AuthenticationScheme: {AuthenticationScheme} was successfully authenticated.","TraceId":"669e6a9f4f13fd8d271b273df189fe6d","SpanId":"1b0166dcf2239d0c","Properties":{"AuthenticationScheme":"IntegrationTest","EventId":{"Id":8,"Name":"AuthenticationSchemeAuthenticated"},"SourceContext":"CLARIHR.Api.IntegrationTests.TestAuthenticationHandler","SpanId":"1b0166dcf2239d0c","TraceId":"669e6a9f4f13fd8d271b273df189fe6d","ParentId":"0000000000000000","RequestId":"0HNNRSTKGF7P3","RequestPath":"/api/v1/companies/85af6a19-c4aa-49d6-947c-5cc922b3f6c8/organization-units","Environment":"Development","ProcessId":55047}}
{"Timestamp":"2026-08-16T16:40:45.9234260-06:00","Level":"Information","MessageTemplate":"HTTP {Method} {Path} -&gt; {StatusCode} in {ElapsedMs}ms | Tenant: {TenantId} | User: {UserId}","TraceId":"669e6a9f4f13fd8d271b273df189fe6d","SpanId":"1b0166dcf2239d0c","Properties":{"Method":"POST","Path":"/api/v1/companies/85af6a19-c4aa-49d6-947c-5cc922b3f6c8/organization-units","StatusCode":201,"ElapsedMs":168,"TenantId":"85af6a19-c4aa-49d6-947c-5cc922b3f6c8","UserId":"11111111-1111-1111-1111-111111111111","SourceContext":"CLARIHR.Api.Middleware.RequestLoggingMiddleware","SpanId":"1b0166dcf2239d0c","TraceId":"669e6a9f4f13fd8d271b273df189fe6d","ParentId":"0000000000000000","RequestId":"0HNNRSTKGF7P3","RequestPath":"/api/v1/companies/85af6a19-c4aa-49d6-947c-5cc922b3f6c8/organization-units","RemoteIp":"unknown","Environment":"Development","ProcessId":55047}}
{"Timestamp":"2026-08-16T16:40:45.9235890-06:00","Level":"Information","MessageTemplate":"Request finished {Protocol} {Method} {Scheme}://{Host}{PathBase}{Path}{QueryString} - {StatusCode} {ContentLength} {ContentType} {ElapsedMilliseconds}ms","TraceId":"669e6a9f4f13fd8d271b273df189fe6d","SpanId":"1b0166dcf2239d0c","Properties":{"ElapsedMilliseconds":169.4657,"StatusCode":201,"ContentType":"application/json; charset=utf-8","ContentLength":null,"Protocol":"HTTP/1.1","Method":"POST","Scheme":"http","Host":"localhost","PathBase":"","Path":"/api/v1/companies/85af6a19-c4aa-49d6-947c-5cc922b3f6c8/organization-units","QueryString":"","EventId":{"Id":2},"SourceContext":"Microsoft.AspNetCore.Hosting.Diagnostics","SpanId":"1b0166dcf2239d0c","TraceId":"669e6a9f4f13fd8d271b273df189fe6d","ParentId":"0000000000000000","RequestId":"0HNNRSTKGF7P3","RequestPath":"/api/v1/companies/85af6a19-c4aa-49d6-947c-5cc922b3f6c8/organization-units","Environment":"Development","ProcessId":55047}}
{"Timestamp":"2026-08-16T16:40:45.9255230-06:00","Level":"Information","MessageTemplate":"Request starting {Protocol} {Method} {Scheme}://{Host}{PathBase}{Path}{QueryString} - {ContentType} {ContentLength}","TraceId":"08f1cbf6334a256756b297ba691c119e","SpanId":"57094455220d32e0","Properties":{"Protocol":"HTTP/1.1","Method":"GET","ContentType":null,"ContentLength":null,"Scheme":"http","Host":"localhost","PathBase":"","Path":"/api/v1/companies/85af6a19-c4aa-49d6-947c-5cc922b3f6c8/organization-structure-catalogs/unit-types","QueryString":"?page=1&amp;pageSize=100&amp;q=Gerencia","EventId":{"Id":1},"SourceContext":"Microsoft.AspNetCore.Hosting.Diagnostics","SpanId":"57094455220d32e0","TraceId":"08f1cbf6334a256756b297ba691c119e","ParentId":"0000000000000000","RequestId":"0HNNRSTKGF7P4","RequestPath":"/api/v1/companies/85af6a19-c4aa-49d6-947c-5cc922b3f6c8/organization-structure-catalogs/unit-types","Environment":"Development","ProcessId":55047}}
{"Timestamp":"2026-08-16T16:40:45.9259170-06:00","Level":"Debug","MessageTemplate":"AuthenticationScheme: {AuthenticationScheme} was successfully authenticated.","TraceId":"08f1cbf6334a256756b297ba691c119e","SpanId":"57094455220d32e0","Properties":{"AuthenticationScheme":"IntegrationTest","EventId":{"Id":8,"Name":"AuthenticationSchemeAuthenticated"},"SourceContext":"CLARIHR.Api.IntegrationTests.TestAuthenticationHandler","SpanId":"57094455220d32e0","TraceId":"08f1cbf6334a256756b297ba691c119e","ParentId":"0000000000000000","RequestId":"0HNNRSTKGF7P4","RequestPath":"/api/v1/companies/85af6a19-c4aa-49d6-947c-5cc922b3f6c8/organization-structure-catalogs/unit-types","Environment":"Development","ProcessId":55047}}
{"Timestamp":"2026-08-16T16:40:45.9366380-06:00","Level":"Information","MessageTemplate":"HTTP {Method} {Path} -&gt; {StatusCode} in {ElapsedMs}ms | Tenant: {TenantId} | User: {UserId}","TraceId":"08f1cbf6334a256756b297ba691c119e","SpanId":"57094455220d32e0","Properties":{"Method":"GET","Path":"/api/v1/companies/85af6a19-c4aa-49d6-947c-5cc922b3f6c8/organization-structure-catalogs/unit-types","StatusCode":200,"ElapsedMs":10,"TenantId":"85af6a19-c4aa-49d6-947c-5cc922b3f6c8","UserId":"11111111-1111-1111-1111-111111111111","SourceContext":"CLARIHR.Api.Middleware.RequestLoggingMiddleware","SpanId":"57094455220d32e0","TraceId":"08f1cbf6334a256756b297ba691c119e","ParentId":"0000000000000000","RequestId":"0HNNRSTKGF7P4","RequestPath":"/api/v1/companies/85af6a19-c4aa-49d6-947c-5cc922b3f6c8/organization-structure-catalogs/unit-types","RemoteIp":"unknown","Environment":"Development","ProcessId":55047}}
{"Timestamp":"2026-08-16T16:40:45.9367830-06:00","Level":"Information","MessageTemplate":"Request finished {Protocol} {Method} {Scheme}://{Host}{PathBase}{Path}{QueryString} - {StatusCode} {ContentLength} {ContentType} {ElapsedMilliseconds}ms","TraceId":"08f1cbf6334a256756b297ba691c119e","SpanId":"57094455220d32e0","Properties":{"ElapsedMilliseconds":11.2543,"StatusCode":200,"ContentType":"application/json; charset=utf-8","ContentLength":null,"Protocol":"HTTP/1.1","Method":"GET","Scheme":"http","Host":"localhost","PathBase":"","Path":"/api/v1/companies/85af6a19-c4aa-49d6-947c-5cc922b3f6c8/organization-structure-catalogs/unit-types","QueryString":"?page=1&amp;pageSize=100&amp;q=Gerencia","EventId":{"Id":2},"SourceContext":"Microsoft.AspNetCore.Hosting.Diagnostics","SpanId":"57094455220d32e0","TraceId":"08f1cbf6334a256756b297ba691c119e","ParentId":"0000000000000000","RequestId":"0HNNRSTKGF7P4","RequestPath":"/api/v1/companies/85af6a19-c4aa-49d6-947c-5cc922b3f6c8/organization-structure-catalogs/unit-types","Environment":"Development","ProcessId":55047}}
{"Timestamp":"2026-08-16T16:40:45.9371980-06:00","Level":"Information","MessageTemplate":"Request starting {Protocol} {Method} {Scheme}://{Host}{PathBase}{Path}{QueryString} - {ContentType} {ContentLength}","TraceId":"e4a030d28f67949362d4dde5cf23ce66","SpanId":"482d36ca62ec37ab","Properties":{"Protocol":"HTTP/1.1","Method":"POST","ContentType":"application/json; charset=utf-8","ContentLength":268,"Scheme":"http","Host":"localhost","PathBase":"","Path":"/api/v1/companies/85af6a19-c4aa-49d6-947c-5cc922b3f6c8/organization-units","QueryString":"","EventId":{"Id":1},"SourceContext":"Microsoft.AspNetCore.Hosting.Diagnostics","SpanId":"482d36ca62ec37ab","TraceId":"e4a030d28f67949362d4dde5cf23ce66","ParentId":"0000000000000000","RequestId":"0HNNRSTKGF7P5","RequestPath":"/api/v1/companies/85af6a19-c4aa-49d6-947c-5cc922b3f6c8/organization-units","Environment":"Development","ProcessId":55047}}
{"Timestamp":"2026-08-16T16:40:45.9375450-06:00","Level":"Debug","MessageTemplate":"AuthenticationScheme: {AuthenticationScheme} was successfully authenticated.","TraceId":"e4a030d28f67949362d4dde5cf23ce66","SpanId":"482d36ca62ec37ab","Properties":{"AuthenticationScheme":"IntegrationTest","EventId":{"Id":8,"Name":"AuthenticationSchemeAuthenticated"},"SourceContext":"CLARIHR.Api.IntegrationTests.TestAuthenticationHandler","SpanId":"482d36ca62ec37ab","TraceId":"e4a030d28f67949362d4dde5cf23ce66","ParentId":"0000000000000000","RequestId":"0HNNRSTKGF7P5","RequestPath":"/api/v1/companies/85af6a19-c4aa-49d6-947c-5cc922b3f6c8/organization-units","Environment":"Development","ProcessId":55047}}
{"Timestamp":"2026-08-16T16:40:45.9893080-06:00","Level":"Information","MessageTemplate":"HTTP {Method} {Path} -&gt; {StatusCode} in {ElapsedMs}ms | Tenant: {TenantId} | User: {UserId}","TraceId":"e4a030d28f67949362d4dde5cf23ce66","SpanId":"482d36ca62ec37ab","Properties":{"Method":"POST","Path":"/api/v1/companies/85af6a19-c4aa-49d6-947c-5cc922b3f6c8/organization-units","StatusCode":201,"ElapsedMs":51,"TenantId":"85af6a19-c4aa-49d6-947c-5cc922b3f6c8","UserId":"11111111-1111-1111-1111-111111111111","SourceContext":"CLARIHR.Api.Middleware.RequestLoggingMiddleware","SpanId":"482d36ca62ec37ab","TraceId":"e4a030d28f67949362d4dde5cf23ce66","ParentId":"0000000000000000","RequestId":"0HNNRSTKGF7P5","RequestPath":"/api/v1/companies/85af6a19-c4aa-49d6-947c-5cc922b3f6c8/organization-units","RemoteIp":"unknown","Environment":"Development","ProcessId":55047}}
{"Timestamp":"2026-08-16T16:40:45.9894720-06:00","Level":"Information","MessageTemplate":"Request finished {Protocol} {Method} {Scheme}://{Host}{PathBase}{Path}{QueryString} - {StatusCode} {ContentLength} {ContentType} {ElapsedMilliseconds}ms","TraceId":"e4a030d28f67949362d4dde5cf23ce66","SpanId":"482d36ca62ec37ab","Properties":{"ElapsedMilliseconds":52.2725,"StatusCode":201,"ContentType":"application/json; charset=utf-8","ContentLength":null,"Protocol":"HTTP/1.1","Method":"POST","Scheme":"http","Host":"localhost","PathBase":"","Path":"/api/v1/companies/85af6a19-c4aa-49d6-947c-5cc922b3f6c8/organization-units","QueryString":"","EventId":{"Id":2},"SourceContext":"Microsoft.AspNetCore.Hosting.Diagnostics","SpanId":"482d36ca62ec37ab","TraceId":"e4a030d28f67949362d4dde5cf23ce66","ParentId":"0000000000000000","RequestId":"0HNNRSTKGF7P5","RequestPath":"/api/v1/companies/85af6a19-c4aa-49d6-947c-5cc922b3f6c8/organization-units","Environment":"Development","ProcessId":55047}}
{"Timestamp":"2026-08-16T16:40:45.9896230-06:00","Level":"Information","MessageTemplate":"Request starting {Protocol} {Method} {Scheme}://{Host}{PathBase}{Path}{QueryString} - {ContentType} {ContentLength}","TraceId":"beaed13defaf4f175f9e390e78f7b0c8","SpanId":"e773ca1c6b267919","Properties":{"Protocol":"HTTP/1.1","Method":"GET","ContentType":null,"ContentLength":null,"Scheme":"http","Host":"localhost","PathBase":"","Path":"/api/v1/companies/85af6a19-c4aa-49d6-947c-5cc922b3f6c8/organization-structure-catalogs/unit-types","QueryString":"?page=1&amp;pageSize=100&amp;q=Gerencia","EventId":{"Id":1},"SourceContext":"Microsoft.AspNetCore.Hosting.Diagnostics","SpanId":"e773ca1c6b267919","TraceId":"beaed13defaf4f175f9e390e78f7b0c8","ParentId":"0000000000000000","RequestId":"0HNNRSTKGF7P6","RequestPath":"/api/v1/companies/85af6a19-c4aa-49d6-947c-5cc922b3f6c8/organization-structure-catalogs/unit-types","Environment":"Development","ProcessId":55047}}
{"Timestamp":"2026-08-16T16:40:45.9897850-06:00","Level":"Debug","MessageTemplate":"AuthenticationScheme: {AuthenticationScheme} was successfully authenticated.","TraceId":"beaed13defaf4f175f9e390e78f7b0c8","SpanId":"e773ca1c6b267919","Properties":{"AuthenticationScheme":"IntegrationTest","EventId":{"Id":8,"Name":"AuthenticationSchemeAuthenticated"},"SourceContext":"CLARIHR.Api.IntegrationTests.TestAuthenticationHandler","SpanId":"e773ca1c6b267919","TraceId":"beaed13defaf4f175f9e390e78f7b0c8","ParentId":"0000000000000000","RequestId":"0HNNRSTKGF7P6","RequestPath":"/api/v1/companies/85af6a19-c4aa-49d6-947c-5cc922b3f6c8/organization-structure-catalogs/unit-types","Environment":"Development","ProcessId":55047}}
{"Timestamp":"2026-08-16T16:40:45.9989020-06:00","Level":"Information","MessageTemplate":"HTTP {Method} {Path} -&gt; {StatusCode} in {ElapsedMs}ms | Tenant: {TenantId} | User: {UserId}","TraceId":"beaed13defaf4f175f9e390e78f7b0c8","SpanId":"e773ca1c6b267919","Properties":{"Method":"GET","Path":"/api/v1/companies/85af6a19-c4aa-49d6-947c-5cc922b3f6c8/organization-structure-catalogs/unit-types","StatusCode":200,"ElapsedMs":9,"TenantId":"85af6a19-c4aa-49d6-947c-5cc922b3f6c8","UserId":"11111111-1111-1111-1111-111111111111","SourceContext":"CLARIHR.Api.Middleware.RequestLoggingMiddleware","SpanId":"e773ca1c6b267919","TraceId":"beaed13defaf4f175f9e390e78f7b0c8","ParentId":"0000000000000000","RequestId":"0HNNRSTKGF7P6","RequestPath":"/api/v1/companies/85af6a19-c4aa-49d6-947c-5cc922b3f6c8/organization-structure-catalogs/unit-types","RemoteIp":"unknown","Environment":"Development","ProcessId":55047}}
{"Timestamp":"2026-08-16T16:40:45.9990900-06:00","Level":"Information","MessageTemplate":"Request finished {Protocol} {Method} {Scheme}://{Host}{PathBase}{Path}{QueryString} - {StatusCode} {ContentLength} {ContentType} {ElapsedMilliseconds}ms","TraceId":"beaed13defaf4f175f9e390e78f7b0c8","SpanId":"e773ca1c6b267919","Properties":{"ElapsedMilliseconds":9.45,"StatusCode":200,"ContentType":"application/json; charset=utf-8","ContentLength":null,"Protocol":"HTTP/1.1","Method":"GET","Scheme":"http","Host":"localhost","PathBase":"","Path":"/api/v1/companies/85af6a19-c4aa-49d6-947c-5cc922b3f6c8/organization-structure-catalogs/unit-types","QueryString":"?page=1&amp;pageSize=100&amp;q=Gerencia","EventId":{"Id":2},"SourceContext":"Microsoft.AspNetCore.Hosting.Diagnostics","SpanId":"e773ca1c6b267919","TraceId":"beaed13defaf4f175f9e390e78f7b0c8","ParentId":"0000000000000000","RequestId":"0HNNRSTKGF7P6","RequestPath":"/api/v1/companies/85af6a19-c4aa-49d6-947c-5cc922b3f6c8/organization-structure-catalogs/unit-types","Environment":"Development","ProcessId":55047}}
{"Timestamp":"2026-08-16T16:40:45.9992380-06:00","Level":"Information","MessageTemplate":"Request starting {Protocol} {Method} {Scheme}://{Host}{PathBase}{Path}{QueryString} - {ContentType} {ContentLength}","TraceId":"f3561c843fd44dcf93261314ada00348","SpanId":"b05a7fc356fdf15d","Properties":{"Protocol":"HTTP/1.1","Method":"POST","ContentType":"application/json; charset=utf-8","ContentLength":268,"Scheme":"http","Host":"localhost","PathBase":"","Path":"/api/v1/companies/85af6a19-c4aa-49d6-947c-5cc922b3f6c8/organization-units","QueryString":"","EventId":{"Id":1},"SourceContext":"Microsoft.AspNetCore.Hosting.Diagnostics","SpanId":"b05a7fc356fdf15d","TraceId":"f3561c843fd44dcf93261314ada00348","ParentId":"0000000000000000","RequestId":"0HNNRSTKGF7P7","RequestPath":"/api/v1/companies/85af6a19-c4aa-49d6-947c-5cc922b3f6c8/organization-units","Environment":"Development","ProcessId":55047}}
{"Timestamp":"2026-08-16T16:40:45.9994070-06:00","Level":"Debug","MessageTemplate":"AuthenticationScheme: {AuthenticationScheme} was successfully authenticated.","TraceId":"f3561c843fd44dcf93261314ada00348","SpanId":"b05a7fc356fdf15d","Properties":{"AuthenticationScheme":"IntegrationTest","EventId":{"Id":8,"Name":"AuthenticationSchemeAuthenticated"},"SourceContext":"CLARIHR.Api.IntegrationTests.TestAuthenticationHandler","SpanId":"b05a7fc356fdf15d","TraceId":"f3561c843fd44dcf93261314ada00348","ParentId":"0000000000000000","RequestId":"0HNNRSTKGF7P7","RequestPath":"/api/v1/companies/85af6a19-c4aa-49d6-947c-5cc922b3f6c8/organization-units","Environment":"Development","ProcessId":55047}}
{"Timestamp":"2026-08-16T16:40:46.0186100-06:00","Level":"Information","MessageTemplate":"HTTP {Method} {Path} -&gt; {StatusCode} in {ElapsedMs}ms | Tenant: {TenantId} | User: {UserId}","TraceId":"f3561c843fd44dcf93261314ada00348","SpanId":"b05a7fc356fdf15d","Properties":{"Method":"POST","Path":"/api/v1/companies/85af6a19-c4aa-49d6-947c-5cc922b3f6c8/organization-units","StatusCode":201,"ElapsedMs":19,"TenantId":"85af6a19-c4aa-49d6-947c-5cc922b3f6c8","UserId":"11111111-1111-1111-1111-111111111111","SourceContext":"CLARIHR.Api.Middleware.RequestLoggingMiddleware","SpanId":"b05a7fc356fdf15d","TraceId":"f3561c843fd44dcf93261314ada00348","ParentId":"0000000000000000","RequestId":"0HNNRSTKGF7P7","RequestPath":"/api/v1/companies/85af6a19-c4aa-49d6-947c-5cc922b3f6c8/organization-units","RemoteIp":"unknown","Environment":"Development","ProcessId":55047}}
{"Timestamp":"2026-08-16T16:40:46.0187790-06:00","Level":"Information","MessageTemplate":"Request finished {Protocol} {Method} {Scheme}://{Host}{PathBase}{Path}{QueryString} - {StatusCode} {ContentLength} {ContentType} {ElapsedMilliseconds}ms","TraceId":"f3561c843fd44dcf93261314ada00348","SpanId":"b05a7fc356fdf15d","Properties":{"ElapsedMilliseconds":19.528,"StatusCode":201,"ContentType":"application/json; charset=utf-8","ContentLength":null,"Protocol":"HTTP/1.1","Method":"POST","Scheme":"http","Host":"localhost","PathBase":"","Path":"/api/v1/companies/85af6a19-c4aa-49d6-947c-5cc922b3f6c8/organization-units","QueryString":"","EventId":{"Id":2},"SourceContext":"Microsoft.AspNetCore.Hosting.Diagnostics","SpanId":"b05a7fc356fdf15d","TraceId":"f3561c843fd44dcf93261314ada00348","ParentId":"0000000000000000","RequestId":"0HNNRSTKGF7P7","RequestPath":"/api/v1/companies/85af6a19-c4aa-49d6-947c-5cc922b3f6c8/organization-units","Environment":"Development","ProcessId":55047}}
{"Timestamp":"2026-08-16T16:40:46.0189170-06:00","Level":"Information","MessageTemplate":"Request starting {Protocol} {Method} {Scheme}://{Host}{PathBase}{Path}{QueryString} - {ContentType} {ContentLength}","TraceId":"beb2f485d3664476d11b86569d7665d3","SpanId":"a949ceb548d27efd","Properties":{"Protocol":"HTTP/1.1","Method":"GET","ContentType":null,"ContentLength":null,"Scheme":"http","Host":"localhost","PathBase":"","Path":"/api/v1/companies/85af6a19-c4aa-49d6-947c-5cc922b3f6c8/organization-structure-catalogs/unit-types","QueryString":"?page=1&amp;pageSize=100&amp;q=Gerencia","EventId":{"Id":1},"SourceContext":"Microsoft.AspNetCore.Hosting.Diagnostics","SpanId":"a949ceb548d27efd","TraceId":"beb2f485d3664476d11b86569d7665d3","ParentId":"0000000000000000","RequestId":"0HNNRSTKGF7P8","RequestPath":"/api/v1/companies/85af6a19-c4aa-49d6-947c-5cc922b3f6c8/organization-structure-catalogs/unit-types","Environment":"Development","ProcessId":55047}}
{"Timestamp":"2026-08-16T16:40:46.0191130-06:00","Level":"Debug","MessageTemplate":"AuthenticationScheme: {AuthenticationScheme} was successfully authenticated.","TraceId":"beb2f485d3664476d11b86569d7665d3","SpanId":"a949ceb548d27efd","Properties":{"AuthenticationScheme":"IntegrationTest","EventId":{"Id":8,"Name":"AuthenticationSchemeAuthenticated"},"SourceContext":"CLARIHR.Api.IntegrationTests.TestAuthenticationHandler","SpanId":"a949ceb548d27efd","TraceId":"beb2f485d3664476d11b86569d7665d3","ParentId":"0000000000000000","RequestId":"0HNNRSTKGF7P8","RequestPath":"/api/v1/companies/85af6a19-c4aa-49d6-947c-5cc922b3f6c8/organization-structure-catalogs/unit-types","Environment":"Development","ProcessId":55047}}
{"Timestamp":"2026-08-16T16:40:46.0258230-06:00","Level":"Information","MessageTemplate":"HTTP {Method} {Path} -&gt; {StatusCode} in {ElapsedMs}ms | Tenant: {TenantId} | User: {UserId}","TraceId":"beb2f485d3664476d11b86569d7665d3","SpanId":"a949ceb548d27efd","Properties":{"Method":"GET","Path":"/api/v1/companies/85af6a19-c4aa-49d6-947c-5cc922b3f6c8/organization-structure-catalogs/unit-types","StatusCode":200,"ElapsedMs":6,"TenantId":"85af6a19-c4aa-49d6-947c-5cc922b3f6c8","UserId":"11111111-1111-1111-1111-111111111111","SourceContext":"CLARIHR.Api.Middleware.RequestLoggingMiddleware","SpanId":"a949ceb548d27efd","TraceId":"beb2f485d3664476d11b86569d7665d3","ParentId":"0000000000000000","RequestId":"0HNNRSTKGF7P8","RequestPath":"/api/v1/companies/85af6a19-c4aa-49d6-947c-5cc922b3f6c8/organization-structure-catalogs/unit-types","RemoteIp":"unknown","Environment":"Development","ProcessId":55047}}
{"Timestamp":"2026-08-16T16:40:46.0259510-06:00","Level":"Information","MessageTemplate":"Request finished {Protocol} {Method} {Scheme}://{Host}{PathBase}{Path}{QueryString} - {StatusCode} {ContentLength} {ContentType} {ElapsedMilliseconds}ms","TraceId":"beb2f485d3664476d11b86569d7665d3","SpanId":"a949ceb548d27efd","Properties":{"ElapsedMilliseconds":7.0226,"StatusCode":200,"ContentType":"application/json; charset=utf-8","ContentLength":null,"Protocol":"HTTP/1.1","Method":"GET","Scheme":"http","Host":"localhost","PathBase":"","Path":"/api/v1/companies/85af6a19-c4aa-49d6-947c-5cc922b3f6c8/organization-structure-catalogs/unit-types","QueryString":"?page=1&amp;pageSize=100&amp;q=Gerencia","EventId":{"Id":2},"SourceContext":"Microsoft.AspNetCore.Hosting.Diagnostics","SpanId":"a949ceb548d27efd","TraceId":"beb2f485d3664476d11b86569d7665d3","ParentId":"0000000000000000","RequestId":"0HNNRSTKGF7P8","RequestPath":"/api/v1/companies/85af6a19-c4aa-49d6-947c-5cc922b3f6c8/organization-structure-catalogs/unit-types","Environment":"Development","ProcessId":55047}}
{"Timestamp":"2026-08-16T16:40:46.0261120-06:00","Level":"Information","MessageTemplate":"Request starting {Protocol} {Method} {Scheme}://{Host}{PathBase}{Path}{QueryString} - {ContentType} {ContentLength}","TraceId":"ac93c79f1452ad60b7307c8710d579f7","SpanId":"212ddbecdb8a4864","Properties":{"Protocol":"HTTP/1.1","Method":"POST","ContentType":"application/json; charset=utf-8","ContentLength":268,"Scheme":"http","Host":"localhost","PathBase":"","Path":"/api/v1/companies/85af6a19-c4aa-49d6-947c-5cc922b3f6c8/organization-units","QueryString":"","EventId":{"Id":1},"SourceContext":"Microsoft.AspNetCore.Hosting.Diagnostics","SpanId":"212ddbecdb8a4864","TraceId":"ac93c79f1452ad60b7307c8710d579f7","ParentId":"0000000000000000","RequestId":"0HNNRSTKGF7P9","RequestPath":"/api/v1/companies/85af6a19-c4aa-49d6-947c-5cc922b3f6c8/organization-units","Environment":"Development","ProcessId":55047}}
{"Timestamp":"2026-08-16T16:40:46.0262890-06:00","Level":"Debug","MessageTemplate":"AuthenticationScheme: {AuthenticationScheme} was successfully authenticated.","TraceId":"ac93c79f1452ad60b7307c8710d579f7","SpanId":"212ddbecdb8a4864","Properties":{"AuthenticationScheme":"IntegrationTest","EventId":{"Id":8,"Name":"AuthenticationSchemeAuthenticated"},"SourceContext":"CLARIHR.Api.IntegrationTests.TestAuthenticationHandler","SpanId":"212ddbecdb8a4864","TraceId":"ac93c79f1452ad60b7307c8710d579f7","ParentId":"0000000000000000","RequestId":"0HNNRSTKGF7P9","RequestPath":"/api/v1/companies/85af6a19-c4aa-49d6-947c-5cc922b3f6c8/organization-units","Environment":"Development","ProcessId":55047}}
{"Timestamp":"2026-08-16T16:40:46.0382760-06:00","Level":"Information","MessageTemplate":"HTTP {Method} {Path} -&gt; {StatusCode} in {ElapsedMs}ms | Tenant: {TenantId} | User: {UserId}","TraceId":"ac93c79f1452ad60b7307c8710d579f7","SpanId":"212ddbecdb8a4864","Properties":{"Method":"POST","Path":"/api/v1/companies/85af6a19-c4aa-49d6-947c-5cc922b3f6c8/organization-units","StatusCode":201,"ElapsedMs":12,"TenantId":"85af6a19-c4aa-49d6-947c-5cc922b3f6c8","UserId":"11111111-1111-1111-1111-111111111111","SourceContext":"CLARIHR.Api.Middleware.RequestLoggingMiddleware","SpanId":"212ddbecdb8a4864","TraceId":"ac93c79f1452ad60b7307c8710d579f7","ParentId":"0000000000000000","RequestId":"0HNNRSTKGF7P9","RequestPath":"/api/v1/companies/85af6a19-c4aa-49d6-947c-5cc922b3f6c8/organization-units","RemoteIp":"unknown","Environment":"Development","ProcessId":55047}}
{"Timestamp":"2026-08-16T16:40:46.0384330-06:00","Level":"Information","MessageTemplate":"Request finished {Protocol} {Method} {Scheme}://{Host}{PathBase}{Path}{QueryString} - {StatusCode} {ContentLength} {ContentType} {ElapsedMilliseconds}ms","TraceId":"ac93c79f1452ad60b7307c8710d579f7","SpanId":"212ddbecdb8a4864","Properties":{"ElapsedMilliseconds":12.3102,"StatusCode":201,"ContentType":"application/json; charset=utf-8","ContentLength":null,"Protocol":"HTTP/1.1","Method":"POST","Scheme":"http","Host":"localhost","PathBase":"","Path":"/api/v1/companies/85af6a19-c4aa-49d6-947c-5cc922b3f6c8/organization-units","QueryString":"","EventId":{"Id":2},"SourceContext":"Microsoft.AspNetCore.Hosting.Diagnostics","SpanId":"212ddbecdb8a4864","TraceId":"ac93c79f1452ad60b7307c8710d579f7","ParentId":"0000000000000000","RequestId":"0HNNRSTKGF7P9","RequestPath":"/api/v1/companies/85af6a19-c4aa-49d6-947c-5cc922b3f6c8/organization-units","Environment":"Development","ProcessId":55047}}
{"Timestamp":"2026-08-16T16:40:46.0385770-06:00","Level":"Information","MessageTemplate":"Request starting {Protocol} {Method} {Scheme}://{Host}{PathBase}{Path}{QueryString} - {ContentType} {ContentLength}","TraceId":"c54a1ca4f444f61e689fbcd8a6d98f22","SpanId":"b8d26d2b8ba8234c","Properties":{"Protocol":"HTTP/1.1","Method":"GET","ContentType":null,"ContentLength":null,"Scheme":"http","Host":"localhost","PathBase":"","Path":"/api/v1/companies/85af6a19-c4aa-49d6-947c-5cc922b3f6c8/organization-structure-catalogs/unit-types","QueryString":"?page=1&amp;pageSize=100&amp;q=Gerencia","EventId":{"Id":1},"SourceContext":"Microsoft.AspNetCore.Hosting.Diagnostics","SpanId":"b8d26d2b8ba8234c","TraceId":"c54a1ca4f444f61e689fbcd8a6d98f22","ParentId":"0000000000000000","RequestId":"0HNNRSTKGF7PA","RequestPath":"/api/v1/companies/85af6a19-c4aa-49d6-947c-5cc922b3f6c8/organization-structure-catalogs/unit-types","Environment":"Development","ProcessId":55047}}
{"Timestamp":"2026-08-16T16:40:46.0387610-06:00","Level":"Debug","MessageTemplate":"AuthenticationScheme: {AuthenticationScheme} was successfully authenticated.","TraceId":"c54a1ca4f444f61e689fbcd8a6d98f22","SpanId":"b8d26d2b8ba8234c","Properties":{"AuthenticationScheme":"IntegrationTest","EventId":{"Id":8,"Name":"AuthenticationSchemeAuthenticated"},"SourceContext":"CLARIHR.Api.IntegrationTests.TestAuthenticationHandler","SpanId":"b8d26d2b8ba8234c","TraceId":"c54a1ca4f444f61e689fbcd8a6d98f22","ParentId":"0000000000000000","RequestId":"0HNNRSTKGF7PA","RequestPath":"/api/v1/companies/85af6a19-c4aa-49d6-947c-5cc922b3f6c8/organization-structure-catalogs/unit-types","Environment":"Development","ProcessId":55047}}
{"Timestamp":"2026-08-16T16:40:46.0476910-06:00","Level":"Information","MessageTemplate":"HTTP {Method} {Path} -&gt; {StatusCode} in {ElapsedMs}ms | Tenant: {TenantId} | User: {UserId}","TraceId":"c54a1ca4f444f61e689fbcd8a6d98f22","SpanId":"b8d26d2b8ba8234c","Properties":{"Method":"GET","Path":"/api/v1/companies/85af6a19-c4aa-49d6-947c-5cc922b3f6c8/organization-structure-catalogs/unit-types","StatusCode":200,"ElapsedMs":8,"TenantId":"85af6a19-c4aa-49d6-947c-5cc922b3f6c8","UserId":"11111111-1111-1111-1111-111111111111","SourceContext":"CLARIHR.Api.Middleware.RequestLoggingMiddleware","SpanId":"b8d26d2b8ba8234c","TraceId":"c54a1ca4f444f61e689fbcd8a6d98f22","ParentId":"0000000000000000","RequestId":"0HNNRSTKGF7PA","RequestPath":"/api/v1/companies/85af6a19-c4aa-49d6-947c-5cc922b3f6c8/organization-structure-catalogs/unit-types","RemoteIp":"unknown","Environment":"Development","ProcessId":55047}}
{"Timestamp":"2026-08-16T16:40:46.0478620-06:00","Level":"Information","MessageTemplate":"Request finished {Protocol} {Method} {Scheme}://{Host}{PathBase}{Path}{QueryString} - {StatusCode} {ContentLength} {ContentType} {ElapsedMilliseconds}ms","TraceId":"c54a1ca4f444f61e689fbcd8a6d98f22","SpanId":"b8d26d2b8ba8234c","Properties":{"ElapsedMilliseconds":9.2724,"StatusCode":200,"ContentType":"application/json; charset=utf-8","ContentLength":null,"Protocol":"HTTP/1.1","Method":"GET","Scheme":"http","Host":"localhost","PathBase":"","Path":"/api/v1/companies/85af6a19-c4aa-49d6-947c-5cc922b3f6c8/organization-structure-catalogs/unit-types","QueryString":"?page=1&amp;pageSize=100&amp;q=Gerencia","EventId":{"Id":2},"SourceContext":"Microsoft.AspNetCore.Hosting.Diagnostics","SpanId":"b8d26d2b8ba8234c","TraceId":"c54a1ca4f444f61e689fbcd8a6d98f22","ParentId":"0000000000000000","RequestId":"0HNNRSTKGF7PA","RequestPath":"/api/v1/companies/85af6a19-c4aa-49d6-947c-5cc922b3f6c8/organization-structure-catalogs/unit-types","Environment":"Development","ProcessId":55047}}
{"Timestamp":"2026-08-16T16:40:46.0480320-06:00","Level":"Information","MessageTemplate":"Request starting {Protocol} {Method} {Scheme}://{Host}{PathBase}{Path}{QueryString} - {ContentType} {ContentLength}","TraceId":"de076cd266dab17882c7a99e6fc0c12b","SpanId":"9942cf7a4f735457","Properties":{"Protocol":"HTTP/1.1","Method":"POST","ContentType":"application/json; charset=utf-8","ContentLength":268,"Scheme":"http","Host":"localhost","PathBase":"","Path":"/api/v1/companies/85af6a19-c4aa-49d6-947c-5cc922b3f6c8/organization-units","QueryString":"","EventId":{"Id":1},"SourceContext":"Microsoft.AspNetCore.Hosting.Diagnostics","SpanId":"9942cf7a4f735457","TraceId":"de076cd266dab17882c7a99e6fc0c12b","ParentId":"0000000000000000","RequestId":"0HNNRSTKGF7PB","RequestPath":"/api/v1/companies/85af6a19-c4aa-49d6-947c-5cc922b3f6c8/organization-units","Environment":"Development","ProcessId":55047}}
{"Timestamp":"2026-08-16T16:40:46.0482020-06:00","Level":"Debug","MessageTemplate":"AuthenticationScheme: {AuthenticationScheme} was successfully authenticated.","TraceId":"de076cd266dab17882c7a99e6fc0c12b","SpanId":"9942cf7a4f735457","Properties":{"AuthenticationScheme":"IntegrationTest","EventId":{"Id":8,"Name":"AuthenticationSchemeAuthenticated"},"SourceContext":"CLARIHR.Api.IntegrationTests.TestAuthenticationHandler","SpanId":"9942cf7a4f735457","TraceId":"de076cd266dab17882c7a99e6fc0c12b","ParentId":"0000000000000000","RequestId":"0HNNRSTKGF7PB","RequestPath":"/api/v1/companies/85af6a19-c4aa-49d6-947c-5cc922b3f6c8/organization-units","Environment":"Development","ProcessId":55047}}
{"Timestamp":"2026-08-16T16:40:46.0587320-06:00","Level":"Information","MessageTemplate":"HTTP {Method} {Path} -&gt; {StatusCode} in {ElapsedMs}ms | Tenant: {TenantId} | User: {UserId}","TraceId":"de076cd266dab17882c7a99e6fc0c12b","SpanId":"9942cf7a4f735457","Properties":{"Method":"POST","Path":"/api/v1/companies/85af6a19-c4aa-49d6-947c-5cc922b3f6c8/organization-units","StatusCode":201,"ElapsedMs":10,"TenantId":"85af6a19-c4aa-49d6-947c-5cc922b3f6c8","UserId":"11111111-1111-1111-1111-111111111111","SourceContext":"CLARIHR.Api.Middleware.RequestLoggingMiddleware","SpanId":"9942cf7a4f735457","TraceId":"de076cd266dab17882c7a99e6fc0c12b","ParentId":"0000000000000000","RequestId":"0HNNRSTKGF7PB","RequestPath":"/api/v1/companies/85af6a19-c4aa-49d6-947c-5cc922b3f6c8/organization-units","RemoteIp":"unknown","Environment":"Development","ProcessId":55047}}
{"Timestamp":"2026-08-16T16:40:46.0588600-06:00","Level":"Information","MessageTemplate":"Request finished {Protocol} {Method} {Scheme}://{Host}{PathBase}{Path}{QueryString} - {StatusCode} {ContentLength} {ContentType} {ElapsedMilliseconds}ms","TraceId":"de076cd266dab17882c7a99e6fc0c12b","SpanId":"9942cf7a4f735457","Properties":{"ElapsedMilliseconds":10.8222,"StatusCode":201,"ContentType":"application/json; charset=utf-8","ContentLength":null,"Protocol":"HTTP/1.1","Method":"POST","Scheme":"http","Host":"localhost","PathBase":"","Path":"/api/v1/companies/85af6a19-c4aa-49d6-947c-5cc922b3f6c8/organization-units","QueryString":"","EventId":{"Id":2},"SourceContext":"Microsoft.AspNetCore.Hosting.Diagnostics","SpanId":"9942cf7a4f735457","TraceId":"de076cd266dab17882c7a99e6fc0c12b","ParentId":"0000000000000000","RequestId":"0HNNRSTKGF7PB","RequestPath":"/api/v1/companies/85af6a19-c4aa-49d6-947c-5cc922b3f6c8/organization-units","Environment":"Development","ProcessId":55047}}
{"Timestamp":"2026-08-16T16:40:46.0589790-06:00","Level":"Information","MessageTemplate":"Request starting {Protocol} {Method} {Scheme}://{Host}{PathBase}{Path}{QueryString} - {ContentType} {ContentLength}","TraceId":"04ee3f6e832011d8bed05ad0bfaa2956","SpanId":"fbd5860d6799f99c","Properties":{"Protocol":"HTTP/1.1","Method":"GET","ContentType":null,"ContentLength":null,"Scheme":"http","Host":"localhost","PathBase":"","Path":"/api/v1/companies/85af6a19-c4aa-49d6-947c-5cc922b3f6c8/organization-structure-catalogs/unit-types","QueryString":"?page=1&amp;pageSize=100&amp;q=Gerencia","EventId":{"Id":1},"SourceContext":"Microsoft.AspNetCore.Hosting.Diagnostics","SpanId":"fbd5860d6799f99c","TraceId":"04ee3f6e832011d8bed05ad0bfaa2956","ParentId":"0000000000000000","RequestId":"0HNNRSTKGF7PC","RequestPath":"/api/v1/companies/85af6a19-c4aa-49d6-947c-5cc922b3f6c8/organization-structure-catalogs/unit-types","Environment":"Development","ProcessId":55047}}
{"Timestamp":"2026-08-16T16:40:46.0591660-06:00","Level":"Debug","MessageTemplate":"AuthenticationScheme: {AuthenticationScheme} was successfully authenticated.","TraceId":"04ee3f6e832011d8bed05ad0bfaa2956","SpanId":"fbd5860d6799f99c","Properties":{"AuthenticationScheme":"IntegrationTest","EventId":{"Id":8,"Name":"AuthenticationSchemeAuthenticated"},"SourceContext":"CLARIHR.Api.IntegrationTests.TestAuthenticationHandler","SpanId":"fbd5860d6799f99c","TraceId":"04ee3f6e832011d8bed05ad0bfaa2956","ParentId":"0000000000000000","RequestId":"0HNNRSTKGF7PC","RequestPath":"/api/v1/companies/85af6a19-c4aa-49d6-947c-5cc922b3f6c8/organization-structure-catalogs/unit-types","Environment":"Development","ProcessId":55047}}
{"Timestamp":"2026-08-16T16:40:46.0645070-06:00","Level":"Information","MessageTemplate":"HTTP {Method} {Path} -&gt; {StatusCode} in {ElapsedMs}ms | Tenant: {TenantId} | User: {UserId}","TraceId":"04ee3f6e832011d8bed05ad0bfaa2956","SpanId":"fbd5860d6799f99c","Properties":{"Method":"GET","Path":"/api/v1/companies/85af6a19-c4aa-49d6-947c-5cc922b3f6c8/organization-structure-catalogs/unit-types","StatusCode":200,"ElapsedMs":5,"TenantId":"85af6a19-c4aa-49d6-947c-5cc922b3f6c8","UserId":"11111111-1111-1111-1111-111111111111","SourceContext":"CLARIHR.Api.Middleware.RequestLoggingMiddleware","SpanId":"fbd5860d6799f99c","TraceId":"04ee3f6e832011d8bed05ad0bfaa2956","ParentId":"0000000000000000","RequestId":"0HNNRSTKGF7PC","RequestPath":"/api/v1/companies/85af6a19-c4aa-49d6-947c-5cc922b3f6c8/organization-structure-catalogs/unit-types","RemoteIp":"unknown","Environment":"Development","ProcessId":55047}}
{"Timestamp":"2026-08-16T16:40:46.0646330-06:00","Level":"Information","MessageTemplate":"Request finished {Protocol} {Method} {Scheme}://{Host}{PathBase}{Path}{QueryString} - {StatusCode} {ContentLength} {ContentType} {ElapsedMilliseconds}ms","TraceId":"04ee3f6e832011d8bed05ad0bfaa2956","SpanId":"fbd5860d6799f99c","Properties":{"ElapsedMilliseconds":5.6432,"StatusCode":200,"ContentType":"application/json; charset=utf-8","ContentLength":null,"Protocol":"HTTP/1.1","Method":"GET","Scheme":"http","Host":"localhost","PathBase":"","Path":"/api/v1/companies/85af6a19-c4aa-49d6-947c-5cc922b3f6c8/organization-structure-catalogs/unit-types","QueryString":"?page=1&amp;pageSize=100&amp;q=Gerencia","EventId":{"Id":2},"SourceContext":"Microsoft.AspNetCore.Hosting.Diagnostics","SpanId":"fbd5860d6799f99c","TraceId":"04ee3f6e832011d8bed05ad0bfaa2956","ParentId":"0000000000000000","RequestId":"0HNNRSTKGF7PC","RequestPath":"/api/v1/companies/85af6a19-c4aa-49d6-947c-5cc922b3f6c8/organization-structure-catalogs/unit-types","Environment":"Development","ProcessId":55047}}
{"Timestamp":"2026-08-16T16:40:46.0647780-06:00","Level":"Information","MessageTemplate":"Request starting {Protocol} {Method} {Scheme}://{Host}{PathBase}{Path}{QueryString} - {ContentType} {ContentLength}","TraceId":"299a7fc2ec73746289a4ac8f7471e90f","SpanId":"fdf47fbe76b4faab","Properties":{"Protocol":"HTTP/1.1","Method":"POST","ContentType":"application/json; charset=utf-8","ContentLength":268,"Scheme":"http","Host":"localhost","PathBase":"","Path":"/api/v1/companies/85af6a19-c4aa-49d6-947c-5cc922b3f6c8/organization-units","QueryString":"","EventId":{"Id":1},"SourceContext":"Microsoft.AspNetCore.Hosting.Diagnostics","SpanId":"fdf47fbe76b4faab","TraceId":"299a7fc2ec73746289a4ac8f7471e90f","ParentId":"0000000000000000","RequestId":"0HNNRSTKGF7PD","RequestPath":"/api/v1/companies/85af6a19-c4aa-49d6-947c-5cc922b3f6c8/organization-units","Environment":"Development","ProcessId":55047}}
{"Timestamp":"2026-08-16T16:40:46.0649210-06:00","Level":"Debug","MessageTemplate":"AuthenticationScheme: {AuthenticationScheme} was successfully authenticated.","TraceId":"299a7fc2ec73746289a4ac8f7471e90f","SpanId":"fdf47fbe76b4faab","Properties":{"AuthenticationScheme":"IntegrationTest","EventId":{"Id":8,"Name":"AuthenticationSchemeAuthenticated"},"SourceContext":"CLARIHR.Api.IntegrationTests.TestAuthenticationHandler","SpanId":"fdf47fbe76b4faab","TraceId":"299a7fc2ec73746289a4ac8f7471e90f","ParentId":"0000000000000000","RequestId":"0HNNRSTKGF7PD","RequestPath":"/api/v1/companies/85af6a19-c4aa-49d6-947c-5cc922b3f6c8/organization-units","Environment":"Development","ProcessId":55047}}
{"Timestamp":"2026-08-16T16:40:46.0768140-06:00","Level":"Information","MessageTemplate":"HTTP {Method} {Path} -&gt; {StatusCode} in {ElapsedMs}ms | Tenant: {TenantId} | User: {UserId}","TraceId":"299a7fc2ec73746289a4ac8f7471e90f","SpanId":"fdf47fbe76b4faab","Properties":{"Method":"POST","Path":"/api/v1/companies/85af6a19-c4aa-49d6-947c-5cc922b3f6c8/organization-units","StatusCode":201,"ElapsedMs":11,"TenantId":"85af6a19-c4aa-49d6-947c-5cc922b3f6c8","UserId":"11111111-1111-1111-1111-111111111111","SourceContext":"CLARIHR.Api.Middleware.RequestLoggingMiddleware","SpanId":"fdf47fbe76b4faab","TraceId":"299a7fc2ec73746289a4ac8f7471e90f","ParentId":"0000000000000000","RequestId":"0HNNRSTKGF7PD","RequestPath":"/api/v1/companies/85af6a19-c4aa-49d6-947c-5cc922b3f6c8/organization-units","RemoteIp":"unknown","Environment":"Development","ProcessId":55047}}
{"Timestamp":"2026-08-16T16:40:46.0769450-06:00","Level":"Information","MessageTemplate":"Request finished {Protocol} {Method} {Scheme}://{Host}{PathBase}{Path}{QueryString} - {StatusCode} {ContentLength} {ContentType} {ElapsedMilliseconds}ms","TraceId":"299a7fc2ec73746289a4ac8f7471e90f","SpanId":"fdf47fbe76b4faab","Properties":{"ElapsedMilliseconds":12.1571,"StatusCode":201,"ContentType":"application/json; charset=utf-8","ContentLength":null,"Protocol":"HTTP/1.1","Method":"POST","Scheme":"http","Host":"localhost","PathBase":"","Path":"/api/v1/companies/85af6a19-c4aa-49d6-947c-5cc922b3f6c8/organization-units","QueryString":"","EventId":{"Id":2},"SourceContext":"Microsoft.AspNetCore.Hosting.Diagnostics","SpanId":"fdf47fbe76b4faab","TraceId":"299a7fc2ec73746289a4ac8f7471e90f","ParentId":"0000000000000000","RequestId":"0HNNRSTKGF7PD","RequestPath":"/api/v1/companies/85af6a19-c4aa-49d6-947c-5cc922b3f6c8/organization-units","Environment":"Development","ProcessId":55047}}
{"Timestamp":"2026-08-16T16:40:46.0770950-06:00","Level":"Information","MessageTemplate":"Request starting {Protocol} {Method} {Scheme}://{Host}{PathBase}{Path}{QueryString} - {ContentType} {ContentLength}","TraceId":"af6394f5c5dd675f73b4544d01829144","SpanId":"fd79f4fcbd5db727","Properties":{"Protocol":"HTTP/1.1","Method":"GET","ContentType":null,"ContentLength":null,"Scheme":"http","Host":"localhost","PathBase":"","Path":"/api/v1/companies/85af6a19-c4aa-49d6-947c-5cc922b3f6c8/organization-structure-catalogs/unit-types","QueryString":"?page=1&amp;pageSize=100&amp;q=Gerencia","EventId":{"Id":1},"SourceContext":"Microsoft.AspNetCore.Hosting.Diagnostics","SpanId":"fd79f4fcbd5db727","TraceId":"af6394f5c5dd675f73b4544d01829144","ParentId":"0000000000000000","RequestId":"0HNNRSTKGF7PE","RequestPath":"/api/v1/companies/85af6a19-c4aa-49d6-947c-5cc922b3f6c8/organization-structure-catalogs/unit-types","Environment":"Development","ProcessId":55047}}
{"Timestamp":"2026-08-16T16:40:46.0772950-06:00","Level":"Debug","MessageTemplate":"AuthenticationScheme: {AuthenticationScheme} was successfully authenticated.","TraceId":"af6394f5c5dd675f73b4544d01829144","SpanId":"fd79f4fcbd5db727","Properties":{"AuthenticationScheme":"IntegrationTest","EventId":{"Id":8,"Name":"AuthenticationSchemeAuthenticated"},"SourceContext":"CLARIHR.Api.IntegrationTests.TestAuthenticationHandler","SpanId":"fd79f4fcbd5db727","TraceId":"af6394f5c5dd675f73b4544d01829144","ParentId":"0000000000000000","RequestId":"0HNNRSTKGF7PE","RequestPath":"/api/v1/companies/85af6a19-c4aa-49d6-947c-5cc922b3f6c8/organization-structure-catalogs/unit-types","Environment":"Development","ProcessId":55047}}
{"Timestamp":"2026-08-16T16:40:46.0823370-06:00","Level":"Information","MessageTemplate":"HTTP {Method} {Path} -&gt; {StatusCode} in {ElapsedMs}ms | Tenant: {TenantId} | User: {UserId}","TraceId":"af6394f5c5dd675f73b4544d01829144","SpanId":"fd79f4fcbd5db727","Properties":{"Method":"GET","Path":"/api/v1/companies/85af6a19-c4aa-49d6-947c-5cc922b3f6c8/organization-structure-catalogs/unit-types","StatusCode":200,"ElapsedMs":5,"TenantId":"85af6a19-c4aa-49d6-947c-5cc922b3f6c8","UserId":"11111111-1111-1111-1111-111111111111","SourceContext":"CLARIHR.Api.Middleware.RequestLoggingMiddleware","SpanId":"fd79f4fcbd5db727","TraceId":"af6394f5c5dd675f73b4544d01829144","ParentId":"0000000000000000","RequestId":"0HNNRSTKGF7PE","RequestPath":"/api/v1/companies/85af6a19-c4aa-49d6-947c-5cc922b3f6c8/organization-structure-catalogs/unit-types","RemoteIp":"unknown","Environment":"Development","ProcessId":55047}}
{"Timestamp":"2026-08-16T16:40:46.0824640-06:00","Level":"Information","MessageTemplate":"Request finished {Protocol} {Method} {Scheme}://{Host}{PathBase}{Path}{QueryString} - {StatusCode} {ContentLength} {ContentType} {ElapsedMilliseconds}ms","TraceId":"af6394f5c5dd675f73b4544d01829144","SpanId":"fd79f4fcbd5db727","Properties":{"ElapsedMilliseconds":5.3589,"StatusCode":200,"ContentType":"application/json; charset=utf-8","ContentLength":null,"Protocol":"HTTP/1.1","Method":"GET","Scheme":"http","Host":"localhost","PathBase":"","Path":"/api/v1/companies/85af6a19-c4aa-49d6-947c-5cc922b3f6c8/organization-structure-catalogs/unit-types","QueryString":"?page=1&amp;pageSize=100&amp;q=Gerencia","EventId":{"Id":2},"SourceContext":"Microsoft.AspNetCore.Hosting.Diagnostics","SpanId":"fd79f4fcbd5db727","TraceId":"af6394f5c5dd675f73b4544d01829144","ParentId":"0000000000000000","RequestId":"0HNNRSTKGF7PE","RequestPath":"/api/v1/companies/85af6a19-c4aa-49d6-947c-5cc922b3f6c8/organization-structure-catalogs/unit-types","Environment":"Development","ProcessId":55047}}
[...]
{"Timestamp":"2026-08-16T16:40:54.6231910-06:00","Level":"Information","MessageTemplate":"Request finished {Protocol} {Method} {Scheme}://{Host}{PathBase}{Path}{QueryString} - {StatusCode} {ContentLength} {ContentType} {ElapsedMilliseconds}ms","TraceId":"2c139be34520db1d44423d116bf53605","SpanId":"10132ba201a6e896","Properties":{"ElapsedMilliseconds":13.1185,"StatusCode":201,"ContentType":"application/json; charset=utf-8","ContentLength":null,"Protocol":"HTTP/1.1","Method":"POST","Scheme":"http","Host":"localhost","PathBase":"","Path":"/api/v1/companies/1833f0a9-ccdd-45f1-a67d-bee106d6af11/organization-units","QueryString":"","EventId":{"Id":2},"SourceContext":"Microsoft.AspNetCore.Hosting.Diagnostics","SpanId":"10132ba201a6e896","TraceId":"2c139be34520db1d44423d116bf53605","ParentId":"0000000000000000","RequestId":"0HNNRSTKGF7QT","RequestPath":"/api/v1/companies/1833f0a9-ccdd-45f1-a67d-bee106d6af11/organization-units","Environment":"Development","ProcessId":55047}}
{"Timestamp":"2026-08-16T16:40:54.6233000-06:00","Level":"Information","MessageTemplate":"Request starting {Protocol} {Method} {Scheme}://{Host}{PathBase}{Path}{QueryString} - {ContentType} {ContentLength}","TraceId":"d9bd917dbdaeba471c9ca27b5d730f9b","SpanId":"b103fe415895f618","Properties":{"Protocol":"HTTP/1.1","Method":"GET","ContentType":null,"ContentLength":null,"Scheme":"http","Host":"localhost","PathBase":"","Path":"/api/v1/companies/1833f0a9-ccdd-45f1-a67d-bee106d6af11/organization-structure-catalogs/unit-types","QueryString":"?page=1&amp;pageSize=100&amp;q=Gerencia","EventId":{"Id":1},"SourceContext":"Microsoft.AspNetCore.Hosting.Diagnostics","SpanId":"b103fe415895f618","TraceId":"d9bd917dbdaeba471c9ca27b5d730f9b","ParentId":"0000000000000000","RequestId":"0HNNRSTKGF7QU","RequestPath":"/api/v1/companies/1833f0a9-ccdd-45f1-a67d-bee106d6af11/organization-structure-catalogs/unit-types","Environment":"Development","ProcessId":55047}}
{"Timestamp":"2026-08-16T16:40:54.6234450-06:00","Level":"Debug","MessageTemplate":"AuthenticationScheme: {AuthenticationScheme} was successfully authenticated.","TraceId":"d9bd917dbdaeba471c9ca27b5d730f9b","SpanId":"b103fe415895f618","Properties":{"AuthenticationScheme":"IntegrationTest","EventId":{"Id":8,"Name":"AuthenticationSchemeAuthenticated"},"SourceContext":"CLARIHR.Api.IntegrationTests.TestAuthenticationHandler","SpanId":"b103fe415895f618","TraceId":"d9bd917dbdaeba471c9ca27b5d730f9b","ParentId":"0000000000000000","RequestId":"0HNNRSTKGF7QU","RequestPath":"/api/v1/companies/1833f0a9-ccdd-45f1-a67d-bee106d6af11/organization-structure-catalogs/unit-types","Environment":"Development","ProcessId":55047}}
{"Timestamp":"2026-08-16T16:40:54.6268880-06:00","Level":"Information","MessageTemplate":"HTTP {Method} {Path} -&gt; {StatusCode} in {ElapsedMs}ms | Tenant: {TenantId} | User: {UserId}","TraceId":"d9bd917dbdaeba471c9ca27b5d730f9b","SpanId":"b103fe415895f618","Properties":{"Method":"GET","Path":"/api/v1/companies/1833f0a9-ccdd-45f1-a67d-bee106d6af11/organization-structure-catalogs/unit-types","StatusCode":200,"ElapsedMs":3,"TenantId":"1833f0a9-ccdd-45f1-a67d-bee106d6af11","UserId":"11111111-1111-1111-1111-111111111111","SourceContext":"CLARIHR.Api.Middleware.RequestLoggingMiddleware","SpanId":"b103fe415895f618","TraceId":"d9bd917dbdaeba471c9ca27b5d730f9b","ParentId":"0000000000000000","RequestId":"0HNNRSTKGF7QU","RequestPath":"/api/v1/companies/1833f0a9-ccdd-45f1-a67d-bee106d6af11/organization-structure-catalogs/unit-types","RemoteIp":"unknown","Environment":"Development","ProcessId":55047}}
{"Timestamp":"2026-08-16T16:40:54.6269970-06:00","Level":"Information","MessageTemplate":"Request finished {Protocol} {Method} {Scheme}://{Host}{PathBase}{Path}{QueryString} - {StatusCode} {ContentLength} {ContentType} {ElapsedMilliseconds}ms","TraceId":"d9bd917dbdaeba471c9ca27b5d730f9b","SpanId":"b103fe415895f618","Properties":{"ElapsedMilliseconds":3.6916,"StatusCode":200,"ContentType":"application/json; charset=utf-8","ContentLength":null,"Protocol":"HTTP/1.1","Method":"GET","Scheme":"http","Host":"localhost","PathBase":"","Path":"/api/v1/companies/1833f0a9-ccdd-45f1-a67d-bee106d6af11/organization-structure-catalogs/unit-types","QueryString":"?page=1&amp;pageSize=100&amp;q=Gerencia","EventId":{"Id":2},"SourceContext":"Microsoft.AspNetCore.Hosting.Diagnostics","SpanId":"b103fe415895f618","TraceId":"d9bd917dbdaeba471c9ca27b5d730f9b","ParentId":"0000000000000000","RequestId":"0HNNRSTKGF7QU","RequestPath":"/api/v1/companies/1833f0a9-ccdd-45f1-a67d-bee106d6af11/organization-structure-catalogs/unit-types","Environment":"Development","ProcessId":55047}}
{"Timestamp":"2026-08-16T16:40:54.6271400-06:00","Level":"Information","MessageTemplate":"Request starting {Protocol} {Method} {Scheme}://{Host}{PathBase}{Path}{QueryString} - {ContentType} {ContentLength}","TraceId":"13643d27ee84abbd45101fdbc072e19c","SpanId":"2455aa193bbf8ca2","Properties":{"Protocol":"HTTP/1.1","Method":"POST","ContentType":"application/json; charset=utf-8","ContentLength":269,"Scheme":"http","Host":"localhost","PathBase":"","Path":"/api/v1/companies/1833f0a9-ccdd-45f1-a67d-bee106d6af11/organization-units","QueryString":"","EventId":{"Id":1},"SourceContext":"Microsoft.AspNetCore.Hosting.Diagnostics","SpanId":"2455aa193bbf8ca2","TraceId":"13643d27ee84abbd45101fdbc072e19c","ParentId":"0000000000000000","RequestId":"0HNNRSTKGF7QV","RequestPath":"/api/v1/companies/1833f0a9-ccdd-45f1-a67d-bee106d6af11/organization-units","Environment":"Development","ProcessId":55047}}
{"Timestamp":"2026-08-16T16:40:54.6272900-06:00","Level":"Debug","MessageTemplate":"AuthenticationScheme: {AuthenticationScheme} was successfully authenticated.","TraceId":"13643d27ee84abbd45101fdbc072e19c","SpanId":"2455aa193bbf8ca2","Properties":{"AuthenticationScheme":"IntegrationTest","EventId":{"Id":8,"Name":"AuthenticationSchemeAuthenticated"},"SourceContext":"CLARIHR.Api.IntegrationTests.TestAuthenticationHandler","SpanId":"2455aa193bbf8ca2","TraceId":"13643d27ee84abbd45101fdbc072e19c","ParentId":"0000000000000000","RequestId":"0HNNRSTKGF7QV","RequestPath":"/api/v1/companies/1833f0a9-ccdd-45f1-a67d-bee106d6af11/organization-units","Environment":"Development","ProcessId":55047}}
{"Timestamp":"2026-08-16T16:40:54.6381900-06:00","Level":"Information","MessageTemplate":"HTTP {Method} {Path} -&gt; {StatusCode} in {ElapsedMs}ms | Tenant: {TenantId} | User: {UserId}","TraceId":"13643d27ee84abbd45101fdbc072e19c","SpanId":"2455aa193bbf8ca2","Properties":{"Method":"POST","Path":"/api/v1/companies/1833f0a9-ccdd-45f1-a67d-bee106d6af11/organization-units","StatusCode":201,"ElapsedMs":10,"TenantId":"1833f0a9-ccdd-45f1-a67d-bee106d6af11","UserId":"11111111-1111-1111-1111-111111111111","SourceContext":"CLARIHR.Api.Middleware.RequestLoggingMiddleware","SpanId":"2455aa193bbf8ca2","TraceId":"13643d27ee84abbd45101fdbc072e19c","ParentId":"0000000000000000","RequestId":"0HNNRSTKGF7QV","RequestPath":"/api/v1/companies/1833f0a9-ccdd-45f1-a67d-bee106d6af11/organization-units","RemoteIp":"unknown","Environment":"Development","ProcessId":55047}}
{"Timestamp":"2026-08-16T16:40:54.6383170-06:00","Level":"Information","MessageTemplate":"Request finished {Protocol} {Method} {Scheme}://{Host}{PathBase}{Path}{QueryString} - {StatusCode} {ContentLength} {ContentType} {ElapsedMilliseconds}ms","TraceId":"13643d27ee84abbd45101fdbc072e19c","SpanId":"2455aa193bbf8ca2","Properties":{"ElapsedMilliseconds":11.1723,"StatusCode":201,"ContentType":"application/json; charset=utf-8","ContentLength":null,"Protocol":"HTTP/1.1","Method":"POST","Scheme":"http","Host":"localhost","PathBase":"","Path":"/api/v1/companies/1833f0a9-ccdd-45f1-a67d-bee106d6af11/organization-units","QueryString":"","EventId":{"Id":2},"SourceContext":"Microsoft.AspNetCore.Hosting.Diagnostics","SpanId":"2455aa193bbf8ca2","TraceId":"13643d27ee84abbd45101fdbc072e19c","ParentId":"0000000000000000","RequestId":"0HNNRSTKGF7QV","RequestPath":"/api/v1/companies/1833f0a9-ccdd-45f1-a67d-bee106d6af11/organization-units","Environment":"Development","ProcessId":55047}}
{"Timestamp":"2026-08-16T16:40:54.6384710-06:00","Level":"Information","MessageTemplate":"Request starting {Protocol} {Method} {Scheme}://{Host}{PathBase}{Path}{QueryString} - {ContentType} {ContentLength}","TraceId":"2644adb177860058bbf3dcf440b51d1e","SpanId":"2880ba9c8efb1089","Properties":{"Protocol":"HTTP/1.1","Method":"GET","ContentType":null,"ContentLength":null,"Scheme":"http","Host":"localhost","PathBase":"","Path":"/api/v1/companies/1833f0a9-ccdd-45f1-a67d-bee106d6af11/organization-structure-catalogs/unit-types","QueryString":"?page=1&amp;pageSize=100&amp;q=Gerencia","EventId":{"Id":1},"SourceContext":"Microsoft.AspNetCore.Hosting.Diagnostics","SpanId":"2880ba9c8efb1089","TraceId":"2644adb177860058bbf3dcf440b51d1e","ParentId":"0000000000000000","RequestId":"0HNNRSTKGF7R0","RequestPath":"/api/v1/companies/1833f0a9-ccdd-45f1-a67d-bee106d6af11/organization-structure-catalogs/unit-types","Environment":"Development","ProcessId":55047}}
{"Timestamp":"2026-08-16T16:40:54.6386480-06:00","Level":"Debug","MessageTemplate":"AuthenticationScheme: {AuthenticationScheme} was successfully authenticated.","TraceId":"2644adb177860058bbf3dcf440b51d1e","SpanId":"2880ba9c8efb1089","Properties":{"AuthenticationScheme":"IntegrationTest","EventId":{"Id":8,"Name":"AuthenticationSchemeAuthenticated"},"SourceContext":"CLARIHR.Api.IntegrationTests.TestAuthenticationHandler","SpanId":"2880ba9c8efb1089","TraceId":"2644adb177860058bbf3dcf440b51d1e","ParentId":"0000000000000000","RequestId":"0HNNRSTKGF7R0","RequestPath":"/api/v1/companies/1833f0a9-ccdd-45f1-a67d-bee106d6af11/organization-structure-catalogs/unit-types","Environment":"Development","ProcessId":55047}}
{"Timestamp":"2026-08-16T16:40:54.6484300-06:00","Level":"Information","MessageTemplate":"HTTP {Method} {Path} -&gt; {StatusCode} in {ElapsedMs}ms | Tenant: {TenantId} | User: {UserId}","TraceId":"2644adb177860058bbf3dcf440b51d1e","SpanId":"2880ba9c8efb1089","Properties":{"Method":"GET","Path":"/api/v1/companies/1833f0a9-ccdd-45f1-a67d-bee106d6af11/organization-structure-catalogs/unit-types","StatusCode":200,"ElapsedMs":9,"TenantId":"1833f0a9-ccdd-45f1-a67d-bee106d6af11","UserId":"11111111-1111-1111-1111-111111111111","SourceContext":"CLARIHR.Api.Middleware.RequestLoggingMiddleware","SpanId":"2880ba9c8efb1089","TraceId":"2644adb177860058bbf3dcf440b51d1e","ParentId":"0000000000000000","RequestId":"0HNNRSTKGF7R0","RequestPath":"/api/v1/companies/1833f0a9-ccdd-45f1-a67d-bee106d6af11/organization-structure-catalogs/unit-types","RemoteIp":"unknown","Environment":"Development","ProcessId":55047}}
{"Timestamp":"2026-08-16T16:40:54.6485800-06:00","Level":"Information","MessageTemplate":"Request finished {Protocol} {Method} {Scheme}://{Host}{PathBase}{Path}{QueryString} - {StatusCode} {ContentLength} {ContentType} {ElapsedMilliseconds}ms","TraceId":"2644adb177860058bbf3dcf440b51d1e","SpanId":"2880ba9c8efb1089","Properties":{"ElapsedMilliseconds":10.0998,"StatusCode":200,"ContentType":"application/json; charset=utf-8","ContentLength":null,"Protocol":"HTTP/1.1","Method":"GET","Scheme":"http","Host":"localhost","PathBase":"","Path":"/api/v1/companies/1833f0a9-ccdd-45f1-a67d-bee106d6af11/organization-structure-catalogs/unit-types","QueryString":"?page=1&amp;pageSize=100&amp;q=Gerencia","EventId":{"Id":2},"SourceContext":"Microsoft.AspNetCore.Hosting.Diagnostics","SpanId":"2880ba9c8efb1089","TraceId":"2644adb177860058bbf3dcf440b51d1e","ParentId":"0000000000000000","RequestId":"0HNNRSTKGF7R0","RequestPath":"/api/v1/companies/1833f0a9-ccdd-45f1-a67d-bee106d6af11/organization-structure-catalogs/unit-types","Environment":"Development","ProcessId":55047}}
{"Timestamp":"2026-08-16T16:40:54.6487090-06:00","Level":"Information","MessageTemplate":"Request starting {Protocol} {Method} {Scheme}://{Host}{PathBase}{Path}{QueryString} - {ContentType} {ContentLength}","TraceId":"34d47a4e3fdc6b135b051fd85dadeaf3","SpanId":"ef031f66d2f930ca","Properties":{"Protocol":"HTTP/1.1","Method":"POST","ContentType":"application/json; charset=utf-8","ContentLength":232,"Scheme":"http","Host":"localhost","PathBase":"","Path":"/api/v1/companies/1833f0a9-ccdd-45f1-a67d-bee106d6af11/organization-units","QueryString":"","EventId":{"Id":1},"SourceContext":"Microsoft.AspNetCore.Hosting.Diagnostics","SpanId":"ef031f66d2f930ca","TraceId":"34d47a4e3fdc6b135b051fd85dadeaf3","ParentId":"0000000000000000","RequestId":"0HNNRSTKGF7R1","RequestPath":"/api/v1/companies/1833f0a9-ccdd-45f1-a67d-bee106d6af11/organization-units","Environment":"Development","ProcessId":55047}}
{"Timestamp":"2026-08-16T16:40:54.6488530-06:00","Level":"Debug","MessageTemplate":"AuthenticationScheme: {AuthenticationScheme} was successfully authenticated.","TraceId":"34d47a4e3fdc6b135b051fd85dadeaf3","SpanId":"ef031f66d2f930ca","Properties":{"AuthenticationScheme":"IntegrationTest","EventId":{"Id":8,"Name":"AuthenticationSchemeAuthenticated"},"SourceContext":"CLARIHR.Api.IntegrationTests.TestAuthenticationHandler","SpanId":"ef031f66d2f930ca","TraceId":"34d47a4e3fdc6b135b051fd85dadeaf3","ParentId":"0000000000000000","RequestId":"0HNNRSTKGF7R1","RequestPath":"/api/v1/companies/1833f0a9-ccdd-45f1-a67d-bee106d6af11/organization-units","Environment":"Development","ProcessId":55047}}
{"Timestamp":"2026-08-16T16:40:54.6571820-06:00","Level":"Information","MessageTemplate":"HTTP {Method} {Path} -&gt; {StatusCode} in {ElapsedMs}ms | Tenant: {TenantId} | User: {UserId}","TraceId":"34d47a4e3fdc6b135b051fd85dadeaf3","SpanId":"ef031f66d2f930ca","Properties":{"Method":"POST","Path":"/api/v1/companies/1833f0a9-ccdd-45f1-a67d-bee106d6af11/organization-units","StatusCode":201,"ElapsedMs":8,"TenantId":"1833f0a9-ccdd-45f1-a67d-bee106d6af11","UserId":"11111111-1111-1111-1111-111111111111","SourceContext":"CLARIHR.Api.Middleware.RequestLoggingMiddleware","SpanId":"ef031f66d2f930ca","TraceId":"34d47a4e3fdc6b135b051fd85dadeaf3","ParentId":"0000000000000000","RequestId":"0HNNRSTKGF7R1","RequestPath":"/api/v1/companies/1833f0a9-ccdd-45f1-a67d-bee106d6af11/organization-units","RemoteIp":"unknown","Environment":"Development","ProcessId":55047}}
{"Timestamp":"2026-08-16T16:40:54.6572810-06:00","Level":"Information","MessageTemplate":"Request finished {Protocol} {Method} {Scheme}://{Host}{PathBase}{Path}{QueryString} - {StatusCode} {ContentLength} {ContentType} {ElapsedMilliseconds}ms","TraceId":"34d47a4e3fdc6b135b051fd85dadeaf3","SpanId":"ef031f66d2f930ca","Properties":{"ElapsedMilliseconds":8.5707,"StatusCode":201,"ContentType":"application/json; charset=utf-8","ContentLength":null,"Protocol":"HTTP/1.1","Method":"POST","Scheme":"http","Host":"localhost","PathBase":"","Path":"/api/v1/companies/1833f0a9-ccdd-45f1-a67d-bee106d6af11/organization-units","QueryString":"","EventId":{"Id":2},"SourceContext":"Microsoft.AspNetCore.Hosting.Diagnostics","SpanId":"ef031f66d2f930ca","TraceId":"34d47a4e3fdc6b135b051fd85dadeaf3","ParentId":"0000000000000000","RequestId":"0HNNRSTKGF7R1","RequestPath":"/api/v1/companies/1833f0a9-ccdd-45f1-a67d-bee106d6af11/organization-units","Environment":"Development","ProcessId":55047}}
{"Timestamp":"2026-08-16T16:40:54.6578920-06:00","Level":"Information","MessageTemplate":"Request starting {Protocol} {Method} {Scheme}://{Host}{PathBase}{Path}{QueryString} - {ContentType} {ContentLength}","TraceId":"82c5db5f6d67e3cca73f882ba45cca7c","SpanId":"ef016221e9a80a57","Properties":{"Protocol":"HTTP/1.1","Method":"PATCH","ContentType":"application/json; charset=utf-8","ContentLength":135,"Scheme":"http","Host":"localhost","PathBase":"","Path":"/api/v1/organization-units/fe66a126-ea13-4af6-8f92-224482298957/move","QueryString":"","EventId":{"Id":1},"SourceContext":"Microsoft.AspNetCore.Hosting.Diagnostics","SpanId":"ef016221e9a80a57","TraceId":"82c5db5f6d67e3cca73f882ba45cca7c","ParentId":"0000000000000000","RequestId":"0HNNRSTKGF7R2","RequestPath":"/api/v1/organization-units/fe66a126-ea13-4af6-8f92-224482298957/move","Environment":"Development","ProcessId":55047}}
{"Timestamp":"2026-08-16T16:40:54.6584530-06:00","Level":"Debug","MessageTemplate":"AuthenticationScheme: {AuthenticationScheme} was successfully authenticated.","TraceId":"82c5db5f6d67e3cca73f882ba45cca7c","SpanId":"ef016221e9a80a57","Properties":{"AuthenticationScheme":"IntegrationTest","EventId":{"Id":8,"Name":"AuthenticationSchemeAuthenticated"},"SourceContext":"CLARIHR.Api.IntegrationTests.TestAuthenticationHandler","SpanId":"ef016221e9a80a57","TraceId":"82c5db5f6d67e3cca73f882ba45cca7c","ParentId":"0000000000000000","RequestId":"0HNNRSTKGF7R2","RequestPath":"/api/v1/organization-units/fe66a126-ea13-4af6-8f92-224482298957/move","Environment":"Development","ProcessId":55047}}
{"Timestamp":"2026-08-16T16:40:54.6684250-06:00","Level":"Information","MessageTemplate":"HTTP {Method} {Path} -&gt; {StatusCode} in {ElapsedMs}ms | Tenant: {TenantId} | User: {UserId}","TraceId":"82c5db5f6d67e3cca73f882ba45cca7c","SpanId":"ef016221e9a80a57","Properties":{"Method":"PATCH","Path":"/api/v1/organization-units/fe66a126-ea13-4af6-8f92-224482298957/move","StatusCode":200,"ElapsedMs":9,"TenantId":"1833f0a9-ccdd-45f1-a67d-bee106d6af11","UserId":"11111111-1111-1111-1111-111111111111","SourceContext":"CLARIHR.Api.Middleware.RequestLoggingMiddleware","SpanId":"ef016221e9a80a57","TraceId":"82c5db5f6d67e3cca73f882ba45cca7c","ParentId":"0000000000000000","RequestId":"0HNNRSTKGF7R2","RequestPath":"/api/v1/organization-units/fe66a126-ea13-4af6-8f92-224482298957/move","RemoteIp":"unknown","Environment":"Development","ProcessId":55047}}
{"Timestamp":"2026-08-16T16:40:54.6685390-06:00","Level":"Information","MessageTemplate":"Request finished {Protocol} {Method} {Scheme}://{Host}{PathBase}{Path}{QueryString} - {StatusCode} {ContentLength} {ContentType} {ElapsedMilliseconds}ms","TraceId":"82c5db5f6d67e3cca73f882ba45cca7c","SpanId":"ef016221e9a80a57","Properties":{"ElapsedMilliseconds":10.6429,"StatusCode":200,"ContentType":"application/json; charset=utf-8","ContentLength":null,"Protocol":"HTTP/1.1","Method":"PATCH","Scheme":"http","Host":"localhost","PathBase":"","Path":"/api/v1/organization-units/fe66a126-ea13-4af6-8f92-224482298957/move","QueryString":"","EventId":{"Id":2},"SourceContext":"Microsoft.AspNetCore.Hosting.Diagnostics","SpanId":"ef016221e9a80a57","TraceId":"82c5db5f6d67e3cca73f882ba45cca7c","ParentId":"0000000000000000","RequestId":"0HNNRSTKGF7R2","RequestPath":"/api/v1/organization-units/fe66a126-ea13-4af6-8f92-224482298957/move","Environment":"Development","ProcessId":55047}}
{"Timestamp":"2026-08-16T16:40:54.7276890-06:00","Level":"Information","MessageTemplate":"Application is shutting down...","Properties":{"SourceContext":"Microsoft.Hosting.Lifetime","Environment":"Development","ProcessId":55047}}
[xUnit.net 00:00:51.39]   Finished:    CLARIHR.Api.IntegrationTests
</StdOut>
    </Output>
    <RunInfos>
      <RunInfo computerName="Mac" outcome="Error" timestamp="2026-08-16T16:40:46.3180640-06:00">
        <Text>[xUnit.net 00:00:42.97]     CLARIHR.Api.IntegrationTests.ApiIntegrationTests.OrgUnits_Move_WhenSubtreeHeightWouldExceedDepthLimit_ShouldReturn409Conflict [FAIL]</Text>
      </RunInfo>
    </RunInfos>
  </ResultSummary>
</TestRun>